[0.047s] Invoking command in '/app/build/px4': CMAKE_PREFIX_PATH=${CMAKE_PREFIX_PATH}:/opt/ros/jazzy /usr/bin/cmake /app/PX4-Autopilot -DAMENT_CMAKE_SYMLINK_INSTALL=1 -DCMAKE_INSTALL_PREFIX=/app/install/px4
[0.152s] -- PX4_GIT_TAG: v1.17.0-alpha1-1417-gc72a11fe9f
[0.155s] [33mCMake Warning (dev) at CMakeLists.txt:176 (find_package):
[0.156s]   Policy CMP0148 is not set: The FindPythonInterp and FindPythonLibs modules
[0.156s]   are removed.  Run "cmake --help-policy CMP0148" for policy details.  Use
[0.157s]   the cmake_policy command to set the policy and suppress this warning.
[0.157s] 
[0.157s] This warning is for project developers.  Use -Wno-dev to suppress it.
[0.158s] [0m
[0.236s] -- PX4 config file: /app/PX4-Autopilot/boards/px4/ros2/default.px4board
[0.875s] -- PLATFORM ros2
[0.876s] -- ROMFSROOT px4fmu_common
[0.881s] -- ROOT_PATH /fs/microsd
[0.882s] -- PARAM_FILE /fs/mtd_params
[0.950s] -- PX4 config: px4_ros2_default
[0.950s] -- PX4 platform: ros2
[0.967s] -- Found ament_cmake: 2.5.5 (/opt/ros/jazzy/share/ament_cmake/cmake)
[1.055s] -- Found Python3: /usr/bin/python3 (found version "3.12.3") found components: Interpreter 
[1.336s] -- Override CMake install command with custom implementation using symlinks instead of copying resources
[1.376s] -- Found rclcpp: 28.1.16 (/opt/ros/jazzy/share/rclcpp/cmake)
[1.485s] -- Found rosidl_generator_c: 4.6.7 (/opt/ros/jazzy/share/rosidl_generator_c/cmake)
[1.523s] -- Found rosidl_generator_cpp: 4.6.7 (/opt/ros/jazzy/share/rosidl_generator_cpp/cmake)
[1.577s] -- Using all available rosidl_typesupport_c: rosidl_typesupport_fastrtps_c;rosidl_typesupport_introspection_c
[1.635s] -- Using all available rosidl_typesupport_cpp: rosidl_typesupport_fastrtps_cpp;rosidl_typesupport_introspection_cpp
[1.924s] -- Found rmw_implementation_cmake: 7.3.3 (/opt/ros/jazzy/share/rmw_implementation_cmake/cmake)
[1.932s] -- Found rmw_fastrtps_cpp: 8.4.3 (/opt/ros/jazzy/share/rmw_fastrtps_cpp/cmake)
[2.201s] -- Using RMW implementation 'rmw_fastrtps_cpp' as default
[2.492s] -- Found rosidl_default_generators: 1.6.0 (/opt/ros/jazzy/share/rosidl_default_generators/cmake)
[2.524s] -- Found rosidl_adapter: 4.6.7 (/opt/ros/jazzy/share/rosidl_adapter/cmake)
[2.532s] -- Found std_msgs: 5.3.6 (/opt/ros/jazzy/share/std_msgs/cmake)
[2.650s] -- cmake build type: RelWithDebInfo
[2.784s] -- Adding fuzztest
[6.548s] -- Building without demo. To enable demo build use: -DWITH_DEMO=True
[7.522s] -- ROS_VERSION: 2
[7.522s] -- AMENT_PREFIX_PATH: /opt/ros/jazzy
[13.289s] -- Found ament_cmake_ros: 0.12.0 (/opt/ros/jazzy/share/ament_cmake_ros/cmake)
[14.208s] -- Using all available rosidl_typesupport_c: rosidl_typesupport_fastrtps_c;rosidl_typesupport_introspection_c
[14.528s] -- Using all available rosidl_typesupport_cpp: rosidl_typesupport_fastrtps_cpp;rosidl_typesupport_introspection_cpp
[14.540s] -- Found python_cmake_module: 0.11.1 (/opt/ros/jazzy/share/python_cmake_module/cmake)
[15.522s] -- Found Python3: /usr/bin/python3 (found version "3.12.3") found components: Interpreter Development NumPy Development.Module Development.Embed 
[16.110s] [31mCMake Error at cmake/package.cmake:104 (target_compile_definitions):
[16.110s]   target_compile_definitions called with non-compilable target type
[16.111s] Call Stack (most recent call first):
[16.111s]   CMakeLists.txt:515 (include)
[16.111s] 
[16.111s] [0m
[16.112s] -- PX4 SITL .deb version: 1.17.0~alpha1-noble (amd64)
[16.549s] -- Configuring incomplete, errors occurred!
[16.689s] Invoked command in '/app/build/px4' returned '1': CMAKE_PREFIX_PATH=${CMAKE_PREFIX_PATH}:/opt/ros/jazzy /usr/bin/cmake /app/PX4-Autopilot -DAMENT_CMAKE_SYMLINK_INSTALL=1 -DCMAKE_INSTALL_PREFIX=/app/install/px4
