running develop
running egg_info
creating aircraft_controller.egg-info
writing aircraft_controller.egg-info/PKG-INFO
writing dependency_links to aircraft_controller.egg-info/dependency_links.txt
writing entry points to aircraft_controller.egg-info/entry_points.txt
writing requirements to aircraft_controller.egg-info/requires.txt
writing top-level names to aircraft_controller.egg-info/top_level.txt
writing manifest file 'aircraft_controller.egg-info/SOURCES.txt'
reading manifest file 'aircraft_controller.egg-info/SOURCES.txt'
writing manifest file 'aircraft_controller.egg-info/SOURCES.txt'
running build_ext
Creating /app/install/aircraft_controller/lib/python3.12/site-packages/aircraft-controller.egg-link (link to .)
Installing ac_sample script to /app/install/aircraft_controller/lib/aircraft_controller

Installed /app/build/aircraft_controller
running symlink_data
creating /app/install/aircraft_controller/share/ament_index
creating /app/install/aircraft_controller/share/ament_index/resource_index
creating /app/install/aircraft_controller/share/ament_index/resource_index/packages
symbolically linking /app/build/aircraft_controller/resource/aircraft_controller -> /app/install/aircraft_controller/share/ament_index/resource_index/packages
symbolically linking /app/build/aircraft_controller/package.xml -> /app/install/aircraft_controller/share/aircraft_controller
