[2.469s] Invoking command in '/app/build/aircraft_controller': PYTHONPATH=/app/build/aircraft_controller/prefix_override:/usr/lib/python3/dist-packages/colcon_core/task/python/colcon_distutils_commands:/app/install/aircraft_controller/lib/python3.12/site-packages:/app/install/px4_msgs/lib/python3.12/site-packages:/app/install/aircraft_msgs/lib/python3.12/site-packages:/app/install/vision_processor/lib/python3.12/site-packages:/app/install/aircraft_controller/lib/python3.12/site-packages:/opt/ros/jazzy/lib/python3.12/site-packages /usr/bin/python3 -W ignore:setup.py install is deprecated -W ignore:easy_install command is deprecated setup.py develop --editable --build-directory /app/build/aircraft_controller/build --no-deps symlink_data
[3.366s] running develop
[3.844s] running egg_info
[3.845s] creating aircraft_controller.egg-info
[3.891s] writing aircraft_controller.egg-info/PKG-INFO
[3.892s] writing dependency_links to aircraft_controller.egg-info/dependency_links.txt
[3.892s] writing entry points to aircraft_controller.egg-info/entry_points.txt
[3.893s] writing requirements to aircraft_controller.egg-info/requires.txt
[3.893s] writing top-level names to aircraft_controller.egg-info/top_level.txt
[3.893s] writing manifest file 'aircraft_controller.egg-info/SOURCES.txt'
[3.986s] reading manifest file 'aircraft_controller.egg-info/SOURCES.txt'
[3.988s] writing manifest file 'aircraft_controller.egg-info/SOURCES.txt'
[4.036s] running build_ext
[4.036s] Creating /app/install/aircraft_controller/lib/python3.12/site-packages/aircraft-controller.egg-link (link to .)
[4.038s] Installing ac_sample script to /app/install/aircraft_controller/lib/aircraft_controller
[4.039s] 
[4.039s] Installed /app/build/aircraft_controller
[4.040s] running symlink_data
[4.040s] creating /app/install/aircraft_controller/share/ament_index
[4.040s] creating /app/install/aircraft_controller/share/ament_index/resource_index
[4.040s] creating /app/install/aircraft_controller/share/ament_index/resource_index/packages
[4.041s] symbolically linking /app/build/aircraft_controller/resource/aircraft_controller -> /app/install/aircraft_controller/share/ament_index/resource_index/packages
[4.041s] symbolically linking /app/build/aircraft_controller/package.xml -> /app/install/aircraft_controller/share/aircraft_controller
[4.126s] Invoked command in '/app/build/aircraft_controller' returned '0': PYTHONPATH=/app/build/aircraft_controller/prefix_override:/usr/lib/python3/dist-packages/colcon_core/task/python/colcon_distutils_commands:/app/install/aircraft_controller/lib/python3.12/site-packages:/app/install/px4_msgs/lib/python3.12/site-packages:/app/install/aircraft_msgs/lib/python3.12/site-packages:/app/install/vision_processor/lib/python3.12/site-packages:/app/install/aircraft_controller/lib/python3.12/site-packages:/opt/ros/jazzy/lib/python3.12/site-packages /usr/bin/python3 -W ignore:setup.py install is deprecated -W ignore:easy_install command is deprecated setup.py develop --editable --build-directory /app/build/aircraft_controller/build --no-deps symlink_data
