[0.067s] Invoking command in '/app/build/aircraft_msgs': CMAKE_PREFIX_PATH=${CMAKE_PREFIX_PATH}:/opt/ros/jazzy /usr/bin/cmake --build /app/build/aircraft_msgs -- -j20 -l20
[0.290s] [  2%] Built target aircraft_msgs__rosidl_generator_type_description
[0.329s] [  2%] Built target ament_cmake_python_symlink_aircraft_msgs
[0.361s] [  5%] Built target aircraft_msgs__cpp
[0.383s] [ 20%] Built target aircraft_msgs__rosidl_generator_c
[0.461s] [ 29%] Built target aircraft_msgs__rosidl_typesupport_c
[0.462s] [ 38%] Built target aircraft_msgs__rosidl_typesupport_introspection_c
[0.475s] [ 55%] Built target aircraft_msgs__rosidl_typesupport_cpp
[0.475s] [ 55%] Built target aircraft_msgs__rosidl_typesupport_introspection_cpp
[0.476s] [ 64%] Built target aircraft_msgs__rosidl_typesupport_fastrtps_c
[0.481s] [ 73%] Built target aircraft_msgs__rosidl_typesupport_fastrtps_cpp
[0.542s] [ 73%] Built target aircraft_msgs
[0.608s] [ 76%] Built target aircraft_msgs__py
[0.677s] [ 82%] Built target aircraft_msgs__rosidl_generator_py
[0.746s] [ 88%] Built target aircraft_msgs_s__rosidl_typesupport_fastrtps_c
[0.752s] [ 94%] Built target aircraft_msgs_s__rosidl_typesupport_c
[0.760s] [100%] Built target aircraft_msgs_s__rosidl_typesupport_introspection_c
[1.004s] running egg_info
[1.052s] writing aircraft_msgs.egg-info/PKG-INFO
[1.053s] writing dependency_links to aircraft_msgs.egg-info/dependency_links.txt
[1.053s] writing top-level names to aircraft_msgs.egg-info/top_level.txt
[1.189s] reading manifest file 'aircraft_msgs.egg-info/SOURCES.txt'
[1.191s] writing manifest file 'aircraft_msgs.egg-info/SOURCES.txt'
[1.278s] [100%] Built target ament_cmake_python_build_aircraft_msgs_egg
[1.312s] Invoked command in '/app/build/aircraft_msgs' returned '0': CMAKE_PREFIX_PATH=${CMAKE_PREFIX_PATH}:/opt/ros/jazzy /usr/bin/cmake --build /app/build/aircraft_msgs -- -j20 -l20
[1.339s] Invoking command in '/app/build/aircraft_msgs': CMAKE_PREFIX_PATH=${CMAKE_PREFIX_PATH}:/opt/ros/jazzy /usr/bin/cmake --install /app/build/aircraft_msgs
[1.362s] -- Install configuration: ""
[1.364s] -- Execute custom install script
[1.365s] -- Up-to-date symlink: /app/install/aircraft_msgs/share/ament_index/resource_index/rosidl_interfaces/aircraft_msgs
[1.366s] -- Up-to-date symlink: /app/install/aircraft_msgs/share/aircraft_msgs/msg/AircraftState.json
[1.368s] -- Up-to-date symlink: /app/install/aircraft_msgs/include/aircraft_msgs/aircraft_msgs/msg/aircraft_state.h
[1.368s] -- Up-to-date symlink: /app/install/aircraft_msgs/include/aircraft_msgs/aircraft_msgs/msg/detail/aircraft_state__functions.h
[1.369s] -- Up-to-date symlink: /app/install/aircraft_msgs/include/aircraft_msgs/aircraft_msgs/msg/detail/aircraft_state__struct.h
[1.369s] -- Up-to-date symlink: /app/install/aircraft_msgs/include/aircraft_msgs/aircraft_msgs/msg/detail/aircraft_state__type_support.h
[1.370s] -- Up-to-date symlink: /app/install/aircraft_msgs/include/aircraft_msgs/aircraft_msgs/msg/rosidl_generator_c__visibility_control.h
[1.370s] -- Up-to-date symlink: /app/install/aircraft_msgs/share/aircraft_msgs/environment/library_path.sh
[1.370s] -- Up-to-date symlink: /app/install/aircraft_msgs/share/aircraft_msgs/environment/library_path.dsv
[1.372s] -- Up-to-date symlink: /app/install/aircraft_msgs/include/aircraft_msgs/aircraft_msgs/msg/detail/aircraft_state__rosidl_typesupport_fastrtps_c.h
[1.373s] -- Up-to-date symlink: /app/install/aircraft_msgs/include/aircraft_msgs/aircraft_msgs/msg/rosidl_typesupport_fastrtps_c__visibility_control.h
[1.375s] -- Up-to-date symlink: /app/install/aircraft_msgs/include/aircraft_msgs/aircraft_msgs/msg/detail/aircraft_state__rosidl_typesupport_introspection_c.h
[1.375s] -- Up-to-date symlink: /app/install/aircraft_msgs/include/aircraft_msgs/aircraft_msgs/msg/rosidl_typesupport_introspection_c__visibility_control.h
[1.376s] -- Up-to-date symlink: /app/install/aircraft_msgs/include/aircraft_msgs/aircraft_msgs/msg/aircraft_state.hpp
[1.376s] -- Up-to-date symlink: /app/install/aircraft_msgs/include/aircraft_msgs/aircraft_msgs/msg/detail/aircraft_state__builder.hpp
[1.377s] -- Up-to-date symlink: /app/install/aircraft_msgs/include/aircraft_msgs/aircraft_msgs/msg/detail/aircraft_state__struct.hpp
[1.377s] -- Up-to-date symlink: /app/install/aircraft_msgs/include/aircraft_msgs/aircraft_msgs/msg/detail/aircraft_state__traits.hpp
[1.377s] -- Up-to-date symlink: /app/install/aircraft_msgs/include/aircraft_msgs/aircraft_msgs/msg/detail/aircraft_state__type_support.hpp
[1.378s] -- Up-to-date symlink: /app/install/aircraft_msgs/include/aircraft_msgs/aircraft_msgs/msg/rosidl_generator_cpp__visibility_control.hpp
[1.379s] -- Up-to-date symlink: /app/install/aircraft_msgs/include/aircraft_msgs/aircraft_msgs/msg/detail/aircraft_state__rosidl_typesupport_fastrtps_cpp.hpp
[1.379s] -- Up-to-date symlink: /app/install/aircraft_msgs/include/aircraft_msgs/aircraft_msgs/msg/rosidl_typesupport_fastrtps_cpp__visibility_control.h
[1.380s] -- Up-to-date symlink: /app/install/aircraft_msgs/include/aircraft_msgs/aircraft_msgs/msg/detail/aircraft_state__rosidl_typesupport_introspection_cpp.hpp
[1.381s] -- Up-to-date symlink: /app/install/aircraft_msgs/share/aircraft_msgs/environment/pythonpath.sh
[1.381s] -- Up-to-date symlink: /app/install/aircraft_msgs/share/aircraft_msgs/environment/pythonpath.dsv
[1.382s] -- Up-to-date symlink: /app/install/aircraft_msgs/lib/python3.12/site-packages/aircraft_msgs-0.0.1-py3.12.egg-info/PKG-INFO
[1.383s] -- Up-to-date symlink: /app/install/aircraft_msgs/lib/python3.12/site-packages/aircraft_msgs-0.0.1-py3.12.egg-info/SOURCES.txt
[1.383s] -- Up-to-date symlink: /app/install/aircraft_msgs/lib/python3.12/site-packages/aircraft_msgs-0.0.1-py3.12.egg-info/dependency_links.txt
[1.383s] -- Up-to-date symlink: /app/install/aircraft_msgs/lib/python3.12/site-packages/aircraft_msgs-0.0.1-py3.12.egg-info/top_level.txt
[1.384s] -- Up-to-date symlink: /app/install/aircraft_msgs/lib/python3.12/site-packages/aircraft_msgs/__init__.py
[1.385s] -- Up-to-date symlink: /app/install/aircraft_msgs/lib/python3.12/site-packages/aircraft_msgs/_aircraft_msgs_s.ep.rosidl_typesupport_c.c
[1.385s] -- Up-to-date symlink: /app/install/aircraft_msgs/lib/python3.12/site-packages/aircraft_msgs/_aircraft_msgs_s.ep.rosidl_typesupport_fastrtps_c.c
[1.385s] -- Up-to-date symlink: /app/install/aircraft_msgs/lib/python3.12/site-packages/aircraft_msgs/_aircraft_msgs_s.ep.rosidl_typesupport_introspection_c.c
[1.386s] -- Up-to-date symlink: /app/install/aircraft_msgs/lib/python3.12/site-packages/aircraft_msgs/aircraft_msgs_s__rosidl_typesupport_c.so
[1.386s] -- Up-to-date symlink: /app/install/aircraft_msgs/lib/python3.12/site-packages/aircraft_msgs/aircraft_msgs_s__rosidl_typesupport_fastrtps_c.so
[1.387s] -- Up-to-date symlink: /app/install/aircraft_msgs/lib/python3.12/site-packages/aircraft_msgs/aircraft_msgs_s__rosidl_typesupport_introspection_c.so
[1.388s] -- Up-to-date symlink: /app/install/aircraft_msgs/lib/python3.12/site-packages/aircraft_msgs/msg/__init__.py
[1.388s] -- Up-to-date symlink: /app/install/aircraft_msgs/lib/python3.12/site-packages/aircraft_msgs/msg/_aircraft_state.py
[1.388s] -- Up-to-date symlink: /app/install/aircraft_msgs/lib/python3.12/site-packages/aircraft_msgs/msg/_aircraft_state_s.c
[1.390s] -- Up-to-date symlink: /app/install/aircraft_msgs/lib/python3.12/site-packages/aircraft_msgs/aircraft_msgs_s__rosidl_typesupport_fastrtps_c.so
[1.391s] -- Up-to-date symlink: /app/install/aircraft_msgs/lib/python3.12/site-packages/aircraft_msgs/aircraft_msgs_s__rosidl_typesupport_introspection_c.so
[1.392s] -- Up-to-date symlink: /app/install/aircraft_msgs/lib/python3.12/site-packages/aircraft_msgs/aircraft_msgs_s__rosidl_typesupport_c.so
[1.393s] -- Up-to-date symlink: /app/install/aircraft_msgs/share/aircraft_msgs/msg/AircraftState.idl
[1.393s] -- Up-to-date symlink: /app/install/aircraft_msgs/share/aircraft_msgs/msg/AircraftState.msg
[1.394s] -- Up-to-date symlink: /app/install/aircraft_msgs/share/ament_index/resource_index/package_run_dependencies/aircraft_msgs
[1.394s] -- Up-to-date symlink: /app/install/aircraft_msgs/share/ament_index/resource_index/parent_prefix_path/aircraft_msgs
[1.395s] -- Up-to-date symlink: /app/install/aircraft_msgs/share/aircraft_msgs/environment/ament_prefix_path.sh
[1.396s] -- Up-to-date symlink: /app/install/aircraft_msgs/share/aircraft_msgs/environment/ament_prefix_path.dsv
[1.396s] -- Up-to-date symlink: /app/install/aircraft_msgs/share/aircraft_msgs/environment/path.sh
[1.397s] -- Up-to-date symlink: /app/install/aircraft_msgs/share/aircraft_msgs/environment/path.dsv
[1.397s] -- Up-to-date symlink: /app/install/aircraft_msgs/share/aircraft_msgs/local_setup.bash
[1.398s] -- Up-to-date symlink: /app/install/aircraft_msgs/share/aircraft_msgs/local_setup.sh
[1.398s] -- Up-to-date symlink: /app/install/aircraft_msgs/share/aircraft_msgs/local_setup.zsh
[1.399s] -- Up-to-date symlink: /app/install/aircraft_msgs/share/aircraft_msgs/local_setup.dsv
[1.399s] -- Symlinking: /app/install/aircraft_msgs/share/aircraft_msgs/package.dsv
[1.426s] -- Up-to-date symlink: /app/install/aircraft_msgs/share/ament_index/resource_index/packages/aircraft_msgs
[1.427s] -- Up-to-date symlink: /app/install/aircraft_msgs/share/aircraft_msgs/cmake/rosidl_cmake-extras.cmake
[1.427s] -- Up-to-date symlink: /app/install/aircraft_msgs/share/aircraft_msgs/cmake/ament_cmake_export_dependencies-extras.cmake
[1.428s] -- Up-to-date symlink: /app/install/aircraft_msgs/share/aircraft_msgs/cmake/ament_cmake_export_include_directories-extras.cmake
[1.428s] -- Up-to-date symlink: /app/install/aircraft_msgs/share/aircraft_msgs/cmake/ament_cmake_export_libraries-extras.cmake
[1.429s] -- Up-to-date symlink: /app/install/aircraft_msgs/share/aircraft_msgs/cmake/ament_cmake_export_targets-extras.cmake
[1.430s] -- Up-to-date symlink: /app/install/aircraft_msgs/share/aircraft_msgs/cmake/rosidl_cmake_export_typesupport_targets-extras.cmake
[1.431s] -- Up-to-date symlink: /app/install/aircraft_msgs/share/aircraft_msgs/cmake/rosidl_cmake_export_typesupport_libraries-extras.cmake
[1.431s] -- Up-to-date symlink: /app/install/aircraft_msgs/share/aircraft_msgs/cmake/aircraft_msgsConfig.cmake
[1.432s] -- Up-to-date symlink: /app/install/aircraft_msgs/share/aircraft_msgs/cmake/aircraft_msgsConfig-version.cmake
[1.432s] -- Up-to-date symlink: /app/install/aircraft_msgs/share/aircraft_msgs/package.xml
[1.433s] -- Up-to-date: /app/install/aircraft_msgs/lib/libaircraft_msgs__rosidl_generator_c.so
[1.434s] -- Up-to-date: /app/install/aircraft_msgs/lib/libaircraft_msgs__rosidl_typesupport_fastrtps_c.so
[1.435s] -- Up-to-date: /app/install/aircraft_msgs/lib/libaircraft_msgs__rosidl_typesupport_introspection_c.so
[1.436s] -- Up-to-date: /app/install/aircraft_msgs/lib/libaircraft_msgs__rosidl_typesupport_c.so
[1.439s] -- Up-to-date: /app/install/aircraft_msgs/lib/libaircraft_msgs__rosidl_typesupport_fastrtps_cpp.so
[1.440s] -- Up-to-date: /app/install/aircraft_msgs/lib/libaircraft_msgs__rosidl_typesupport_introspection_cpp.so
[1.441s] -- Up-to-date: /app/install/aircraft_msgs/lib/libaircraft_msgs__rosidl_typesupport_cpp.so
[1.567s] Listing '/app/install/aircraft_msgs/lib/python3.12/site-packages/aircraft_msgs'...
[1.568s] Listing '/app/install/aircraft_msgs/lib/python3.12/site-packages/aircraft_msgs/msg'...
[1.589s] -- Up-to-date: /app/install/aircraft_msgs/lib/libaircraft_msgs__rosidl_generator_py.so
[1.589s] -- Up-to-date: /app/install/aircraft_msgs/share/aircraft_msgs/cmake/export_aircraft_msgs__rosidl_generator_cExport.cmake
[1.589s] -- Up-to-date: /app/install/aircraft_msgs/share/aircraft_msgs/cmake/export_aircraft_msgs__rosidl_generator_cExport-noconfig.cmake
[1.590s] -- Up-to-date: /app/install/aircraft_msgs/share/aircraft_msgs/cmake/export_aircraft_msgs__rosidl_typesupport_fastrtps_cExport.cmake
[1.590s] -- Up-to-date: /app/install/aircraft_msgs/share/aircraft_msgs/cmake/export_aircraft_msgs__rosidl_typesupport_fastrtps_cExport-noconfig.cmake
[1.591s] -- Up-to-date: /app/install/aircraft_msgs/share/aircraft_msgs/cmake/aircraft_msgs__rosidl_typesupport_introspection_cExport.cmake
[1.591s] -- Up-to-date: /app/install/aircraft_msgs/share/aircraft_msgs/cmake/aircraft_msgs__rosidl_typesupport_introspection_cExport-noconfig.cmake
[1.593s] -- Up-to-date: /app/install/aircraft_msgs/share/aircraft_msgs/cmake/aircraft_msgs__rosidl_typesupport_cExport.cmake
[1.594s] -- Up-to-date: /app/install/aircraft_msgs/share/aircraft_msgs/cmake/aircraft_msgs__rosidl_typesupport_cExport-noconfig.cmake
[1.594s] -- Up-to-date: /app/install/aircraft_msgs/share/aircraft_msgs/cmake/export_aircraft_msgs__rosidl_generator_cppExport.cmake
[1.595s] -- Up-to-date: /app/install/aircraft_msgs/share/aircraft_msgs/cmake/export_aircraft_msgs__rosidl_typesupport_fastrtps_cppExport.cmake
[1.596s] -- Up-to-date: /app/install/aircraft_msgs/share/aircraft_msgs/cmake/export_aircraft_msgs__rosidl_typesupport_fastrtps_cppExport-noconfig.cmake
[1.596s] -- Up-to-date: /app/install/aircraft_msgs/share/aircraft_msgs/cmake/aircraft_msgs__rosidl_typesupport_introspection_cppExport.cmake
[1.596s] -- Up-to-date: /app/install/aircraft_msgs/share/aircraft_msgs/cmake/aircraft_msgs__rosidl_typesupport_introspection_cppExport-noconfig.cmake
[1.597s] -- Up-to-date: /app/install/aircraft_msgs/share/aircraft_msgs/cmake/aircraft_msgs__rosidl_typesupport_cppExport.cmake
[1.597s] -- Up-to-date: /app/install/aircraft_msgs/share/aircraft_msgs/cmake/aircraft_msgs__rosidl_typesupport_cppExport-noconfig.cmake
[1.598s] -- Up-to-date: /app/install/aircraft_msgs/share/aircraft_msgs/cmake/export_aircraft_msgs__rosidl_generator_pyExport.cmake
[1.598s] -- Up-to-date: /app/install/aircraft_msgs/share/aircraft_msgs/cmake/export_aircraft_msgs__rosidl_generator_pyExport-noconfig.cmake
[1.604s] Invoked command in '/app/build/aircraft_msgs' returned '0': CMAKE_PREFIX_PATH=${CMAKE_PREFIX_PATH}:/opt/ros/jazzy /usr/bin/cmake --install /app/build/aircraft_msgs
