[0.588s] DEBUG:colcon:Command line arguments: ['/usr/bin/colcon', 'build', '--symlink-install']
[0.588s] DEBUG:colcon:Parsed command line arguments: Namespace(log_base=None, log_level=None, verb_name='build', build_base='build', install_base='install', merge_install=False, symlink_install=True, test_result_base=None, continue_on_error=False, executor='parallel', parallel_workers=20, event_handlers=None, ignore_user_meta=False, metas=['./colcon.meta'], base_paths=['.'], packages_ignore=None, packages_ignore_regex=None, paths=None, packages_up_to=None, packages_up_to_regex=None, packages_above=None, packages_above_and_dependencies=None, packages_above_depth=None, packages_select_by_dep=None, packages_skip_by_dep=None, packages_skip_up_to=None, packages_select_build_failed=False, packages_skip_build_finished=False, packages_select_test_failures=False, packages_skip_test_passed=False, packages_select=None, packages_skip=None, packages_select_regex=None, packages_skip_regex=None, packages_start=None, packages_end=None, cmake_args=None, cmake_target=None, cmake_target_skip_unavailable=False, cmake_clean_cache=False, cmake_clean_first=False, cmake_force_configure=False, ament_cmake_args=None, catkin_cmake_args=None, catkin_skip_building_tests=False, mixin_files=None, mixin=None, verb_parser=<colcon_mixin.mixin.mixin_argument.MixinArgumentDecorator object at 0x765f1b5f4380>, verb_extension=<colcon_core.verb.build.BuildVerb object at 0x765f1c116540>, main=<bound method BuildVerb.main of <colcon_core.verb.build.BuildVerb object at 0x765f1c116540>>, mixin_verb=('build',))
[0.768s] Level 1:colcon.colcon_core.package_discovery:discover_packages(colcon_meta) check parameters
[0.769s] Level 1:colcon.colcon_core.package_discovery:discover_packages(recursive) check parameters
[0.769s] Level 1:colcon.colcon_core.package_discovery:discover_packages(ignore) check parameters
[0.769s] Level 1:colcon.colcon_core.package_discovery:discover_packages(path) check parameters
[0.769s] Level 1:colcon.colcon_core.package_discovery:discover_packages(colcon_meta) discover
[0.769s] Level 1:colcon.colcon_core.package_discovery:discover_packages(recursive) discover
[0.769s] INFO:colcon.colcon_core.package_discovery:Crawling recursively for packages in '/app'
[0.770s] Level 1:colcon.colcon_core.package_identification:_identify(.) by extensions ['ignore', 'ignore_ament_install']
[0.770s] Level 1:colcon.colcon_core.package_identification:_identify(.) by extension 'ignore'
[0.771s] Level 1:colcon.colcon_core.package_identification:_identify(.) by extension 'ignore_ament_install'
[0.771s] Level 1:colcon.colcon_core.package_identification:_identify(.) by extensions ['colcon_pkg']
[0.771s] Level 1:colcon.colcon_core.package_identification:_identify(.) by extension 'colcon_pkg'
[0.771s] Level 1:colcon.colcon_core.package_identification:_identify(.) by extensions ['colcon_meta']
[0.771s] Level 1:colcon.colcon_core.package_identification:_identify(.) by extension 'colcon_meta'
[0.772s] Level 1:colcon.colcon_core.package_identification:_identify(.) by extensions ['ros']
[0.772s] Level 1:colcon.colcon_core.package_identification:_identify(.) by extension 'ros'
[0.875s] Level 1:colcon.colcon_core.package_identification:_identify(.) by extensions ['cmake', 'python']
[0.876s] Level 1:colcon.colcon_core.package_identification:_identify(.) by extension 'cmake'
[0.876s] Level 1:colcon.colcon_core.package_identification:_identify(.) by extension 'python'
[0.876s] Level 1:colcon.colcon_core.package_identification:_identify(.) by extensions ['python_setup_py']
[0.876s] Level 1:colcon.colcon_core.package_identification:_identify(.) by extension 'python_setup_py'
[0.877s] Level 1:colcon.colcon_core.package_identification:_identify(PX4-Autopilot) by extensions ['ignore', 'ignore_ament_install']
[0.877s] Level 1:colcon.colcon_core.package_identification:_identify(PX4-Autopilot) by extension 'ignore'
[0.877s] Level 1:colcon.colcon_core.package_identification:_identify(PX4-Autopilot) by extension 'ignore_ament_install'
[0.877s] Level 1:colcon.colcon_core.package_identification:_identify(PX4-Autopilot) by extensions ['colcon_pkg']
[0.877s] Level 1:colcon.colcon_core.package_identification:_identify(PX4-Autopilot) by extension 'colcon_pkg'
[0.878s] Level 1:colcon.colcon_core.package_identification:_identify(PX4-Autopilot) by extensions ['colcon_meta']
[0.878s] Level 1:colcon.colcon_core.package_identification:_identify(PX4-Autopilot) by extension 'colcon_meta'
[0.878s] Level 1:colcon.colcon_core.package_identification:_identify(PX4-Autopilot) by extensions ['ros']
[0.878s] Level 1:colcon.colcon_core.package_identification:_identify(PX4-Autopilot) by extension 'ros'
[0.888s] DEBUG:colcon.colcon_core.package_identification:Package 'PX4-Autopilot' with type 'ros.ament_cmake' and name 'px4'
[0.889s] Level 1:colcon.colcon_core.package_identification:_identify(build) by extensions ['ignore', 'ignore_ament_install']
[0.889s] Level 1:colcon.colcon_core.package_identification:_identify(build) by extension 'ignore'
[0.889s] Level 1:colcon.colcon_core.package_identification:_identify(build) ignored
[0.890s] Level 1:colcon.colcon_core.package_identification:_identify(docker) by extensions ['ignore', 'ignore_ament_install']
[0.890s] Level 1:colcon.colcon_core.package_identification:_identify(docker) by extension 'ignore'
[0.890s] Level 1:colcon.colcon_core.package_identification:_identify(docker) by extension 'ignore_ament_install'
[0.890s] Level 1:colcon.colcon_core.package_identification:_identify(docker) by extensions ['colcon_pkg']
[0.890s] Level 1:colcon.colcon_core.package_identification:_identify(docker) by extension 'colcon_pkg'
[0.890s] Level 1:colcon.colcon_core.package_identification:_identify(docker) by extensions ['colcon_meta']
[0.891s] Level 1:colcon.colcon_core.package_identification:_identify(docker) by extension 'colcon_meta'
[0.891s] Level 1:colcon.colcon_core.package_identification:_identify(docker) by extensions ['ros']
[0.891s] Level 1:colcon.colcon_core.package_identification:_identify(docker) by extension 'ros'
[0.891s] Level 1:colcon.colcon_core.package_identification:_identify(docker) by extensions ['cmake', 'python']
[0.891s] Level 1:colcon.colcon_core.package_identification:_identify(docker) by extension 'cmake'
[0.891s] Level 1:colcon.colcon_core.package_identification:_identify(docker) by extension 'python'
[0.891s] Level 1:colcon.colcon_core.package_identification:_identify(docker) by extensions ['python_setup_py']
[0.891s] Level 1:colcon.colcon_core.package_identification:_identify(docker) by extension 'python_setup_py'
[0.892s] Level 1:colcon.colcon_core.package_identification:_identify(docker/px4_sim) by extensions ['ignore', 'ignore_ament_install']
[0.892s] Level 1:colcon.colcon_core.package_identification:_identify(docker/px4_sim) by extension 'ignore'
[0.892s] Level 1:colcon.colcon_core.package_identification:_identify(docker/px4_sim) by extension 'ignore_ament_install'
[0.892s] Level 1:colcon.colcon_core.package_identification:_identify(docker/px4_sim) by extensions ['colcon_pkg']
[0.892s] Level 1:colcon.colcon_core.package_identification:_identify(docker/px4_sim) by extension 'colcon_pkg'
[0.892s] Level 1:colcon.colcon_core.package_identification:_identify(docker/px4_sim) by extensions ['colcon_meta']
[0.893s] Level 1:colcon.colcon_core.package_identification:_identify(docker/px4_sim) by extension 'colcon_meta'
[0.893s] Level 1:colcon.colcon_core.package_identification:_identify(docker/px4_sim) by extensions ['ros']
[0.893s] Level 1:colcon.colcon_core.package_identification:_identify(docker/px4_sim) by extension 'ros'
[0.893s] Level 1:colcon.colcon_core.package_identification:_identify(docker/px4_sim) by extensions ['cmake', 'python']
[0.893s] Level 1:colcon.colcon_core.package_identification:_identify(docker/px4_sim) by extension 'cmake'
[0.893s] Level 1:colcon.colcon_core.package_identification:_identify(docker/px4_sim) by extension 'python'
[0.893s] Level 1:colcon.colcon_core.package_identification:_identify(docker/px4_sim) by extensions ['python_setup_py']
[0.893s] Level 1:colcon.colcon_core.package_identification:_identify(docker/px4_sim) by extension 'python_setup_py'
[0.894s] Level 1:colcon.colcon_core.package_identification:_identify(docker/ros2) by extensions ['ignore', 'ignore_ament_install']
[0.894s] Level 1:colcon.colcon_core.package_identification:_identify(docker/ros2) by extension 'ignore'
[0.894s] Level 1:colcon.colcon_core.package_identification:_identify(docker/ros2) by extension 'ignore_ament_install'
[0.894s] Level 1:colcon.colcon_core.package_identification:_identify(docker/ros2) by extensions ['colcon_pkg']
[0.894s] Level 1:colcon.colcon_core.package_identification:_identify(docker/ros2) by extension 'colcon_pkg'
[0.894s] Level 1:colcon.colcon_core.package_identification:_identify(docker/ros2) by extensions ['colcon_meta']
[0.894s] Level 1:colcon.colcon_core.package_identification:_identify(docker/ros2) by extension 'colcon_meta'
[0.895s] Level 1:colcon.colcon_core.package_identification:_identify(docker/ros2) by extensions ['ros']
[0.895s] Level 1:colcon.colcon_core.package_identification:_identify(docker/ros2) by extension 'ros'
[0.895s] Level 1:colcon.colcon_core.package_identification:_identify(docker/ros2) by extensions ['cmake', 'python']
[0.895s] Level 1:colcon.colcon_core.package_identification:_identify(docker/ros2) by extension 'cmake'
[0.895s] Level 1:colcon.colcon_core.package_identification:_identify(docker/ros2) by extension 'python'
[0.895s] Level 1:colcon.colcon_core.package_identification:_identify(docker/ros2) by extensions ['python_setup_py']
[0.895s] Level 1:colcon.colcon_core.package_identification:_identify(docker/ros2) by extension 'python_setup_py'
[0.895s] Level 1:colcon.colcon_core.package_identification:_identify(docs) by extensions ['ignore', 'ignore_ament_install']
[0.896s] Level 1:colcon.colcon_core.package_identification:_identify(docs) by extension 'ignore'
[0.896s] Level 1:colcon.colcon_core.package_identification:_identify(docs) by extension 'ignore_ament_install'
[0.896s] Level 1:colcon.colcon_core.package_identification:_identify(docs) by extensions ['colcon_pkg']
[0.896s] Level 1:colcon.colcon_core.package_identification:_identify(docs) by extension 'colcon_pkg'
[0.896s] Level 1:colcon.colcon_core.package_identification:_identify(docs) by extensions ['colcon_meta']
[0.896s] Level 1:colcon.colcon_core.package_identification:_identify(docs) by extension 'colcon_meta'
[0.896s] Level 1:colcon.colcon_core.package_identification:_identify(docs) by extensions ['ros']
[0.896s] Level 1:colcon.colcon_core.package_identification:_identify(docs) by extension 'ros'
[0.896s] Level 1:colcon.colcon_core.package_identification:_identify(docs) by extensions ['cmake', 'python']
[0.897s] Level 1:colcon.colcon_core.package_identification:_identify(docs) by extension 'cmake'
[0.897s] Level 1:colcon.colcon_core.package_identification:_identify(docs) by extension 'python'
[0.897s] Level 1:colcon.colcon_core.package_identification:_identify(docs) by extensions ['python_setup_py']
[0.897s] Level 1:colcon.colcon_core.package_identification:_identify(docs) by extension 'python_setup_py'
[0.897s] Level 1:colcon.colcon_core.package_identification:_identify(install) by extensions ['ignore', 'ignore_ament_install']
[0.897s] Level 1:colcon.colcon_core.package_identification:_identify(install) by extension 'ignore'
[0.897s] Level 1:colcon.colcon_core.package_identification:_identify(install) ignored
[0.898s] Level 1:colcon.colcon_core.package_identification:_identify(log) by extensions ['ignore', 'ignore_ament_install']
[0.898s] Level 1:colcon.colcon_core.package_identification:_identify(log) by extension 'ignore'
[0.898s] Level 1:colcon.colcon_core.package_identification:_identify(log) ignored
[0.898s] Level 1:colcon.colcon_core.package_identification:_identify(src) by extensions ['ignore', 'ignore_ament_install']
[0.898s] Level 1:colcon.colcon_core.package_identification:_identify(src) by extension 'ignore'
[0.899s] Level 1:colcon.colcon_core.package_identification:_identify(src) by extension 'ignore_ament_install'
[0.899s] Level 1:colcon.colcon_core.package_identification:_identify(src) by extensions ['colcon_pkg']
[0.899s] Level 1:colcon.colcon_core.package_identification:_identify(src) by extension 'colcon_pkg'
[0.900s] Level 1:colcon.colcon_core.package_identification:_identify(src) by extensions ['colcon_meta']
[0.900s] Level 1:colcon.colcon_core.package_identification:_identify(src) by extension 'colcon_meta'
[0.900s] Level 1:colcon.colcon_core.package_identification:_identify(src) by extensions ['ros']
[0.900s] Level 1:colcon.colcon_core.package_identification:_identify(src) by extension 'ros'
[0.901s] Level 1:colcon.colcon_core.package_identification:_identify(src) by extensions ['cmake', 'python']
[0.901s] Level 1:colcon.colcon_core.package_identification:_identify(src) by extension 'cmake'
[0.901s] Level 1:colcon.colcon_core.package_identification:_identify(src) by extension 'python'
[0.901s] Level 1:colcon.colcon_core.package_identification:_identify(src) by extensions ['python_setup_py']
[0.901s] Level 1:colcon.colcon_core.package_identification:_identify(src) by extension 'python_setup_py'
[0.902s] Level 1:colcon.colcon_core.package_identification:_identify(src/aircraft_controller) by extensions ['ignore', 'ignore_ament_install']
[0.902s] Level 1:colcon.colcon_core.package_identification:_identify(src/aircraft_controller) by extension 'ignore'
[0.902s] Level 1:colcon.colcon_core.package_identification:_identify(src/aircraft_controller) by extension 'ignore_ament_install'
[0.903s] Level 1:colcon.colcon_core.package_identification:_identify(src/aircraft_controller) by extensions ['colcon_pkg']
[0.903s] Level 1:colcon.colcon_core.package_identification:_identify(src/aircraft_controller) by extension 'colcon_pkg'
[0.903s] Level 1:colcon.colcon_core.package_identification:_identify(src/aircraft_controller) by extensions ['colcon_meta']
[0.903s] Level 1:colcon.colcon_core.package_identification:_identify(src/aircraft_controller) by extension 'colcon_meta'
[0.903s] Level 1:colcon.colcon_core.package_identification:_identify(src/aircraft_controller) by extensions ['ros']
[0.904s] Level 1:colcon.colcon_core.package_identification:_identify(src/aircraft_controller) by extension 'ros'
[0.906s] DEBUG:colcon.colcon_core.package_identification:Package 'src/aircraft_controller' with type 'ros.ament_python' and name 'aircraft_controller'
[0.907s] Level 1:colcon.colcon_core.package_identification:_identify(src/aircraft_msgs) by extensions ['ignore', 'ignore_ament_install']
[0.907s] Level 1:colcon.colcon_core.package_identification:_identify(src/aircraft_msgs) by extension 'ignore'
[0.907s] Level 1:colcon.colcon_core.package_identification:_identify(src/aircraft_msgs) by extension 'ignore_ament_install'
[0.908s] Level 1:colcon.colcon_core.package_identification:_identify(src/aircraft_msgs) by extensions ['colcon_pkg']
[0.908s] Level 1:colcon.colcon_core.package_identification:_identify(src/aircraft_msgs) by extension 'colcon_pkg'
[0.908s] Level 1:colcon.colcon_core.package_identification:_identify(src/aircraft_msgs) by extensions ['colcon_meta']
[0.908s] Level 1:colcon.colcon_core.package_identification:_identify(src/aircraft_msgs) by extension 'colcon_meta'
[0.908s] Level 1:colcon.colcon_core.package_identification:_identify(src/aircraft_msgs) by extensions ['ros']
[0.908s] Level 1:colcon.colcon_core.package_identification:_identify(src/aircraft_msgs) by extension 'ros'
[0.910s] DEBUG:colcon.colcon_core.package_identification:Package 'src/aircraft_msgs' with type 'ros.ament_cmake' and name 'aircraft_msgs'
[0.911s] Level 1:colcon.colcon_core.package_identification:_identify(src/px4_msgs) by extensions ['ignore', 'ignore_ament_install']
[0.911s] Level 1:colcon.colcon_core.package_identification:_identify(src/px4_msgs) by extension 'ignore'
[0.911s] Level 1:colcon.colcon_core.package_identification:_identify(src/px4_msgs) by extension 'ignore_ament_install'
[0.911s] Level 1:colcon.colcon_core.package_identification:_identify(src/px4_msgs) by extensions ['colcon_pkg']
[0.912s] Level 1:colcon.colcon_core.package_identification:_identify(src/px4_msgs) by extension 'colcon_pkg'
[0.912s] Level 1:colcon.colcon_core.package_identification:_identify(src/px4_msgs) by extensions ['colcon_meta']
[0.912s] Level 1:colcon.colcon_core.package_identification:_identify(src/px4_msgs) by extension 'colcon_meta'
[0.912s] Level 1:colcon.colcon_core.package_identification:_identify(src/px4_msgs) by extensions ['ros']
[0.912s] Level 1:colcon.colcon_core.package_identification:_identify(src/px4_msgs) by extension 'ros'
[0.915s] DEBUG:colcon.colcon_core.package_identification:Package 'src/px4_msgs' with type 'ros.ament_cmake' and name 'px4_msgs'
[0.915s] Level 1:colcon.colcon_core.package_identification:_identify(src/vision_processor) by extensions ['ignore', 'ignore_ament_install']
[0.916s] Level 1:colcon.colcon_core.package_identification:_identify(src/vision_processor) by extension 'ignore'
[0.916s] Level 1:colcon.colcon_core.package_identification:_identify(src/vision_processor) by extension 'ignore_ament_install'
[0.916s] Level 1:colcon.colcon_core.package_identification:_identify(src/vision_processor) by extensions ['colcon_pkg']
[0.917s] Level 1:colcon.colcon_core.package_identification:_identify(src/vision_processor) by extension 'colcon_pkg'
[0.917s] Level 1:colcon.colcon_core.package_identification:_identify(src/vision_processor) by extensions ['colcon_meta']
[0.917s] Level 1:colcon.colcon_core.package_identification:_identify(src/vision_processor) by extension 'colcon_meta'
[0.917s] Level 1:colcon.colcon_core.package_identification:_identify(src/vision_processor) by extensions ['ros']
[0.917s] Level 1:colcon.colcon_core.package_identification:_identify(src/vision_processor) by extension 'ros'
[0.919s] DEBUG:colcon.colcon_core.package_identification:Package 'src/vision_processor' with type 'ros.ament_python' and name 'vision_processor'
[0.920s] Level 1:colcon.colcon_core.package_identification:_identify(tools) by extensions ['ignore', 'ignore_ament_install']
[0.920s] Level 1:colcon.colcon_core.package_identification:_identify(tools) by extension 'ignore'
[0.920s] Level 1:colcon.colcon_core.package_identification:_identify(tools) by extension 'ignore_ament_install'
[0.920s] Level 1:colcon.colcon_core.package_identification:_identify(tools) by extensions ['colcon_pkg']
[0.921s] Level 1:colcon.colcon_core.package_identification:_identify(tools) by extension 'colcon_pkg'
[0.921s] Level 1:colcon.colcon_core.package_identification:_identify(tools) by extensions ['colcon_meta']
[0.921s] Level 1:colcon.colcon_core.package_identification:_identify(tools) by extension 'colcon_meta'
[0.921s] Level 1:colcon.colcon_core.package_identification:_identify(tools) by extensions ['ros']
[0.921s] Level 1:colcon.colcon_core.package_identification:_identify(tools) by extension 'ros'
[0.922s] Level 1:colcon.colcon_core.package_identification:_identify(tools) by extensions ['cmake', 'python']
[0.922s] Level 1:colcon.colcon_core.package_identification:_identify(tools) by extension 'cmake'
[0.922s] Level 1:colcon.colcon_core.package_identification:_identify(tools) by extension 'python'
[0.922s] Level 1:colcon.colcon_core.package_identification:_identify(tools) by extensions ['python_setup_py']
[0.922s] Level 1:colcon.colcon_core.package_identification:_identify(tools) by extension 'python_setup_py'
[0.923s] Level 1:colcon.colcon_core.package_identification:_identify(tools/cameraStream) by extensions ['ignore', 'ignore_ament_install']
[0.923s] Level 1:colcon.colcon_core.package_identification:_identify(tools/cameraStream) by extension 'ignore'
[0.923s] Level 1:colcon.colcon_core.package_identification:_identify(tools/cameraStream) by extension 'ignore_ament_install'
[0.923s] Level 1:colcon.colcon_core.package_identification:_identify(tools/cameraStream) by extensions ['colcon_pkg']
[0.924s] Level 1:colcon.colcon_core.package_identification:_identify(tools/cameraStream) by extension 'colcon_pkg'
[0.924s] Level 1:colcon.colcon_core.package_identification:_identify(tools/cameraStream) by extensions ['colcon_meta']
[0.924s] Level 1:colcon.colcon_core.package_identification:_identify(tools/cameraStream) by extension 'colcon_meta'
[0.924s] Level 1:colcon.colcon_core.package_identification:_identify(tools/cameraStream) by extensions ['ros']
[0.924s] Level 1:colcon.colcon_core.package_identification:_identify(tools/cameraStream) by extension 'ros'
[0.924s] Level 1:colcon.colcon_core.package_identification:_identify(tools/cameraStream) by extensions ['cmake', 'python']
[0.925s] Level 1:colcon.colcon_core.package_identification:_identify(tools/cameraStream) by extension 'cmake'
[0.925s] Level 1:colcon.colcon_core.package_identification:_identify(tools/cameraStream) by extension 'python'
[0.925s] Level 1:colcon.colcon_core.package_identification:_identify(tools/cameraStream) by extensions ['python_setup_py']
[0.925s] Level 1:colcon.colcon_core.package_identification:_identify(tools/cameraStream) by extension 'python_setup_py'
[0.925s] Level 1:colcon.colcon_core.package_identification:_identify(tools/halowMonitor) by extensions ['ignore', 'ignore_ament_install']
[0.926s] Level 1:colcon.colcon_core.package_identification:_identify(tools/halowMonitor) by extension 'ignore'
[0.926s] Level 1:colcon.colcon_core.package_identification:_identify(tools/halowMonitor) by extension 'ignore_ament_install'
[0.926s] Level 1:colcon.colcon_core.package_identification:_identify(tools/halowMonitor) by extensions ['colcon_pkg']
[0.926s] Level 1:colcon.colcon_core.package_identification:_identify(tools/halowMonitor) by extension 'colcon_pkg'
[0.926s] Level 1:colcon.colcon_core.package_identification:_identify(tools/halowMonitor) by extensions ['colcon_meta']
[0.927s] Level 1:colcon.colcon_core.package_identification:_identify(tools/halowMonitor) by extension 'colcon_meta'
[0.927s] Level 1:colcon.colcon_core.package_identification:_identify(tools/halowMonitor) by extensions ['ros']
[0.927s] Level 1:colcon.colcon_core.package_identification:_identify(tools/halowMonitor) by extension 'ros'
[0.927s] Level 1:colcon.colcon_core.package_identification:_identify(tools/halowMonitor) by extensions ['cmake', 'python']
[0.927s] Level 1:colcon.colcon_core.package_identification:_identify(tools/halowMonitor) by extension 'cmake'
[0.928s] Level 1:colcon.colcon_core.package_identification:_identify(tools/halowMonitor) by extension 'python'
[0.928s] Level 1:colcon.colcon_core.package_identification:_identify(tools/halowMonitor) by extensions ['python_setup_py']
[0.928s] Level 1:colcon.colcon_core.package_identification:_identify(tools/halowMonitor) by extension 'python_setup_py'
[0.928s] Level 1:colcon.colcon_core.package_discovery:discover_packages(recursive) using defaults
[0.928s] Level 1:colcon.colcon_core.package_discovery:discover_packages(ignore) discover
[0.928s] Level 1:colcon.colcon_core.package_discovery:discover_packages(ignore) using defaults
[0.929s] Level 1:colcon.colcon_core.package_discovery:discover_packages(path) discover
[0.929s] Level 1:colcon.colcon_core.package_discovery:discover_packages(path) using defaults
[1.006s] Level 5:colcon.colcon_core.verb:set package 'aircraft_msgs' build argument 'cmake_args' from command line to 'None'
[1.006s] Level 5:colcon.colcon_core.verb:set package 'aircraft_msgs' build argument 'cmake_target' from command line to 'None'
[1.006s] Level 5:colcon.colcon_core.verb:set package 'aircraft_msgs' build argument 'cmake_target_skip_unavailable' from command line to 'False'
[1.007s] Level 5:colcon.colcon_core.verb:set package 'aircraft_msgs' build argument 'cmake_clean_cache' from command line to 'False'
[1.007s] Level 5:colcon.colcon_core.verb:set package 'aircraft_msgs' build argument 'cmake_clean_first' from command line to 'False'
[1.007s] Level 5:colcon.colcon_core.verb:set package 'aircraft_msgs' build argument 'cmake_force_configure' from command line to 'False'
[1.007s] Level 5:colcon.colcon_core.verb:set package 'aircraft_msgs' build argument 'ament_cmake_args' from command line to 'None'
[1.007s] Level 5:colcon.colcon_core.verb:set package 'aircraft_msgs' build argument 'catkin_cmake_args' from command line to 'None'
[1.007s] Level 5:colcon.colcon_core.verb:set package 'aircraft_msgs' build argument 'catkin_skip_building_tests' from command line to 'False'
[1.007s] DEBUG:colcon.colcon_core.verb:Building package 'aircraft_msgs' with the following arguments: {'ament_cmake_args': None, 'build_base': '/app/build/aircraft_msgs', 'catkin_cmake_args': None, 'catkin_skip_building_tests': False, 'cmake_args': None, 'cmake_clean_cache': False, 'cmake_clean_first': False, 'cmake_force_configure': False, 'cmake_target': None, 'cmake_target_skip_unavailable': False, 'install_base': '/app/install/aircraft_msgs', 'merge_install': False, 'path': '/app/src/aircraft_msgs', 'symlink_install': True, 'test_result_base': None}
[1.008s] Level 5:colcon.colcon_core.verb:set package 'px4' build argument 'cmake_args' from command line to 'None'
[1.008s] Level 5:colcon.colcon_core.verb:set package 'px4' build argument 'cmake_target' from command line to 'None'
[1.008s] Level 5:colcon.colcon_core.verb:set package 'px4' build argument 'cmake_target_skip_unavailable' from command line to 'False'
[1.008s] Level 5:colcon.colcon_core.verb:set package 'px4' build argument 'cmake_clean_cache' from command line to 'False'
[1.008s] Level 5:colcon.colcon_core.verb:set package 'px4' build argument 'cmake_clean_first' from command line to 'False'
[1.008s] Level 5:colcon.colcon_core.verb:set package 'px4' build argument 'cmake_force_configure' from command line to 'False'
[1.008s] Level 5:colcon.colcon_core.verb:set package 'px4' build argument 'ament_cmake_args' from command line to 'None'
[1.008s] Level 5:colcon.colcon_core.verb:set package 'px4' build argument 'catkin_cmake_args' from command line to 'None'
[1.008s] Level 5:colcon.colcon_core.verb:set package 'px4' build argument 'catkin_skip_building_tests' from command line to 'False'
[1.008s] DEBUG:colcon.colcon_core.verb:Building package 'px4' with the following arguments: {'ament_cmake_args': None, 'build_base': '/app/build/px4', 'catkin_cmake_args': None, 'catkin_skip_building_tests': False, 'cmake_args': None, 'cmake_clean_cache': False, 'cmake_clean_first': False, 'cmake_force_configure': False, 'cmake_target': None, 'cmake_target_skip_unavailable': False, 'install_base': '/app/install/px4', 'merge_install': False, 'path': '/app/PX4-Autopilot', 'symlink_install': True, 'test_result_base': None}
[1.010s] Level 5:colcon.colcon_core.verb:set package 'px4_msgs' build argument 'cmake_args' from command line to 'None'
[1.010s] Level 5:colcon.colcon_core.verb:set package 'px4_msgs' build argument 'cmake_target' from command line to 'None'
[1.010s] Level 5:colcon.colcon_core.verb:set package 'px4_msgs' build argument 'cmake_target_skip_unavailable' from command line to 'False'
[1.010s] Level 5:colcon.colcon_core.verb:set package 'px4_msgs' build argument 'cmake_clean_cache' from command line to 'False'
[1.010s] Level 5:colcon.colcon_core.verb:set package 'px4_msgs' build argument 'cmake_clean_first' from command line to 'False'
[1.010s] Level 5:colcon.colcon_core.verb:set package 'px4_msgs' build argument 'cmake_force_configure' from command line to 'False'
[1.010s] Level 5:colcon.colcon_core.verb:set package 'px4_msgs' build argument 'ament_cmake_args' from command line to 'None'
[1.010s] Level 5:colcon.colcon_core.verb:set package 'px4_msgs' build argument 'catkin_cmake_args' from command line to 'None'
[1.010s] Level 5:colcon.colcon_core.verb:set package 'px4_msgs' build argument 'catkin_skip_building_tests' from command line to 'False'
[1.010s] DEBUG:colcon.colcon_core.verb:Building package 'px4_msgs' with the following arguments: {'ament_cmake_args': None, 'build_base': '/app/build/px4_msgs', 'catkin_cmake_args': None, 'catkin_skip_building_tests': False, 'cmake_args': None, 'cmake_clean_cache': False, 'cmake_clean_first': False, 'cmake_force_configure': False, 'cmake_target': None, 'cmake_target_skip_unavailable': False, 'install_base': '/app/install/px4_msgs', 'merge_install': False, 'path': '/app/src/px4_msgs', 'symlink_install': True, 'test_result_base': None}
[1.011s] Level 5:colcon.colcon_core.verb:set package 'aircraft_controller' build argument 'cmake_args' from command line to 'None'
[1.011s] Level 5:colcon.colcon_core.verb:set package 'aircraft_controller' build argument 'cmake_target' from command line to 'None'
[1.011s] Level 5:colcon.colcon_core.verb:set package 'aircraft_controller' build argument 'cmake_target_skip_unavailable' from command line to 'False'
[1.011s] Level 5:colcon.colcon_core.verb:set package 'aircraft_controller' build argument 'cmake_clean_cache' from command line to 'False'
[1.011s] Level 5:colcon.colcon_core.verb:set package 'aircraft_controller' build argument 'cmake_clean_first' from command line to 'False'
[1.011s] Level 5:colcon.colcon_core.verb:set package 'aircraft_controller' build argument 'cmake_force_configure' from command line to 'False'
[1.011s] Level 5:colcon.colcon_core.verb:set package 'aircraft_controller' build argument 'ament_cmake_args' from command line to 'None'
[1.011s] Level 5:colcon.colcon_core.verb:set package 'aircraft_controller' build argument 'catkin_cmake_args' from command line to 'None'
[1.011s] Level 5:colcon.colcon_core.verb:set package 'aircraft_controller' build argument 'catkin_skip_building_tests' from command line to 'False'
[1.011s] DEBUG:colcon.colcon_core.verb:Building package 'aircraft_controller' with the following arguments: {'ament_cmake_args': None, 'build_base': '/app/build/aircraft_controller', 'catkin_cmake_args': None, 'catkin_skip_building_tests': False, 'cmake_args': None, 'cmake_clean_cache': False, 'cmake_clean_first': False, 'cmake_force_configure': False, 'cmake_target': None, 'cmake_target_skip_unavailable': False, 'install_base': '/app/install/aircraft_controller', 'merge_install': False, 'path': '/app/src/aircraft_controller', 'symlink_install': True, 'test_result_base': None}
[1.012s] Level 5:colcon.colcon_core.verb:set package 'vision_processor' build argument 'cmake_args' from command line to 'None'
[1.012s] Level 5:colcon.colcon_core.verb:set package 'vision_processor' build argument 'cmake_target' from command line to 'None'
[1.012s] Level 5:colcon.colcon_core.verb:set package 'vision_processor' build argument 'cmake_target_skip_unavailable' from command line to 'False'
[1.012s] Level 5:colcon.colcon_core.verb:set package 'vision_processor' build argument 'cmake_clean_cache' from command line to 'False'
[1.012s] Level 5:colcon.colcon_core.verb:set package 'vision_processor' build argument 'cmake_clean_first' from command line to 'False'
[1.012s] Level 5:colcon.colcon_core.verb:set package 'vision_processor' build argument 'cmake_force_configure' from command line to 'False'
[1.012s] Level 5:colcon.colcon_core.verb:set package 'vision_processor' build argument 'ament_cmake_args' from command line to 'None'
[1.012s] Level 5:colcon.colcon_core.verb:set package 'vision_processor' build argument 'catkin_cmake_args' from command line to 'None'
[1.012s] Level 5:colcon.colcon_core.verb:set package 'vision_processor' build argument 'catkin_skip_building_tests' from command line to 'False'
[1.012s] DEBUG:colcon.colcon_core.verb:Building package 'vision_processor' with the following arguments: {'ament_cmake_args': None, 'build_base': '/app/build/vision_processor', 'catkin_cmake_args': None, 'catkin_skip_building_tests': False, 'cmake_args': None, 'cmake_clean_cache': False, 'cmake_clean_first': False, 'cmake_force_configure': False, 'cmake_target': None, 'cmake_target_skip_unavailable': False, 'install_base': '/app/install/vision_processor', 'merge_install': False, 'path': '/app/src/vision_processor', 'symlink_install': True, 'test_result_base': None}
[1.013s] INFO:colcon.colcon_core.executor:Executing jobs using 'parallel' executor
[1.015s] DEBUG:colcon.colcon_parallel_executor.executor.parallel:run_until_complete
[1.016s] INFO:colcon.colcon_ros.task.ament_cmake.build:Building ROS package in '/app/src/aircraft_msgs' with build type 'ament_cmake'
[1.017s] INFO:colcon.colcon_cmake.task.cmake.build:Building CMake package in '/app/src/aircraft_msgs'
[1.029s] INFO:colcon.colcon_core.plugin_system:Skipping extension 'colcon_core.shell.bat': Not used on non-Windows systems
[1.030s] INFO:colcon.colcon_core.shell:Skip shell extension 'powershell' for command environment: Not usable outside of PowerShell
[1.030s] DEBUG:colcon.colcon_core.shell:Skip shell extension 'dsv' for command environment
[1.048s] INFO:colcon.colcon_ros.task.ament_cmake.build:Building ROS package in '/app/src/px4_msgs' with build type 'ament_cmake'
[1.049s] INFO:colcon.colcon_cmake.task.cmake.build:Building CMake package in '/app/src/px4_msgs'
[1.050s] INFO:colcon.colcon_core.shell:Skip shell extension 'powershell' for command environment: Not usable outside of PowerShell
[1.050s] DEBUG:colcon.colcon_core.shell:Skip shell extension 'dsv' for command environment
[1.061s] INFO:colcon.colcon_ros.task.ament_cmake.build:Building ROS package in '/app/PX4-Autopilot' with build type 'ament_cmake'
[1.063s] INFO:colcon.colcon_cmake.task.cmake.build:Building CMake package in '/app/PX4-Autopilot'
[1.063s] INFO:colcon.colcon_core.shell:Skip shell extension 'powershell' for command environment: Not usable outside of PowerShell
[1.064s] DEBUG:colcon.colcon_core.shell:Skip shell extension 'dsv' for command environment
[1.086s] DEBUG:colcon.colcon_core.event_handler.log_command:Invoking command in '/app/build/aircraft_msgs': CMAKE_PREFIX_PATH=${CMAKE_PREFIX_PATH}:/opt/ros/jazzy /usr/bin/cmake --build /app/build/aircraft_msgs -- -j20 -l20
[1.097s] DEBUG:colcon.colcon_core.event_handler.log_command:Invoking command in '/app/build/px4_msgs': CMAKE_PREFIX_PATH=${CMAKE_PREFIX_PATH}:/opt/ros/jazzy /usr/bin/cmake --build /app/build/px4_msgs -- -j20 -l20
[1.112s] DEBUG:colcon.colcon_core.event_handler.log_command:Invoking command in '/app/build/px4': CMAKE_PREFIX_PATH=${CMAKE_PREFIX_PATH}:/opt/ros/jazzy /usr/bin/cmake /app/PX4-Autopilot -DAMENT_CMAKE_SYMLINK_INSTALL=1 -DCMAKE_INSTALL_PREFIX=/app/install/px4
[2.331s] DEBUG:colcon.colcon_core.event_handler.log_command:Invoked command in '/app/build/aircraft_msgs' returned '0': CMAKE_PREFIX_PATH=${CMAKE_PREFIX_PATH}:/opt/ros/jazzy /usr/bin/cmake --build /app/build/aircraft_msgs -- -j20 -l20
[2.359s] DEBUG:colcon.colcon_core.event_handler.log_command:Invoking command in '/app/build/aircraft_msgs': CMAKE_PREFIX_PATH=${CMAKE_PREFIX_PATH}:/opt/ros/jazzy /usr/bin/cmake --install /app/build/aircraft_msgs
[2.622s] Level 1:colcon.colcon_core.environment:create_environment_scripts_only(aircraft_msgs)
[2.624s] DEBUG:colcon.colcon_core.event_handler.log_command:Invoked command in '/app/build/aircraft_msgs' returned '0': CMAKE_PREFIX_PATH=${CMAKE_PREFIX_PATH}:/opt/ros/jazzy /usr/bin/cmake --install /app/build/aircraft_msgs
[2.639s] Level 1:colcon.colcon_core.environment:checking '/app/install/aircraft_msgs' for CMake module files
[2.642s] Level 1:colcon.colcon_core.environment:checking '/app/install/aircraft_msgs' for CMake config files
[2.643s] Level 1:colcon.colcon_core.shell:create_environment_hook('aircraft_msgs', 'cmake_prefix_path')
[2.644s] INFO:colcon.colcon_core.shell:Creating environment hook '/app/install/aircraft_msgs/share/aircraft_msgs/hook/cmake_prefix_path.ps1'
[2.647s] INFO:colcon.colcon_core.shell:Creating environment descriptor '/app/install/aircraft_msgs/share/aircraft_msgs/hook/cmake_prefix_path.dsv'
[2.648s] INFO:colcon.colcon_core.shell:Creating environment hook '/app/install/aircraft_msgs/share/aircraft_msgs/hook/cmake_prefix_path.sh'
[2.651s] Level 1:colcon.colcon_core.environment:checking '/app/install/aircraft_msgs/lib'
[2.652s] Level 1:colcon.colcon_core.shell:create_environment_hook('aircraft_msgs', 'ld_library_path_lib')
[2.652s] INFO:colcon.colcon_core.shell:Creating environment hook '/app/install/aircraft_msgs/share/aircraft_msgs/hook/ld_library_path_lib.ps1'
[2.654s] INFO:colcon.colcon_core.shell:Creating environment descriptor '/app/install/aircraft_msgs/share/aircraft_msgs/hook/ld_library_path_lib.dsv'
[2.655s] INFO:colcon.colcon_core.shell:Creating environment hook '/app/install/aircraft_msgs/share/aircraft_msgs/hook/ld_library_path_lib.sh'
[2.656s] Level 1:colcon.colcon_core.environment:checking '/app/install/aircraft_msgs/bin'
[2.657s] Level 1:colcon.colcon_core.environment:checking '/app/install/aircraft_msgs/lib/pkgconfig/aircraft_msgs.pc'
[2.663s] Level 1:colcon.colcon_core.environment:checking '/app/install/aircraft_msgs/lib/python3.12/site-packages'
[2.664s] Level 1:colcon.colcon_core.shell:create_environment_hook('aircraft_msgs', 'pythonpath')
[2.665s] INFO:colcon.colcon_core.shell:Creating environment hook '/app/install/aircraft_msgs/share/aircraft_msgs/hook/pythonpath.ps1'
[2.667s] INFO:colcon.colcon_core.shell:Creating environment descriptor '/app/install/aircraft_msgs/share/aircraft_msgs/hook/pythonpath.dsv'
[2.668s] INFO:colcon.colcon_core.shell:Creating environment hook '/app/install/aircraft_msgs/share/aircraft_msgs/hook/pythonpath.sh'
[2.672s] Level 1:colcon.colcon_core.environment:checking '/app/install/aircraft_msgs/bin'
[2.673s] INFO:colcon.colcon_core.shell:Creating package script '/app/install/aircraft_msgs/share/aircraft_msgs/package.ps1'
[2.677s] INFO:colcon.colcon_core.shell:Creating package descriptor '/app/install/aircraft_msgs/share/aircraft_msgs/package.dsv'
[2.680s] INFO:colcon.colcon_core.shell:Creating package script '/app/install/aircraft_msgs/share/aircraft_msgs/package.sh'
[2.683s] INFO:colcon.colcon_core.shell:Creating package script '/app/install/aircraft_msgs/share/aircraft_msgs/package.bash'
[2.686s] INFO:colcon.colcon_core.shell:Creating package script '/app/install/aircraft_msgs/share/aircraft_msgs/package.zsh'
[2.689s] Level 1:colcon.colcon_core.environment:create_file_with_runtime_dependencies(/app/install/aircraft_msgs/share/colcon-core/packages/aircraft_msgs)
[2.695s] Level 1:colcon.colcon_core.environment:create_environment_scripts_only(aircraft_msgs)
[2.696s] Level 1:colcon.colcon_core.environment:checking '/app/install/aircraft_msgs' for CMake module files
[2.699s] Level 1:colcon.colcon_core.environment:checking '/app/install/aircraft_msgs' for CMake config files
[2.701s] Level 1:colcon.colcon_core.shell:create_environment_hook('aircraft_msgs', 'cmake_prefix_path')
[2.701s] INFO:colcon.colcon_core.shell:Creating environment hook '/app/install/aircraft_msgs/share/aircraft_msgs/hook/cmake_prefix_path.ps1'
[2.703s] INFO:colcon.colcon_core.shell:Creating environment descriptor '/app/install/aircraft_msgs/share/aircraft_msgs/hook/cmake_prefix_path.dsv'
[2.704s] INFO:colcon.colcon_core.shell:Creating environment hook '/app/install/aircraft_msgs/share/aircraft_msgs/hook/cmake_prefix_path.sh'
[2.706s] Level 1:colcon.colcon_core.environment:checking '/app/install/aircraft_msgs/lib'
[2.706s] Level 1:colcon.colcon_core.shell:create_environment_hook('aircraft_msgs', 'ld_library_path_lib')
[2.706s] INFO:colcon.colcon_core.shell:Creating environment hook '/app/install/aircraft_msgs/share/aircraft_msgs/hook/ld_library_path_lib.ps1'
[2.708s] INFO:colcon.colcon_core.shell:Creating environment descriptor '/app/install/aircraft_msgs/share/aircraft_msgs/hook/ld_library_path_lib.dsv'
[2.709s] INFO:colcon.colcon_core.shell:Creating environment hook '/app/install/aircraft_msgs/share/aircraft_msgs/hook/ld_library_path_lib.sh'
[2.711s] Level 1:colcon.colcon_core.environment:checking '/app/install/aircraft_msgs/bin'
[2.711s] Level 1:colcon.colcon_core.environment:checking '/app/install/aircraft_msgs/lib/pkgconfig/aircraft_msgs.pc'
[2.712s] Level 1:colcon.colcon_core.environment:checking '/app/install/aircraft_msgs/lib/python3.12/site-packages'
[2.713s] Level 1:colcon.colcon_core.shell:create_environment_hook('aircraft_msgs', 'pythonpath')
[2.713s] INFO:colcon.colcon_core.shell:Creating environment hook '/app/install/aircraft_msgs/share/aircraft_msgs/hook/pythonpath.ps1'
[2.714s] INFO:colcon.colcon_core.shell:Creating environment descriptor '/app/install/aircraft_msgs/share/aircraft_msgs/hook/pythonpath.dsv'
[2.715s] INFO:colcon.colcon_core.shell:Creating environment hook '/app/install/aircraft_msgs/share/aircraft_msgs/hook/pythonpath.sh'
[2.717s] Level 1:colcon.colcon_core.environment:checking '/app/install/aircraft_msgs/bin'
[2.718s] INFO:colcon.colcon_core.shell:Creating package script '/app/install/aircraft_msgs/share/aircraft_msgs/package.ps1'
[2.721s] INFO:colcon.colcon_core.shell:Creating package descriptor '/app/install/aircraft_msgs/share/aircraft_msgs/package.dsv'
[2.723s] INFO:colcon.colcon_core.shell:Creating package script '/app/install/aircraft_msgs/share/aircraft_msgs/package.sh'
[2.725s] INFO:colcon.colcon_core.shell:Creating package script '/app/install/aircraft_msgs/share/aircraft_msgs/package.bash'
[2.726s] INFO:colcon.colcon_core.shell:Creating package script '/app/install/aircraft_msgs/share/aircraft_msgs/package.zsh'
[2.727s] Level 1:colcon.colcon_core.environment:create_file_with_runtime_dependencies(/app/install/aircraft_msgs/share/colcon-core/packages/aircraft_msgs)
[2.728s] INFO:colcon.colcon_ros.task.ament_python.build:Building ROS package in '/app/src/vision_processor' with build type 'ament_python'
[2.728s] Level 1:colcon.colcon_core.shell:create_environment_hook('vision_processor', 'ament_prefix_path')
[2.729s] INFO:colcon.colcon_core.shell:Creating environment hook '/app/install/vision_processor/share/vision_processor/hook/ament_prefix_path.ps1'
[2.733s] INFO:colcon.colcon_core.shell:Creating environment descriptor '/app/install/vision_processor/share/vision_processor/hook/ament_prefix_path.dsv'
[2.735s] INFO:colcon.colcon_core.shell:Creating environment hook '/app/install/vision_processor/share/vision_processor/hook/ament_prefix_path.sh'
[2.737s] INFO:colcon.colcon_core.shell:Skip shell extension 'powershell' for command environment: Not usable outside of PowerShell
[2.737s] DEBUG:colcon.colcon_core.shell:Skip shell extension 'dsv' for command environment
[3.370s] INFO:colcon.colcon_core.task.python.build:Building Python package in '/app/src/vision_processor'
[3.370s] INFO:colcon.colcon_core.shell:Skip shell extension 'powershell' for command environment: Not usable outside of PowerShell
[3.371s] DEBUG:colcon.colcon_core.shell:Skip shell extension 'dsv' for command environment
[5.270s] DEBUG:colcon.colcon_core.event_handler.log_command:Invoking command in '/app/build/vision_processor': AMENT_PREFIX_PATH=/app/install/aircraft_msgs:${AMENT_PREFIX_PATH} CMAKE_PREFIX_PATH=/app/install/aircraft_msgs:${CMAKE_PREFIX_PATH} LD_LIBRARY_PATH=/app/install/aircraft_msgs/lib:${LD_LIBRARY_PATH} PYTHONPATH=/app/build/vision_processor/prefix_override:/usr/lib/python3/dist-packages/colcon_core/task/python/colcon_distutils_commands:/app/install/vision_processor/lib/python3.12/site-packages:/app/install/aircraft_msgs/lib/python3.12/site-packages:${PYTHONPATH} /usr/bin/python3 -W ignore:setup.py install is deprecated -W ignore:easy_install command is deprecated setup.py develop --editable --build-directory /app/build/vision_processor/build --no-deps symlink_data
[7.101s] Level 1:colcon.colcon_core.shell:create_environment_hook('vision_processor', 'pythonpath_develop')
[7.102s] INFO:colcon.colcon_core.shell:Creating environment hook '/app/build/vision_processor/share/vision_processor/hook/pythonpath_develop.ps1'
[7.103s] DEBUG:colcon.colcon_core.event_handler.log_command:Invoked command in '/app/build/vision_processor' returned '0': AMENT_PREFIX_PATH=/app/install/aircraft_msgs:${AMENT_PREFIX_PATH} CMAKE_PREFIX_PATH=/app/install/aircraft_msgs:${CMAKE_PREFIX_PATH} LD_LIBRARY_PATH=/app/install/aircraft_msgs/lib:${LD_LIBRARY_PATH} PYTHONPATH=/app/build/vision_processor/prefix_override:/usr/lib/python3/dist-packages/colcon_core/task/python/colcon_distutils_commands:/app/install/vision_processor/lib/python3.12/site-packages:/app/install/aircraft_msgs/lib/python3.12/site-packages:${PYTHONPATH} /usr/bin/python3 -W ignore:setup.py install is deprecated -W ignore:easy_install command is deprecated setup.py develop --editable --build-directory /app/build/vision_processor/build --no-deps symlink_data
[7.105s] INFO:colcon.colcon_core.shell:Creating environment descriptor '/app/build/vision_processor/share/vision_processor/hook/pythonpath_develop.dsv'
[7.106s] INFO:colcon.colcon_core.shell:Creating environment hook '/app/build/vision_processor/share/vision_processor/hook/pythonpath_develop.sh'
[7.108s] Level 1:colcon.colcon_core.environment:checking '/app/install/vision_processor' for CMake module files
[7.110s] Level 1:colcon.colcon_core.environment:checking '/app/install/vision_processor' for CMake config files
[7.112s] Level 1:colcon.colcon_core.environment:checking '/app/install/vision_processor/lib'
[7.112s] Level 1:colcon.colcon_core.environment:checking '/app/install/vision_processor/bin'
[7.112s] Level 1:colcon.colcon_core.environment:checking '/app/install/vision_processor/lib/pkgconfig/vision_processor.pc'
[7.113s] Level 1:colcon.colcon_core.environment:checking '/app/install/vision_processor/lib/python3.12/site-packages'
[7.114s] Level 1:colcon.colcon_core.shell:create_environment_hook('vision_processor', 'pythonpath')
[7.114s] INFO:colcon.colcon_core.shell:Creating environment hook '/app/install/vision_processor/share/vision_processor/hook/pythonpath.ps1'
[7.115s] INFO:colcon.colcon_core.shell:Creating environment descriptor '/app/install/vision_processor/share/vision_processor/hook/pythonpath.dsv'
[7.117s] INFO:colcon.colcon_core.shell:Creating environment hook '/app/install/vision_processor/share/vision_processor/hook/pythonpath.sh'
[7.120s] Level 1:colcon.colcon_core.environment:checking '/app/install/vision_processor/bin'
[7.120s] Level 1:colcon.colcon_core.environment:create_environment_scripts_only(vision_processor)
[7.121s] INFO:colcon.colcon_core.shell:Creating package script '/app/install/vision_processor/share/vision_processor/package.ps1'
[7.123s] INFO:colcon.colcon_core.shell:Creating package descriptor '/app/install/vision_processor/share/vision_processor/package.dsv'
[7.125s] INFO:colcon.colcon_core.shell:Creating package script '/app/install/vision_processor/share/vision_processor/package.sh'
[7.127s] INFO:colcon.colcon_core.shell:Creating package script '/app/install/vision_processor/share/vision_processor/package.bash'
[7.128s] INFO:colcon.colcon_core.shell:Creating package script '/app/install/vision_processor/share/vision_processor/package.zsh'
[7.129s] Level 1:colcon.colcon_core.environment:create_file_with_runtime_dependencies(/app/install/vision_processor/share/colcon-core/packages/vision_processor)
[7.450s] DEBUG:colcon.colcon_core.event_handler.log_command:Invoked command in '/app/build/px4_msgs' returned '0': CMAKE_PREFIX_PATH=${CMAKE_PREFIX_PATH}:/opt/ros/jazzy /usr/bin/cmake --build /app/build/px4_msgs -- -j20 -l20
[7.455s] DEBUG:colcon.colcon_core.event_handler.log_command:Invoking command in '/app/build/px4_msgs': CMAKE_PREFIX_PATH=${CMAKE_PREFIX_PATH}:/opt/ros/jazzy /usr/bin/cmake --install /app/build/px4_msgs
[9.097s] Level 1:colcon.colcon_core.environment:create_environment_scripts_only(px4_msgs)
[9.098s] Level 1:colcon.colcon_core.environment:checking '/app/install/px4_msgs' for CMake module files
[9.100s] DEBUG:colcon.colcon_core.event_handler.log_command:Invoked command in '/app/build/px4_msgs' returned '0': CMAKE_PREFIX_PATH=${CMAKE_PREFIX_PATH}:/opt/ros/jazzy /usr/bin/cmake --install /app/build/px4_msgs
[9.100s] Level 1:colcon.colcon_core.environment:checking '/app/install/px4_msgs' for CMake config files
[9.109s] Level 1:colcon.colcon_core.shell:create_environment_hook('px4_msgs', 'cmake_prefix_path')
[9.110s] INFO:colcon.colcon_core.shell:Creating environment hook '/app/install/px4_msgs/share/px4_msgs/hook/cmake_prefix_path.ps1'
[9.111s] INFO:colcon.colcon_core.shell:Creating environment descriptor '/app/install/px4_msgs/share/px4_msgs/hook/cmake_prefix_path.dsv'
[9.112s] INFO:colcon.colcon_core.shell:Creating environment hook '/app/install/px4_msgs/share/px4_msgs/hook/cmake_prefix_path.sh'
[9.114s] Level 1:colcon.colcon_core.environment:checking '/app/install/px4_msgs/lib'
[9.114s] Level 1:colcon.colcon_core.shell:create_environment_hook('px4_msgs', 'ld_library_path_lib')
[9.115s] INFO:colcon.colcon_core.shell:Creating environment hook '/app/install/px4_msgs/share/px4_msgs/hook/ld_library_path_lib.ps1'
[9.116s] INFO:colcon.colcon_core.shell:Creating environment descriptor '/app/install/px4_msgs/share/px4_msgs/hook/ld_library_path_lib.dsv'
[9.117s] INFO:colcon.colcon_core.shell:Creating environment hook '/app/install/px4_msgs/share/px4_msgs/hook/ld_library_path_lib.sh'
[9.118s] Level 1:colcon.colcon_core.environment:checking '/app/install/px4_msgs/bin'
[9.119s] Level 1:colcon.colcon_core.environment:checking '/app/install/px4_msgs/lib/pkgconfig/px4_msgs.pc'
[9.119s] Level 1:colcon.colcon_core.environment:checking '/app/install/px4_msgs/lib/python3.12/site-packages'
[9.120s] Level 1:colcon.colcon_core.shell:create_environment_hook('px4_msgs', 'pythonpath')
[9.120s] INFO:colcon.colcon_core.shell:Creating environment hook '/app/install/px4_msgs/share/px4_msgs/hook/pythonpath.ps1'
[9.121s] INFO:colcon.colcon_core.shell:Creating environment descriptor '/app/install/px4_msgs/share/px4_msgs/hook/pythonpath.dsv'
[9.122s] INFO:colcon.colcon_core.shell:Creating environment hook '/app/install/px4_msgs/share/px4_msgs/hook/pythonpath.sh'
[9.124s] Level 1:colcon.colcon_core.environment:checking '/app/install/px4_msgs/bin'
[9.125s] INFO:colcon.colcon_core.shell:Creating package script '/app/install/px4_msgs/share/px4_msgs/package.ps1'
[9.128s] INFO:colcon.colcon_core.shell:Creating package descriptor '/app/install/px4_msgs/share/px4_msgs/package.dsv'
[9.129s] INFO:colcon.colcon_core.shell:Creating package script '/app/install/px4_msgs/share/px4_msgs/package.sh'
[9.131s] INFO:colcon.colcon_core.shell:Creating package script '/app/install/px4_msgs/share/px4_msgs/package.bash'
[9.131s] INFO:colcon.colcon_core.shell:Creating package script '/app/install/px4_msgs/share/px4_msgs/package.zsh'
[9.132s] Level 1:colcon.colcon_core.environment:create_file_with_runtime_dependencies(/app/install/px4_msgs/share/colcon-core/packages/px4_msgs)
[9.134s] Level 1:colcon.colcon_core.environment:create_environment_scripts_only(px4_msgs)
[9.134s] Level 1:colcon.colcon_core.environment:checking '/app/install/px4_msgs' for CMake module files
[9.136s] Level 1:colcon.colcon_core.environment:checking '/app/install/px4_msgs' for CMake config files
[9.145s] Level 1:colcon.colcon_core.shell:create_environment_hook('px4_msgs', 'cmake_prefix_path')
[9.145s] INFO:colcon.colcon_core.shell:Creating environment hook '/app/install/px4_msgs/share/px4_msgs/hook/cmake_prefix_path.ps1'
[9.147s] INFO:colcon.colcon_core.shell:Creating environment descriptor '/app/install/px4_msgs/share/px4_msgs/hook/cmake_prefix_path.dsv'
[9.148s] INFO:colcon.colcon_core.shell:Creating environment hook '/app/install/px4_msgs/share/px4_msgs/hook/cmake_prefix_path.sh'
[9.150s] Level 1:colcon.colcon_core.environment:checking '/app/install/px4_msgs/lib'
[9.150s] Level 1:colcon.colcon_core.shell:create_environment_hook('px4_msgs', 'ld_library_path_lib')
[9.151s] INFO:colcon.colcon_core.shell:Creating environment hook '/app/install/px4_msgs/share/px4_msgs/hook/ld_library_path_lib.ps1'
[9.153s] INFO:colcon.colcon_core.shell:Creating environment descriptor '/app/install/px4_msgs/share/px4_msgs/hook/ld_library_path_lib.dsv'
[9.154s] INFO:colcon.colcon_core.shell:Creating environment hook '/app/install/px4_msgs/share/px4_msgs/hook/ld_library_path_lib.sh'
[9.156s] Level 1:colcon.colcon_core.environment:checking '/app/install/px4_msgs/bin'
[9.156s] Level 1:colcon.colcon_core.environment:checking '/app/install/px4_msgs/lib/pkgconfig/px4_msgs.pc'
[9.157s] Level 1:colcon.colcon_core.environment:checking '/app/install/px4_msgs/lib/python3.12/site-packages'
[9.157s] Level 1:colcon.colcon_core.shell:create_environment_hook('px4_msgs', 'pythonpath')
[9.158s] INFO:colcon.colcon_core.shell:Creating environment hook '/app/install/px4_msgs/share/px4_msgs/hook/pythonpath.ps1'
[9.160s] INFO:colcon.colcon_core.shell:Creating environment descriptor '/app/install/px4_msgs/share/px4_msgs/hook/pythonpath.dsv'
[9.161s] INFO:colcon.colcon_core.shell:Creating environment hook '/app/install/px4_msgs/share/px4_msgs/hook/pythonpath.sh'
[9.164s] Level 1:colcon.colcon_core.environment:checking '/app/install/px4_msgs/bin'
[9.165s] INFO:colcon.colcon_core.shell:Creating package script '/app/install/px4_msgs/share/px4_msgs/package.ps1'
[9.167s] INFO:colcon.colcon_core.shell:Creating package descriptor '/app/install/px4_msgs/share/px4_msgs/package.dsv'
[9.169s] INFO:colcon.colcon_core.shell:Creating package script '/app/install/px4_msgs/share/px4_msgs/package.sh'
[9.171s] INFO:colcon.colcon_core.shell:Creating package script '/app/install/px4_msgs/share/px4_msgs/package.bash'
[9.173s] INFO:colcon.colcon_core.shell:Creating package script '/app/install/px4_msgs/share/px4_msgs/package.zsh'
[9.174s] Level 1:colcon.colcon_core.environment:create_file_with_runtime_dependencies(/app/install/px4_msgs/share/colcon-core/packages/px4_msgs)
[9.176s] INFO:colcon.colcon_ros.task.ament_python.build:Building ROS package in '/app/src/aircraft_controller' with build type 'ament_python'
[9.176s] Level 1:colcon.colcon_core.shell:create_environment_hook('aircraft_controller', 'ament_prefix_path')
[9.177s] INFO:colcon.colcon_core.shell:Creating environment hook '/app/install/aircraft_controller/share/aircraft_controller/hook/ament_prefix_path.ps1'
[9.179s] INFO:colcon.colcon_core.shell:Creating environment descriptor '/app/install/aircraft_controller/share/aircraft_controller/hook/ament_prefix_path.dsv'
[9.182s] INFO:colcon.colcon_core.shell:Creating environment hook '/app/install/aircraft_controller/share/aircraft_controller/hook/ament_prefix_path.sh'
[9.184s] INFO:colcon.colcon_core.shell:Skip shell extension 'powershell' for command environment: Not usable outside of PowerShell
[9.184s] DEBUG:colcon.colcon_core.shell:Skip shell extension 'dsv' for command environment
[9.944s] INFO:colcon.colcon_core.task.python.build:Building Python package in '/app/src/aircraft_controller'
[9.945s] INFO:colcon.colcon_core.shell:Skip shell extension 'powershell' for command environment: Not usable outside of PowerShell
[9.945s] DEBUG:colcon.colcon_core.shell:Skip shell extension 'dsv' for command environment
[11.585s] DEBUG:colcon.colcon_core.event_handler.log_command:Invoking command in '/app/build/aircraft_controller': AMENT_PREFIX_PATH=/app/install/px4_msgs:/app/install/aircraft_msgs:${AMENT_PREFIX_PATH} CMAKE_PREFIX_PATH=/app/install/px4_msgs:/app/install/aircraft_msgs:${CMAKE_PREFIX_PATH} LD_LIBRARY_PATH=/app/install/px4_msgs/lib:/app/install/aircraft_msgs/lib:${LD_LIBRARY_PATH} PYTHONPATH=/app/build/aircraft_controller/prefix_override:/usr/lib/python3/dist-packages/colcon_core/task/python/colcon_distutils_commands:/app/install/aircraft_controller/lib/python3.12/site-packages:/app/install/px4_msgs/lib/python3.12/site-packages:/app/install/aircraft_msgs/lib/python3.12/site-packages:${PYTHONPATH} /usr/bin/python3 -W ignore:setup.py install is deprecated -W ignore:easy_install command is deprecated setup.py develop --editable --build-directory /app/build/aircraft_controller/build --no-deps symlink_data
[13.405s] Level 1:colcon.colcon_core.shell:create_environment_hook('aircraft_controller', 'pythonpath_develop')
[13.405s] INFO:colcon.colcon_core.shell:Creating environment hook '/app/build/aircraft_controller/share/aircraft_controller/hook/pythonpath_develop.ps1'
[13.407s] DEBUG:colcon.colcon_core.event_handler.log_command:Invoked command in '/app/build/aircraft_controller' returned '0': AMENT_PREFIX_PATH=/app/install/px4_msgs:/app/install/aircraft_msgs:${AMENT_PREFIX_PATH} CMAKE_PREFIX_PATH=/app/install/px4_msgs:/app/install/aircraft_msgs:${CMAKE_PREFIX_PATH} LD_LIBRARY_PATH=/app/install/px4_msgs/lib:/app/install/aircraft_msgs/lib:${LD_LIBRARY_PATH} PYTHONPATH=/app/build/aircraft_controller/prefix_override:/usr/lib/python3/dist-packages/colcon_core/task/python/colcon_distutils_commands:/app/install/aircraft_controller/lib/python3.12/site-packages:/app/install/px4_msgs/lib/python3.12/site-packages:/app/install/aircraft_msgs/lib/python3.12/site-packages:${PYTHONPATH} /usr/bin/python3 -W ignore:setup.py install is deprecated -W ignore:easy_install command is deprecated setup.py develop --editable --build-directory /app/build/aircraft_controller/build --no-deps symlink_data
[13.408s] INFO:colcon.colcon_core.shell:Creating environment descriptor '/app/build/aircraft_controller/share/aircraft_controller/hook/pythonpath_develop.dsv'
[13.409s] INFO:colcon.colcon_core.shell:Creating environment hook '/app/build/aircraft_controller/share/aircraft_controller/hook/pythonpath_develop.sh'
[13.411s] Level 1:colcon.colcon_core.environment:checking '/app/install/aircraft_controller' for CMake module files
[13.413s] Level 1:colcon.colcon_core.environment:checking '/app/install/aircraft_controller' for CMake config files
[13.414s] Level 1:colcon.colcon_core.environment:checking '/app/install/aircraft_controller/lib'
[13.414s] Level 1:colcon.colcon_core.environment:checking '/app/install/aircraft_controller/bin'
[13.414s] Level 1:colcon.colcon_core.environment:checking '/app/install/aircraft_controller/lib/pkgconfig/aircraft_controller.pc'
[13.415s] Level 1:colcon.colcon_core.environment:checking '/app/install/aircraft_controller/lib/python3.12/site-packages'
[13.415s] Level 1:colcon.colcon_core.shell:create_environment_hook('aircraft_controller', 'pythonpath')
[13.416s] INFO:colcon.colcon_core.shell:Creating environment hook '/app/install/aircraft_controller/share/aircraft_controller/hook/pythonpath.ps1'
[13.418s] INFO:colcon.colcon_core.shell:Creating environment descriptor '/app/install/aircraft_controller/share/aircraft_controller/hook/pythonpath.dsv'
[13.419s] INFO:colcon.colcon_core.shell:Creating environment hook '/app/install/aircraft_controller/share/aircraft_controller/hook/pythonpath.sh'
[13.421s] Level 1:colcon.colcon_core.environment:checking '/app/install/aircraft_controller/bin'
[13.421s] Level 1:colcon.colcon_core.environment:create_environment_scripts_only(aircraft_controller)
[13.422s] INFO:colcon.colcon_core.shell:Creating package script '/app/install/aircraft_controller/share/aircraft_controller/package.ps1'
[13.424s] INFO:colcon.colcon_core.shell:Creating package descriptor '/app/install/aircraft_controller/share/aircraft_controller/package.dsv'
[13.425s] INFO:colcon.colcon_core.shell:Creating package script '/app/install/aircraft_controller/share/aircraft_controller/package.sh'
[13.426s] INFO:colcon.colcon_core.shell:Creating package script '/app/install/aircraft_controller/share/aircraft_controller/package.bash'
[13.428s] INFO:colcon.colcon_core.shell:Creating package script '/app/install/aircraft_controller/share/aircraft_controller/package.zsh'
[13.429s] Level 1:colcon.colcon_core.environment:create_file_with_runtime_dependencies(/app/install/aircraft_controller/share/colcon-core/packages/aircraft_controller)
[17.754s] DEBUG:colcon.colcon_core.event_handler.log_command:Invoked command in '/app/build/px4' returned '1': CMAKE_PREFIX_PATH=${CMAKE_PREFIX_PATH}:/opt/ros/jazzy /usr/bin/cmake /app/PX4-Autopilot -DAMENT_CMAKE_SYMLINK_INSTALL=1 -DCMAKE_INSTALL_PREFIX=/app/install/px4
[17.792s] Level 1:colcon.colcon_core.environment:create_environment_scripts_only(px4)
[17.793s] Level 1:colcon.colcon_core.environment:checking '/app/install/px4' for CMake module files
[17.794s] Level 1:colcon.colcon_core.environment:checking '/app/install/px4' for CMake config files
[17.796s] Level 1:colcon.colcon_core.environment:checking '/app/install/px4/bin'
[17.796s] Level 1:colcon.colcon_core.environment:checking '/app/install/px4/lib/pkgconfig/px4.pc'
[17.797s] Level 1:colcon.colcon_core.environment:checking '/app/install/px4/lib/python3.12/site-packages'
[17.799s] Level 1:colcon.colcon_core.environment:checking '/app/install/px4/bin'
[17.800s] INFO:colcon.colcon_core.shell:Creating package script '/app/install/px4/share/px4/package.ps1'
[17.802s] INFO:colcon.colcon_core.shell:Creating package descriptor '/app/install/px4/share/px4/package.dsv'
[17.803s] INFO:colcon.colcon_core.shell:Creating package script '/app/install/px4/share/px4/package.sh'
[17.804s] INFO:colcon.colcon_core.shell:Creating package script '/app/install/px4/share/px4/package.bash'
[17.806s] INFO:colcon.colcon_core.shell:Creating package script '/app/install/px4/share/px4/package.zsh'
[17.807s] Level 1:colcon.colcon_core.environment:create_file_with_runtime_dependencies(/app/install/px4/share/colcon-core/packages/px4)
[17.818s] DEBUG:colcon.colcon_parallel_executor.executor.parallel:closing loop
[17.819s] DEBUG:colcon.colcon_parallel_executor.executor.parallel:loop closed
[17.819s] DEBUG:colcon.colcon_parallel_executor.executor.parallel:run_until_complete finished with '1'
[17.819s] DEBUG:colcon.colcon_core.event_reactor:joining thread
[17.845s] INFO:colcon.colcon_core.plugin_system:Skipping extension 'colcon_notification.desktop_notification.notify_send': Could not find 'notify-send'
[17.846s] INFO:colcon.colcon_core.plugin_system:Skipping extension 'colcon_notification.desktop_notification.terminal_notifier': Not used on non-Darwin systems
[17.846s] INFO:colcon.colcon_core.plugin_system:Skipping extension 'colcon_notification.desktop_notification.win32': Not used on non-Windows systems
[17.846s] INFO:colcon.colcon_notification.desktop_notification:Sending desktop notification using 'notify2'
[17.851s] DEBUG:colcon.colcon_notification.desktop_notification.notify2:Failed to initialize notify2: org.freedesktop.DBus.Error.Spawn.ExecFailed: /usr/bin/dbus-launch terminated abnormally without any error message
[17.852s] DEBUG:colcon.colcon_core.event_reactor:joined thread
[17.854s] INFO:colcon.colcon_core.shell:Creating prefix script '/app/install/local_setup.ps1'
[17.858s] INFO:colcon.colcon_core.shell:Creating prefix util module '/app/install/_local_setup_util_ps1.py'
[17.862s] INFO:colcon.colcon_core.shell:Creating prefix chain script '/app/install/setup.ps1'
[17.865s] INFO:colcon.colcon_core.shell:Creating prefix script '/app/install/local_setup.sh'
[17.867s] INFO:colcon.colcon_core.shell:Creating prefix util module '/app/install/_local_setup_util_sh.py'
[17.869s] INFO:colcon.colcon_core.shell:Creating prefix chain script '/app/install/setup.sh'
[17.871s] INFO:colcon.colcon_core.shell:Creating prefix script '/app/install/local_setup.bash'
[17.874s] INFO:colcon.colcon_core.shell:Creating prefix chain script '/app/install/setup.bash'
[17.876s] INFO:colcon.colcon_core.shell:Creating prefix script '/app/install/local_setup.zsh'
[17.878s] INFO:colcon.colcon_core.shell:Creating prefix chain script '/app/install/setup.zsh'
