[0.351s] DEBUG:colcon:Command line arguments: ['/usr/bin/colcon', 'build', '--symlink-install']
[0.351s] DEBUG:colcon:Parsed command line arguments: Namespace(log_base=None, log_level=None, verb_name='build', build_base='build', install_base='install', merge_install=False, symlink_install=True, test_result_base=None, continue_on_error=False, executor='parallel', parallel_workers=20, event_handlers=None, ignore_user_meta=False, metas=['./colcon.meta'], base_paths=['.'], packages_ignore=None, packages_ignore_regex=None, paths=None, packages_up_to=None, packages_up_to_regex=None, packages_above=None, packages_above_and_dependencies=None, packages_above_depth=None, packages_select_by_dep=None, packages_skip_by_dep=None, packages_skip_up_to=None, packages_select_build_failed=False, packages_skip_build_finished=False, packages_select_test_failures=False, packages_skip_test_passed=False, packages_select=None, packages_skip=None, packages_select_regex=None, packages_skip_regex=None, packages_start=None, packages_end=None, cmake_args=None, cmake_target=None, cmake_target_skip_unavailable=False, cmake_clean_cache=False, cmake_clean_first=False, cmake_force_configure=False, ament_cmake_args=None, catkin_cmake_args=None, catkin_skip_building_tests=False, mixin_files=None, mixin=None, verb_parser=<colcon_mixin.mixin.mixin_argument.MixinArgumentDecorator object at 0x7807daeac6e0>, verb_extension=<colcon_core.verb.build.BuildVerb object at 0x7807dae8f7a0>, main=<bound method BuildVerb.main of <colcon_core.verb.build.BuildVerb object at 0x7807dae8f7a0>>, mixin_verb=('build',))
[0.482s] Level 1:colcon.colcon_core.package_discovery:discover_packages(colcon_meta) check parameters
[0.483s] Level 1:colcon.colcon_core.package_discovery:discover_packages(recursive) check parameters
[0.483s] Level 1:colcon.colcon_core.package_discovery:discover_packages(ignore) check parameters
[0.483s] Level 1:colcon.colcon_core.package_discovery:discover_packages(path) check parameters
[0.483s] Level 1:colcon.colcon_core.package_discovery:discover_packages(colcon_meta) discover
[0.483s] Level 1:colcon.colcon_core.package_discovery:discover_packages(recursive) discover
[0.483s] INFO:colcon.colcon_core.package_discovery:Crawling recursively for packages in '/app'
[0.483s] Level 1:colcon.colcon_core.package_identification:_identify(.) by extensions ['ignore', 'ignore_ament_install']
[0.484s] Level 1:colcon.colcon_core.package_identification:_identify(.) by extension 'ignore'
[0.484s] Level 1:colcon.colcon_core.package_identification:_identify(.) by extension 'ignore_ament_install'
[0.484s] Level 1:colcon.colcon_core.package_identification:_identify(.) by extensions ['colcon_pkg']
[0.484s] Level 1:colcon.colcon_core.package_identification:_identify(.) by extension 'colcon_pkg'
[0.484s] Level 1:colcon.colcon_core.package_identification:_identify(.) by extensions ['colcon_meta']
[0.484s] Level 1:colcon.colcon_core.package_identification:_identify(.) by extension 'colcon_meta'
[0.485s] Level 1:colcon.colcon_core.package_identification:_identify(.) by extensions ['ros']
[0.485s] Level 1:colcon.colcon_core.package_identification:_identify(.) by extension 'ros'
[0.585s] Level 1:colcon.colcon_core.package_identification:_identify(.) by extensions ['cmake', 'python']
[0.586s] Level 1:colcon.colcon_core.package_identification:_identify(.) by extension 'cmake'
[0.586s] Level 1:colcon.colcon_core.package_identification:_identify(.) by extension 'python'
[0.586s] Level 1:colcon.colcon_core.package_identification:_identify(.) by extensions ['python_setup_py']
[0.586s] Level 1:colcon.colcon_core.package_identification:_identify(.) by extension 'python_setup_py'
[0.587s] Level 1:colcon.colcon_core.package_identification:_identify(PX4-Autopilot) by extensions ['ignore', 'ignore_ament_install']
[0.587s] Level 1:colcon.colcon_core.package_identification:_identify(PX4-Autopilot) by extension 'ignore'
[0.588s] Level 1:colcon.colcon_core.package_identification:_identify(PX4-Autopilot) by extension 'ignore_ament_install'
[0.588s] Level 1:colcon.colcon_core.package_identification:_identify(PX4-Autopilot) by extensions ['colcon_pkg']
[0.588s] Level 1:colcon.colcon_core.package_identification:_identify(PX4-Autopilot) by extension 'colcon_pkg'
[0.588s] Level 1:colcon.colcon_core.package_identification:_identify(PX4-Autopilot) by extensions ['colcon_meta']
[0.588s] Level 1:colcon.colcon_core.package_identification:_identify(PX4-Autopilot) by extension 'colcon_meta'
[0.588s] Level 1:colcon.colcon_core.package_identification:_identify(PX4-Autopilot) by extensions ['ros']
[0.589s] Level 1:colcon.colcon_core.package_identification:_identify(PX4-Autopilot) by extension 'ros'
[0.598s] DEBUG:colcon.colcon_core.package_identification:Package 'PX4-Autopilot' with type 'ros.ament_cmake' and name 'px4'
[0.599s] Level 1:colcon.colcon_core.package_identification:_identify(build) by extensions ['ignore', 'ignore_ament_install']
[0.599s] Level 1:colcon.colcon_core.package_identification:_identify(build) by extension 'ignore'
[0.599s] Level 1:colcon.colcon_core.package_identification:_identify(build) ignored
[0.600s] Level 1:colcon.colcon_core.package_identification:_identify(docker) by extensions ['ignore', 'ignore_ament_install']
[0.600s] Level 1:colcon.colcon_core.package_identification:_identify(docker) by extension 'ignore'
[0.600s] Level 1:colcon.colcon_core.package_identification:_identify(docker) by extension 'ignore_ament_install'
[0.601s] Level 1:colcon.colcon_core.package_identification:_identify(docker) by extensions ['colcon_pkg']
[0.601s] Level 1:colcon.colcon_core.package_identification:_identify(docker) by extension 'colcon_pkg'
[0.601s] Level 1:colcon.colcon_core.package_identification:_identify(docker) by extensions ['colcon_meta']
[0.601s] Level 1:colcon.colcon_core.package_identification:_identify(docker) by extension 'colcon_meta'
[0.601s] Level 1:colcon.colcon_core.package_identification:_identify(docker) by extensions ['ros']
[0.601s] Level 1:colcon.colcon_core.package_identification:_identify(docker) by extension 'ros'
[0.602s] Level 1:colcon.colcon_core.package_identification:_identify(docker) by extensions ['cmake', 'python']
[0.602s] Level 1:colcon.colcon_core.package_identification:_identify(docker) by extension 'cmake'
[0.602s] Level 1:colcon.colcon_core.package_identification:_identify(docker) by extension 'python'
[0.602s] Level 1:colcon.colcon_core.package_identification:_identify(docker) by extensions ['python_setup_py']
[0.602s] Level 1:colcon.colcon_core.package_identification:_identify(docker) by extension 'python_setup_py'
[0.603s] Level 1:colcon.colcon_core.package_identification:_identify(docker/px4_sim) by extensions ['ignore', 'ignore_ament_install']
[0.603s] Level 1:colcon.colcon_core.package_identification:_identify(docker/px4_sim) by extension 'ignore'
[0.603s] Level 1:colcon.colcon_core.package_identification:_identify(docker/px4_sim) by extension 'ignore_ament_install'
[0.604s] Level 1:colcon.colcon_core.package_identification:_identify(docker/px4_sim) by extensions ['colcon_pkg']
[0.604s] Level 1:colcon.colcon_core.package_identification:_identify(docker/px4_sim) by extension 'colcon_pkg'
[0.604s] Level 1:colcon.colcon_core.package_identification:_identify(docker/px4_sim) by extensions ['colcon_meta']
[0.604s] Level 1:colcon.colcon_core.package_identification:_identify(docker/px4_sim) by extension 'colcon_meta'
[0.604s] Level 1:colcon.colcon_core.package_identification:_identify(docker/px4_sim) by extensions ['ros']
[0.604s] Level 1:colcon.colcon_core.package_identification:_identify(docker/px4_sim) by extension 'ros'
[0.605s] Level 1:colcon.colcon_core.package_identification:_identify(docker/px4_sim) by extensions ['cmake', 'python']
[0.605s] Level 1:colcon.colcon_core.package_identification:_identify(docker/px4_sim) by extension 'cmake'
[0.605s] Level 1:colcon.colcon_core.package_identification:_identify(docker/px4_sim) by extension 'python'
[0.605s] Level 1:colcon.colcon_core.package_identification:_identify(docker/px4_sim) by extensions ['python_setup_py']
[0.605s] Level 1:colcon.colcon_core.package_identification:_identify(docker/px4_sim) by extension 'python_setup_py'
[0.606s] Level 1:colcon.colcon_core.package_identification:_identify(docker/ros2) by extensions ['ignore', 'ignore_ament_install']
[0.606s] Level 1:colcon.colcon_core.package_identification:_identify(docker/ros2) by extension 'ignore'
[0.606s] Level 1:colcon.colcon_core.package_identification:_identify(docker/ros2) by extension 'ignore_ament_install'
[0.606s] Level 1:colcon.colcon_core.package_identification:_identify(docker/ros2) by extensions ['colcon_pkg']
[0.607s] Level 1:colcon.colcon_core.package_identification:_identify(docker/ros2) by extension 'colcon_pkg'
[0.607s] Level 1:colcon.colcon_core.package_identification:_identify(docker/ros2) by extensions ['colcon_meta']
[0.607s] Level 1:colcon.colcon_core.package_identification:_identify(docker/ros2) by extension 'colcon_meta'
[0.607s] Level 1:colcon.colcon_core.package_identification:_identify(docker/ros2) by extensions ['ros']
[0.607s] Level 1:colcon.colcon_core.package_identification:_identify(docker/ros2) by extension 'ros'
[0.607s] Level 1:colcon.colcon_core.package_identification:_identify(docker/ros2) by extensions ['cmake', 'python']
[0.608s] Level 1:colcon.colcon_core.package_identification:_identify(docker/ros2) by extension 'cmake'
[0.608s] Level 1:colcon.colcon_core.package_identification:_identify(docker/ros2) by extension 'python'
[0.608s] Level 1:colcon.colcon_core.package_identification:_identify(docker/ros2) by extensions ['python_setup_py']
[0.608s] Level 1:colcon.colcon_core.package_identification:_identify(docker/ros2) by extension 'python_setup_py'
[0.608s] Level 1:colcon.colcon_core.package_identification:_identify(docs) by extensions ['ignore', 'ignore_ament_install']
[0.609s] Level 1:colcon.colcon_core.package_identification:_identify(docs) by extension 'ignore'
[0.609s] Level 1:colcon.colcon_core.package_identification:_identify(docs) by extension 'ignore_ament_install'
[0.609s] Level 1:colcon.colcon_core.package_identification:_identify(docs) by extensions ['colcon_pkg']
[0.609s] Level 1:colcon.colcon_core.package_identification:_identify(docs) by extension 'colcon_pkg'
[0.609s] Level 1:colcon.colcon_core.package_identification:_identify(docs) by extensions ['colcon_meta']
[0.610s] Level 1:colcon.colcon_core.package_identification:_identify(docs) by extension 'colcon_meta'
[0.610s] Level 1:colcon.colcon_core.package_identification:_identify(docs) by extensions ['ros']
[0.610s] Level 1:colcon.colcon_core.package_identification:_identify(docs) by extension 'ros'
[0.610s] Level 1:colcon.colcon_core.package_identification:_identify(docs) by extensions ['cmake', 'python']
[0.610s] Level 1:colcon.colcon_core.package_identification:_identify(docs) by extension 'cmake'
[0.610s] Level 1:colcon.colcon_core.package_identification:_identify(docs) by extension 'python'
[0.611s] Level 1:colcon.colcon_core.package_identification:_identify(docs) by extensions ['python_setup_py']
[0.611s] Level 1:colcon.colcon_core.package_identification:_identify(docs) by extension 'python_setup_py'
[0.611s] Level 1:colcon.colcon_core.package_identification:_identify(install) by extensions ['ignore', 'ignore_ament_install']
[0.611s] Level 1:colcon.colcon_core.package_identification:_identify(install) by extension 'ignore'
[0.612s] Level 1:colcon.colcon_core.package_identification:_identify(install) ignored
[0.612s] Level 1:colcon.colcon_core.package_identification:_identify(log) by extensions ['ignore', 'ignore_ament_install']
[0.612s] Level 1:colcon.colcon_core.package_identification:_identify(log) by extension 'ignore'
[0.613s] Level 1:colcon.colcon_core.package_identification:_identify(log) ignored
[0.613s] Level 1:colcon.colcon_core.package_identification:_identify(src) by extensions ['ignore', 'ignore_ament_install']
[0.613s] Level 1:colcon.colcon_core.package_identification:_identify(src) by extension 'ignore'
[0.613s] Level 1:colcon.colcon_core.package_identification:_identify(src) by extension 'ignore_ament_install'
[0.614s] Level 1:colcon.colcon_core.package_identification:_identify(src) by extensions ['colcon_pkg']
[0.614s] Level 1:colcon.colcon_core.package_identification:_identify(src) by extension 'colcon_pkg'
[0.614s] Level 1:colcon.colcon_core.package_identification:_identify(src) by extensions ['colcon_meta']
[0.614s] Level 1:colcon.colcon_core.package_identification:_identify(src) by extension 'colcon_meta'
[0.614s] Level 1:colcon.colcon_core.package_identification:_identify(src) by extensions ['ros']
[0.614s] Level 1:colcon.colcon_core.package_identification:_identify(src) by extension 'ros'
[0.615s] Level 1:colcon.colcon_core.package_identification:_identify(src) by extensions ['cmake', 'python']
[0.615s] Level 1:colcon.colcon_core.package_identification:_identify(src) by extension 'cmake'
[0.615s] Level 1:colcon.colcon_core.package_identification:_identify(src) by extension 'python'
[0.615s] Level 1:colcon.colcon_core.package_identification:_identify(src) by extensions ['python_setup_py']
[0.615s] Level 1:colcon.colcon_core.package_identification:_identify(src) by extension 'python_setup_py'
[0.615s] Level 1:colcon.colcon_core.package_identification:_identify(src/aircraft_controller) by extensions ['ignore', 'ignore_ament_install']
[0.616s] Level 1:colcon.colcon_core.package_identification:_identify(src/aircraft_controller) by extension 'ignore'
[0.616s] Level 1:colcon.colcon_core.package_identification:_identify(src/aircraft_controller) by extension 'ignore_ament_install'
[0.616s] Level 1:colcon.colcon_core.package_identification:_identify(src/aircraft_controller) by extensions ['colcon_pkg']
[0.616s] Level 1:colcon.colcon_core.package_identification:_identify(src/aircraft_controller) by extension 'colcon_pkg'
[0.616s] Level 1:colcon.colcon_core.package_identification:_identify(src/aircraft_controller) by extensions ['colcon_meta']
[0.617s] Level 1:colcon.colcon_core.package_identification:_identify(src/aircraft_controller) by extension 'colcon_meta'
[0.617s] Level 1:colcon.colcon_core.package_identification:_identify(src/aircraft_controller) by extensions ['ros']
[0.617s] Level 1:colcon.colcon_core.package_identification:_identify(src/aircraft_controller) by extension 'ros'
[0.619s] DEBUG:colcon.colcon_core.package_identification:Package 'src/aircraft_controller' with type 'ros.ament_python' and name 'aircraft_controller'
[0.620s] Level 1:colcon.colcon_core.package_identification:_identify(src/aircraft_msgs) by extensions ['ignore', 'ignore_ament_install']
[0.620s] Level 1:colcon.colcon_core.package_identification:_identify(src/aircraft_msgs) by extension 'ignore'
[0.620s] Level 1:colcon.colcon_core.package_identification:_identify(src/aircraft_msgs) by extension 'ignore_ament_install'
[0.621s] Level 1:colcon.colcon_core.package_identification:_identify(src/aircraft_msgs) by extensions ['colcon_pkg']
[0.621s] Level 1:colcon.colcon_core.package_identification:_identify(src/aircraft_msgs) by extension 'colcon_pkg'
[0.621s] Level 1:colcon.colcon_core.package_identification:_identify(src/aircraft_msgs) by extensions ['colcon_meta']
[0.621s] Level 1:colcon.colcon_core.package_identification:_identify(src/aircraft_msgs) by extension 'colcon_meta'
[0.621s] Level 1:colcon.colcon_core.package_identification:_identify(src/aircraft_msgs) by extensions ['ros']
[0.621s] Level 1:colcon.colcon_core.package_identification:_identify(src/aircraft_msgs) by extension 'ros'
[0.623s] DEBUG:colcon.colcon_core.package_identification:Package 'src/aircraft_msgs' with type 'ros.ament_cmake' and name 'aircraft_msgs'
[0.624s] Level 1:colcon.colcon_core.package_identification:_identify(src/px4_msgs) by extensions ['ignore', 'ignore_ament_install']
[0.624s] Level 1:colcon.colcon_core.package_identification:_identify(src/px4_msgs) by extension 'ignore'
[0.624s] Level 1:colcon.colcon_core.package_identification:_identify(src/px4_msgs) by extension 'ignore_ament_install'
[0.624s] Level 1:colcon.colcon_core.package_identification:_identify(src/px4_msgs) by extensions ['colcon_pkg']
[0.624s] Level 1:colcon.colcon_core.package_identification:_identify(src/px4_msgs) by extension 'colcon_pkg'
[0.625s] Level 1:colcon.colcon_core.package_identification:_identify(src/px4_msgs) by extensions ['colcon_meta']
[0.625s] Level 1:colcon.colcon_core.package_identification:_identify(src/px4_msgs) by extension 'colcon_meta'
[0.625s] Level 1:colcon.colcon_core.package_identification:_identify(src/px4_msgs) by extensions ['ros']
[0.625s] Level 1:colcon.colcon_core.package_identification:_identify(src/px4_msgs) by extension 'ros'
[0.628s] DEBUG:colcon.colcon_core.package_identification:Package 'src/px4_msgs' with type 'ros.ament_cmake' and name 'px4_msgs'
[0.628s] Level 1:colcon.colcon_core.package_identification:_identify(src/vision_processor) by extensions ['ignore', 'ignore_ament_install']
[0.628s] Level 1:colcon.colcon_core.package_identification:_identify(src/vision_processor) by extension 'ignore'
[0.628s] Level 1:colcon.colcon_core.package_identification:_identify(src/vision_processor) by extension 'ignore_ament_install'
[0.629s] Level 1:colcon.colcon_core.package_identification:_identify(src/vision_processor) by extensions ['colcon_pkg']
[0.629s] Level 1:colcon.colcon_core.package_identification:_identify(src/vision_processor) by extension 'colcon_pkg'
[0.629s] Level 1:colcon.colcon_core.package_identification:_identify(src/vision_processor) by extensions ['colcon_meta']
[0.629s] Level 1:colcon.colcon_core.package_identification:_identify(src/vision_processor) by extension 'colcon_meta'
[0.629s] Level 1:colcon.colcon_core.package_identification:_identify(src/vision_processor) by extensions ['ros']
[0.629s] Level 1:colcon.colcon_core.package_identification:_identify(src/vision_processor) by extension 'ros'
[0.631s] DEBUG:colcon.colcon_core.package_identification:Package 'src/vision_processor' with type 'ros.ament_python' and name 'vision_processor'
[0.632s] Level 1:colcon.colcon_core.package_identification:_identify(tools) by extensions ['ignore', 'ignore_ament_install']
[0.632s] Level 1:colcon.colcon_core.package_identification:_identify(tools) by extension 'ignore'
[0.633s] Level 1:colcon.colcon_core.package_identification:_identify(tools) by extension 'ignore_ament_install'
[0.633s] Level 1:colcon.colcon_core.package_identification:_identify(tools) by extensions ['colcon_pkg']
[0.633s] Level 1:colcon.colcon_core.package_identification:_identify(tools) by extension 'colcon_pkg'
[0.633s] Level 1:colcon.colcon_core.package_identification:_identify(tools) by extensions ['colcon_meta']
[0.633s] Level 1:colcon.colcon_core.package_identification:_identify(tools) by extension 'colcon_meta'
[0.633s] Level 1:colcon.colcon_core.package_identification:_identify(tools) by extensions ['ros']
[0.633s] Level 1:colcon.colcon_core.package_identification:_identify(tools) by extension 'ros'
[0.634s] Level 1:colcon.colcon_core.package_identification:_identify(tools) by extensions ['cmake', 'python']
[0.634s] Level 1:colcon.colcon_core.package_identification:_identify(tools) by extension 'cmake'
[0.634s] Level 1:colcon.colcon_core.package_identification:_identify(tools) by extension 'python'
[0.634s] Level 1:colcon.colcon_core.package_identification:_identify(tools) by extensions ['python_setup_py']
[0.634s] Level 1:colcon.colcon_core.package_identification:_identify(tools) by extension 'python_setup_py'
[0.635s] Level 1:colcon.colcon_core.package_identification:_identify(tools/cameraStream) by extensions ['ignore', 'ignore_ament_install']
[0.635s] Level 1:colcon.colcon_core.package_identification:_identify(tools/cameraStream) by extension 'ignore'
[0.635s] Level 1:colcon.colcon_core.package_identification:_identify(tools/cameraStream) by extension 'ignore_ament_install'
[0.635s] Level 1:colcon.colcon_core.package_identification:_identify(tools/cameraStream) by extensions ['colcon_pkg']
[0.635s] Level 1:colcon.colcon_core.package_identification:_identify(tools/cameraStream) by extension 'colcon_pkg'
[0.636s] Level 1:colcon.colcon_core.package_identification:_identify(tools/cameraStream) by extensions ['colcon_meta']
[0.636s] Level 1:colcon.colcon_core.package_identification:_identify(tools/cameraStream) by extension 'colcon_meta'
[0.636s] Level 1:colcon.colcon_core.package_identification:_identify(tools/cameraStream) by extensions ['ros']
[0.636s] Level 1:colcon.colcon_core.package_identification:_identify(tools/cameraStream) by extension 'ros'
[0.636s] Level 1:colcon.colcon_core.package_identification:_identify(tools/cameraStream) by extensions ['cmake', 'python']
[0.637s] Level 1:colcon.colcon_core.package_identification:_identify(tools/cameraStream) by extension 'cmake'
[0.637s] Level 1:colcon.colcon_core.package_identification:_identify(tools/cameraStream) by extension 'python'
[0.637s] Level 1:colcon.colcon_core.package_identification:_identify(tools/cameraStream) by extensions ['python_setup_py']
[0.637s] Level 1:colcon.colcon_core.package_identification:_identify(tools/cameraStream) by extension 'python_setup_py'
[0.637s] Level 1:colcon.colcon_core.package_identification:_identify(tools/halowMonitor) by extensions ['ignore', 'ignore_ament_install']
[0.638s] Level 1:colcon.colcon_core.package_identification:_identify(tools/halowMonitor) by extension 'ignore'
[0.638s] Level 1:colcon.colcon_core.package_identification:_identify(tools/halowMonitor) by extension 'ignore_ament_install'
[0.638s] Level 1:colcon.colcon_core.package_identification:_identify(tools/halowMonitor) by extensions ['colcon_pkg']
[0.638s] Level 1:colcon.colcon_core.package_identification:_identify(tools/halowMonitor) by extension 'colcon_pkg'
[0.638s] Level 1:colcon.colcon_core.package_identification:_identify(tools/halowMonitor) by extensions ['colcon_meta']
[0.638s] Level 1:colcon.colcon_core.package_identification:_identify(tools/halowMonitor) by extension 'colcon_meta'
[0.639s] Level 1:colcon.colcon_core.package_identification:_identify(tools/halowMonitor) by extensions ['ros']
[0.639s] Level 1:colcon.colcon_core.package_identification:_identify(tools/halowMonitor) by extension 'ros'
[0.639s] Level 1:colcon.colcon_core.package_identification:_identify(tools/halowMonitor) by extensions ['cmake', 'python']
[0.639s] Level 1:colcon.colcon_core.package_identification:_identify(tools/halowMonitor) by extension 'cmake'
[0.639s] Level 1:colcon.colcon_core.package_identification:_identify(tools/halowMonitor) by extension 'python'
[0.640s] Level 1:colcon.colcon_core.package_identification:_identify(tools/halowMonitor) by extensions ['python_setup_py']
[0.640s] Level 1:colcon.colcon_core.package_identification:_identify(tools/halowMonitor) by extension 'python_setup_py'
[0.640s] Level 1:colcon.colcon_core.package_discovery:discover_packages(recursive) using defaults
[0.640s] Level 1:colcon.colcon_core.package_discovery:discover_packages(ignore) discover
[0.640s] Level 1:colcon.colcon_core.package_discovery:discover_packages(ignore) using defaults
[0.640s] Level 1:colcon.colcon_core.package_discovery:discover_packages(path) discover
[0.640s] Level 1:colcon.colcon_core.package_discovery:discover_packages(path) using defaults
[0.703s] Level 5:colcon.colcon_core.verb:set package 'aircraft_msgs' build argument 'cmake_args' from command line to 'None'
[0.703s] Level 5:colcon.colcon_core.verb:set package 'aircraft_msgs' build argument 'cmake_target' from command line to 'None'
[0.703s] Level 5:colcon.colcon_core.verb:set package 'aircraft_msgs' build argument 'cmake_target_skip_unavailable' from command line to 'False'
[0.703s] Level 5:colcon.colcon_core.verb:set package 'aircraft_msgs' build argument 'cmake_clean_cache' from command line to 'False'
[0.703s] Level 5:colcon.colcon_core.verb:set package 'aircraft_msgs' build argument 'cmake_clean_first' from command line to 'False'
[0.703s] Level 5:colcon.colcon_core.verb:set package 'aircraft_msgs' build argument 'cmake_force_configure' from command line to 'False'
[0.703s] Level 5:colcon.colcon_core.verb:set package 'aircraft_msgs' build argument 'ament_cmake_args' from command line to 'None'
[0.703s] Level 5:colcon.colcon_core.verb:set package 'aircraft_msgs' build argument 'catkin_cmake_args' from command line to 'None'
[0.703s] Level 5:colcon.colcon_core.verb:set package 'aircraft_msgs' build argument 'catkin_skip_building_tests' from command line to 'False'
[0.703s] DEBUG:colcon.colcon_core.verb:Building package 'aircraft_msgs' with the following arguments: {'ament_cmake_args': None, 'build_base': '/app/build/aircraft_msgs', 'catkin_cmake_args': None, 'catkin_skip_building_tests': False, 'cmake_args': None, 'cmake_clean_cache': False, 'cmake_clean_first': False, 'cmake_force_configure': False, 'cmake_target': None, 'cmake_target_skip_unavailable': False, 'install_base': '/app/install/aircraft_msgs', 'merge_install': False, 'path': '/app/src/aircraft_msgs', 'symlink_install': True, 'test_result_base': None}
[0.704s] Level 5:colcon.colcon_core.verb:set package 'px4' build argument 'cmake_args' from command line to 'None'
[0.704s] Level 5:colcon.colcon_core.verb:set package 'px4' build argument 'cmake_target' from command line to 'None'
[0.704s] Level 5:colcon.colcon_core.verb:set package 'px4' build argument 'cmake_target_skip_unavailable' from command line to 'False'
[0.704s] Level 5:colcon.colcon_core.verb:set package 'px4' build argument 'cmake_clean_cache' from command line to 'False'
[0.704s] Level 5:colcon.colcon_core.verb:set package 'px4' build argument 'cmake_clean_first' from command line to 'False'
[0.704s] Level 5:colcon.colcon_core.verb:set package 'px4' build argument 'cmake_force_configure' from command line to 'False'
[0.704s] Level 5:colcon.colcon_core.verb:set package 'px4' build argument 'ament_cmake_args' from command line to 'None'
[0.705s] Level 5:colcon.colcon_core.verb:set package 'px4' build argument 'catkin_cmake_args' from command line to 'None'
[0.705s] Level 5:colcon.colcon_core.verb:set package 'px4' build argument 'catkin_skip_building_tests' from command line to 'False'
[0.705s] DEBUG:colcon.colcon_core.verb:Building package 'px4' with the following arguments: {'ament_cmake_args': None, 'build_base': '/app/build/px4', 'catkin_cmake_args': None, 'catkin_skip_building_tests': False, 'cmake_args': None, 'cmake_clean_cache': False, 'cmake_clean_first': False, 'cmake_force_configure': False, 'cmake_target': None, 'cmake_target_skip_unavailable': False, 'install_base': '/app/install/px4', 'merge_install': False, 'path': '/app/PX4-Autopilot', 'symlink_install': True, 'test_result_base': None}
[0.706s] Level 5:colcon.colcon_core.verb:set package 'px4_msgs' build argument 'cmake_args' from command line to 'None'
[0.706s] Level 5:colcon.colcon_core.verb:set package 'px4_msgs' build argument 'cmake_target' from command line to 'None'
[0.706s] Level 5:colcon.colcon_core.verb:set package 'px4_msgs' build argument 'cmake_target_skip_unavailable' from command line to 'False'
[0.706s] Level 5:colcon.colcon_core.verb:set package 'px4_msgs' build argument 'cmake_clean_cache' from command line to 'False'
[0.706s] Level 5:colcon.colcon_core.verb:set package 'px4_msgs' build argument 'cmake_clean_first' from command line to 'False'
[0.706s] Level 5:colcon.colcon_core.verb:set package 'px4_msgs' build argument 'cmake_force_configure' from command line to 'False'
[0.706s] Level 5:colcon.colcon_core.verb:set package 'px4_msgs' build argument 'ament_cmake_args' from command line to 'None'
[0.706s] Level 5:colcon.colcon_core.verb:set package 'px4_msgs' build argument 'catkin_cmake_args' from command line to 'None'
[0.706s] Level 5:colcon.colcon_core.verb:set package 'px4_msgs' build argument 'catkin_skip_building_tests' from command line to 'False'
[0.706s] DEBUG:colcon.colcon_core.verb:Building package 'px4_msgs' with the following arguments: {'ament_cmake_args': None, 'build_base': '/app/build/px4_msgs', 'catkin_cmake_args': None, 'catkin_skip_building_tests': False, 'cmake_args': None, 'cmake_clean_cache': False, 'cmake_clean_first': False, 'cmake_force_configure': False, 'cmake_target': None, 'cmake_target_skip_unavailable': False, 'install_base': '/app/install/px4_msgs', 'merge_install': False, 'path': '/app/src/px4_msgs', 'symlink_install': True, 'test_result_base': None}
[0.707s] Level 5:colcon.colcon_core.verb:set package 'aircraft_controller' build argument 'cmake_args' from command line to 'None'
[0.707s] Level 5:colcon.colcon_core.verb:set package 'aircraft_controller' build argument 'cmake_target' from command line to 'None'
[0.707s] Level 5:colcon.colcon_core.verb:set package 'aircraft_controller' build argument 'cmake_target_skip_unavailable' from command line to 'False'
[0.707s] Level 5:colcon.colcon_core.verb:set package 'aircraft_controller' build argument 'cmake_clean_cache' from command line to 'False'
[0.707s] Level 5:colcon.colcon_core.verb:set package 'aircraft_controller' build argument 'cmake_clean_first' from command line to 'False'
[0.707s] Level 5:colcon.colcon_core.verb:set package 'aircraft_controller' build argument 'cmake_force_configure' from command line to 'False'
[0.708s] Level 5:colcon.colcon_core.verb:set package 'aircraft_controller' build argument 'ament_cmake_args' from command line to 'None'
[0.708s] Level 5:colcon.colcon_core.verb:set package 'aircraft_controller' build argument 'catkin_cmake_args' from command line to 'None'
[0.708s] Level 5:colcon.colcon_core.verb:set package 'aircraft_controller' build argument 'catkin_skip_building_tests' from command line to 'False'
[0.708s] DEBUG:colcon.colcon_core.verb:Building package 'aircraft_controller' with the following arguments: {'ament_cmake_args': None, 'build_base': '/app/build/aircraft_controller', 'catkin_cmake_args': None, 'catkin_skip_building_tests': False, 'cmake_args': None, 'cmake_clean_cache': False, 'cmake_clean_first': False, 'cmake_force_configure': False, 'cmake_target': None, 'cmake_target_skip_unavailable': False, 'install_base': '/app/install/aircraft_controller', 'merge_install': False, 'path': '/app/src/aircraft_controller', 'symlink_install': True, 'test_result_base': None}
[0.708s] Level 5:colcon.colcon_core.verb:set package 'vision_processor' build argument 'cmake_args' from command line to 'None'
[0.708s] Level 5:colcon.colcon_core.verb:set package 'vision_processor' build argument 'cmake_target' from command line to 'None'
[0.708s] Level 5:colcon.colcon_core.verb:set package 'vision_processor' build argument 'cmake_target_skip_unavailable' from command line to 'False'
[0.709s] Level 5:colcon.colcon_core.verb:set package 'vision_processor' build argument 'cmake_clean_cache' from command line to 'False'
[0.709s] Level 5:colcon.colcon_core.verb:set package 'vision_processor' build argument 'cmake_clean_first' from command line to 'False'
[0.709s] Level 5:colcon.colcon_core.verb:set package 'vision_processor' build argument 'cmake_force_configure' from command line to 'False'
[0.709s] Level 5:colcon.colcon_core.verb:set package 'vision_processor' build argument 'ament_cmake_args' from command line to 'None'
[0.709s] Level 5:colcon.colcon_core.verb:set package 'vision_processor' build argument 'catkin_cmake_args' from command line to 'None'
[0.709s] Level 5:colcon.colcon_core.verb:set package 'vision_processor' build argument 'catkin_skip_building_tests' from command line to 'False'
[0.709s] DEBUG:colcon.colcon_core.verb:Building package 'vision_processor' with the following arguments: {'ament_cmake_args': None, 'build_base': '/app/build/vision_processor', 'catkin_cmake_args': None, 'catkin_skip_building_tests': False, 'cmake_args': None, 'cmake_clean_cache': False, 'cmake_clean_first': False, 'cmake_force_configure': False, 'cmake_target': None, 'cmake_target_skip_unavailable': False, 'install_base': '/app/install/vision_processor', 'merge_install': False, 'path': '/app/src/vision_processor', 'symlink_install': True, 'test_result_base': None}
[0.709s] INFO:colcon.colcon_core.executor:Executing jobs using 'parallel' executor
[0.711s] DEBUG:colcon.colcon_parallel_executor.executor.parallel:run_until_complete
[0.712s] INFO:colcon.colcon_ros.task.ament_cmake.build:Building ROS package in '/app/src/aircraft_msgs' with build type 'ament_cmake'
[0.713s] INFO:colcon.colcon_cmake.task.cmake.build:Building CMake package in '/app/src/aircraft_msgs'
[0.720s] INFO:colcon.colcon_core.plugin_system:Skipping extension 'colcon_core.shell.bat': Not used on non-Windows systems
[0.721s] INFO:colcon.colcon_core.shell:Skip shell extension 'powershell' for command environment: Not usable outside of PowerShell
[0.722s] DEBUG:colcon.colcon_core.shell:Skip shell extension 'dsv' for command environment
[0.725s] WARNING:colcon.colcon_ros.prefix_path.ament:The path '/app/install/vision_processor' in the environment variable AMENT_PREFIX_PATH doesn't exist
[0.726s] WARNING:colcon.colcon_ros.prefix_path.ament:The path '/app/install/aircraft_msgs' in the environment variable AMENT_PREFIX_PATH doesn't exist
[0.726s] WARNING:colcon.colcon_ros.prefix_path.catkin:The path '/app/install/aircraft_msgs' in the environment variable CMAKE_PREFIX_PATH doesn't exist
[0.739s] INFO:colcon.colcon_ros.task.ament_cmake.build:Building ROS package in '/app/src/px4_msgs' with build type 'ament_cmake'
[0.739s] INFO:colcon.colcon_cmake.task.cmake.build:Building CMake package in '/app/src/px4_msgs'
[0.740s] INFO:colcon.colcon_core.shell:Skip shell extension 'powershell' for command environment: Not usable outside of PowerShell
[0.740s] DEBUG:colcon.colcon_core.shell:Skip shell extension 'dsv' for command environment
[0.748s] INFO:colcon.colcon_ros.task.ament_cmake.build:Building ROS package in '/app/PX4-Autopilot' with build type 'ament_cmake'
[0.749s] INFO:colcon.colcon_cmake.task.cmake.build:Building CMake package in '/app/PX4-Autopilot'
[0.750s] INFO:colcon.colcon_core.shell:Skip shell extension 'powershell' for command environment: Not usable outside of PowerShell
[0.750s] DEBUG:colcon.colcon_core.shell:Skip shell extension 'dsv' for command environment
[0.767s] DEBUG:colcon.colcon_core.event_handler.log_command:Invoking command in '/app/build/aircraft_msgs': CMAKE_PREFIX_PATH=${CMAKE_PREFIX_PATH}:/app/install/vision_processor:/app/install/aircraft_controller:/opt/ros/jazzy /usr/bin/cmake /app/src/aircraft_msgs -DAMENT_CMAKE_SYMLINK_INSTALL=1 -DCMAKE_INSTALL_PREFIX=/app/install/aircraft_msgs
[0.779s] DEBUG:colcon.colcon_core.event_handler.log_command:Invoking command in '/app/build/px4_msgs': CMAKE_PREFIX_PATH=${CMAKE_PREFIX_PATH}:/app/install/vision_processor:/app/install/aircraft_controller:/opt/ros/jazzy /usr/bin/cmake /app/src/px4_msgs -DAMENT_CMAKE_SYMLINK_INSTALL=1 -DCMAKE_INSTALL_PREFIX=/app/install/px4_msgs
[0.787s] DEBUG:colcon.colcon_core.event_handler.log_command:Invoking command in '/app/build/px4': CMAKE_PREFIX_PATH=${CMAKE_PREFIX_PATH}:/app/install/vision_processor:/app/install/aircraft_controller:/opt/ros/jazzy /usr/bin/cmake /app/PX4-Autopilot -DAMENT_CMAKE_SYMLINK_INSTALL=1 -DCMAKE_INSTALL_PREFIX=/app/install/px4
[1.019s] DEBUG:colcon.colcon_core.event_handler.log_command:Invoked command in '/app/build/px4' returned '1': CMAKE_PREFIX_PATH=${CMAKE_PREFIX_PATH}:/app/install/vision_processor:/app/install/aircraft_controller:/opt/ros/jazzy /usr/bin/cmake /app/PX4-Autopilot -DAMENT_CMAKE_SYMLINK_INSTALL=1 -DCMAKE_INSTALL_PREFIX=/app/install/px4
[1.049s] Level 1:colcon.colcon_core.environment:create_environment_scripts_only(px4)
[1.058s] Level 1:colcon.colcon_core.environment:checking '/app/install/px4' for CMake module files
[1.060s] Level 1:colcon.colcon_core.environment:checking '/app/install/px4' for CMake config files
[1.061s] Level 1:colcon.colcon_core.environment:checking '/app/install/px4/bin'
[1.062s] Level 1:colcon.colcon_core.environment:checking '/app/install/px4/lib/pkgconfig/px4.pc'
[1.068s] Level 1:colcon.colcon_core.environment:checking '/app/install/px4/lib/python3.12/site-packages'
[1.069s] Level 1:colcon.colcon_core.environment:checking '/app/install/px4/bin'
[1.070s] INFO:colcon.colcon_core.shell:Creating package script '/app/install/px4/share/px4/package.ps1'
[1.074s] INFO:colcon.colcon_core.shell:Creating package descriptor '/app/install/px4/share/px4/package.dsv'
[1.075s] INFO:colcon.colcon_core.shell:Creating package script '/app/install/px4/share/px4/package.sh'
[1.077s] INFO:colcon.colcon_core.shell:Creating package script '/app/install/px4/share/px4/package.bash'
[1.079s] INFO:colcon.colcon_core.shell:Creating package script '/app/install/px4/share/px4/package.zsh'
[1.081s] Level 1:colcon.colcon_core.environment:create_file_with_runtime_dependencies(/app/install/px4/share/colcon-core/packages/px4)
[10.975s] DEBUG:colcon.colcon_parallel_executor.executor.parallel:closing loop
[10.976s] DEBUG:colcon.colcon_parallel_executor.executor.parallel:loop closed
[10.977s] DEBUG:colcon.colcon_parallel_executor.executor.parallel:run_until_complete finished with '1'
[10.977s] DEBUG:colcon.colcon_core.event_reactor:joining thread
[11.001s] INFO:colcon.colcon_core.plugin_system:Skipping extension 'colcon_notification.desktop_notification.notify_send': Could not find 'notify-send'
[11.001s] INFO:colcon.colcon_core.plugin_system:Skipping extension 'colcon_notification.desktop_notification.terminal_notifier': Not used on non-Darwin systems
[11.002s] INFO:colcon.colcon_core.plugin_system:Skipping extension 'colcon_notification.desktop_notification.win32': Not used on non-Windows systems
[11.002s] INFO:colcon.colcon_notification.desktop_notification:Sending desktop notification using 'notify2'
[11.007s] DEBUG:colcon.colcon_notification.desktop_notification.notify2:Failed to initialize notify2: org.freedesktop.DBus.Error.Spawn.ExecFailed: /usr/bin/dbus-launch terminated abnormally without any error message
[11.008s] DEBUG:colcon.colcon_core.event_reactor:joined thread
[11.009s] INFO:colcon.colcon_core.shell:Creating prefix script '/app/install/local_setup.ps1'
[11.013s] INFO:colcon.colcon_core.shell:Creating prefix util module '/app/install/_local_setup_util_ps1.py'
[11.018s] INFO:colcon.colcon_core.shell:Creating prefix chain script '/app/install/setup.ps1'
[11.022s] INFO:colcon.colcon_core.shell:Creating prefix script '/app/install/local_setup.sh'
[11.024s] INFO:colcon.colcon_core.shell:Creating prefix util module '/app/install/_local_setup_util_sh.py'
[11.026s] INFO:colcon.colcon_core.shell:Creating prefix chain script '/app/install/setup.sh'
[11.030s] INFO:colcon.colcon_core.shell:Creating prefix script '/app/install/local_setup.bash'
[11.031s] INFO:colcon.colcon_core.shell:Creating prefix chain script '/app/install/setup.bash'
[11.035s] INFO:colcon.colcon_core.shell:Creating prefix script '/app/install/local_setup.zsh'
[11.037s] INFO:colcon.colcon_core.shell:Creating prefix chain script '/app/install/setup.zsh'
