[0.344s] DEBUG:colcon:Command line arguments: ['/usr/bin/colcon', 'build', '--symlink-install', '--packages-select', 'px4_msgs']
[0.344s] DEBUG:colcon:Parsed command line arguments: Namespace(log_base=None, log_level=None, verb_name='build', build_base='build', install_base='install', merge_install=False, symlink_install=True, test_result_base=None, continue_on_error=False, executor='parallel', parallel_workers=20, event_handlers=None, ignore_user_meta=False, metas=['./colcon.meta'], base_paths=['.'], packages_ignore=None, packages_ignore_regex=None, paths=None, packages_up_to=None, packages_up_to_regex=None, packages_above=None, packages_above_and_dependencies=None, packages_above_depth=None, packages_select_by_dep=None, packages_skip_by_dep=None, packages_skip_up_to=None, packages_select_build_failed=False, packages_skip_build_finished=False, packages_select_test_failures=False, packages_skip_test_passed=False, packages_select=['px4_msgs'], packages_skip=None, packages_select_regex=None, packages_skip_regex=None, packages_start=None, packages_end=None, cmake_args=None, cmake_target=None, cmake_target_skip_unavailable=False, cmake_clean_cache=False, cmake_clean_first=False, cmake_force_configure=False, ament_cmake_args=None, catkin_cmake_args=None, catkin_skip_building_tests=False, mixin_files=None, mixin=None, verb_parser=<colcon_mixin.mixin.mixin_argument.MixinArgumentDecorator object at 0x7851d2f5cce0>, verb_extension=<colcon_core.verb.build.BuildVerb object at 0x7851d30bd130>, main=<bound method BuildVerb.main of <colcon_core.verb.build.BuildVerb object at 0x7851d30bd130>>, mixin_verb=('build',))
[0.499s] Level 1:colcon.colcon_core.package_discovery:discover_packages(colcon_meta) check parameters
[0.500s] Level 1:colcon.colcon_core.package_discovery:discover_packages(recursive) check parameters
[0.500s] Level 1:colcon.colcon_core.package_discovery:discover_packages(ignore) check parameters
[0.500s] Level 1:colcon.colcon_core.package_discovery:discover_packages(path) check parameters
[0.500s] Level 1:colcon.colcon_core.package_discovery:discover_packages(colcon_meta) discover
[0.500s] Level 1:colcon.colcon_core.package_discovery:discover_packages(recursive) discover
[0.501s] INFO:colcon.colcon_core.package_discovery:Crawling recursively for packages in '/app'
[0.501s] Level 1:colcon.colcon_core.package_identification:_identify(.) by extensions ['ignore', 'ignore_ament_install']
[0.501s] Level 1:colcon.colcon_core.package_identification:_identify(.) by extension 'ignore'
[0.501s] Level 1:colcon.colcon_core.package_identification:_identify(.) by extension 'ignore_ament_install'
[0.502s] Level 1:colcon.colcon_core.package_identification:_identify(.) by extensions ['colcon_pkg']
[0.502s] Level 1:colcon.colcon_core.package_identification:_identify(.) by extension 'colcon_pkg'
[0.502s] Level 1:colcon.colcon_core.package_identification:_identify(.) by extensions ['colcon_meta']
[0.502s] Level 1:colcon.colcon_core.package_identification:_identify(.) by extension 'colcon_meta'
[0.502s] Level 1:colcon.colcon_core.package_identification:_identify(.) by extensions ['ros']
[0.502s] Level 1:colcon.colcon_core.package_identification:_identify(.) by extension 'ros'
[0.609s] Level 1:colcon.colcon_core.package_identification:_identify(.) by extensions ['cmake', 'python']
[0.609s] Level 1:colcon.colcon_core.package_identification:_identify(.) by extension 'cmake'
[0.610s] Level 1:colcon.colcon_core.package_identification:_identify(.) by extension 'python'
[0.610s] Level 1:colcon.colcon_core.package_identification:_identify(.) by extensions ['python_setup_py']
[0.610s] Level 1:colcon.colcon_core.package_identification:_identify(.) by extension 'python_setup_py'
[0.610s] Level 1:colcon.colcon_core.package_identification:_identify(PX4-Autopilot) by extensions ['ignore', 'ignore_ament_install']
[0.611s] Level 1:colcon.colcon_core.package_identification:_identify(PX4-Autopilot) by extension 'ignore'
[0.611s] Level 1:colcon.colcon_core.package_identification:_identify(PX4-Autopilot) by extension 'ignore_ament_install'
[0.611s] Level 1:colcon.colcon_core.package_identification:_identify(PX4-Autopilot) by extensions ['colcon_pkg']
[0.612s] Level 1:colcon.colcon_core.package_identification:_identify(PX4-Autopilot) by extension 'colcon_pkg'
[0.612s] Level 1:colcon.colcon_core.package_identification:_identify(PX4-Autopilot) by extensions ['colcon_meta']
[0.612s] Level 1:colcon.colcon_core.package_identification:_identify(PX4-Autopilot) by extension 'colcon_meta'
[0.612s] Level 1:colcon.colcon_core.package_identification:_identify(PX4-Autopilot) by extensions ['ros']
[0.612s] Level 1:colcon.colcon_core.package_identification:_identify(PX4-Autopilot) by extension 'ros'
[0.622s] DEBUG:colcon.colcon_core.package_identification:Package 'PX4-Autopilot' with type 'ros.ament_cmake' and name 'px4'
[0.623s] Level 1:colcon.colcon_core.package_identification:_identify(build) by extensions ['ignore', 'ignore_ament_install']
[0.623s] Level 1:colcon.colcon_core.package_identification:_identify(build) by extension 'ignore'
[0.623s] Level 1:colcon.colcon_core.package_identification:_identify(build) ignored
[0.624s] Level 1:colcon.colcon_core.package_identification:_identify(docker) by extensions ['ignore', 'ignore_ament_install']
[0.624s] Level 1:colcon.colcon_core.package_identification:_identify(docker) by extension 'ignore'
[0.624s] Level 1:colcon.colcon_core.package_identification:_identify(docker) by extension 'ignore_ament_install'
[0.625s] Level 1:colcon.colcon_core.package_identification:_identify(docker) by extensions ['colcon_pkg']
[0.625s] Level 1:colcon.colcon_core.package_identification:_identify(docker) by extension 'colcon_pkg'
[0.625s] Level 1:colcon.colcon_core.package_identification:_identify(docker) by extensions ['colcon_meta']
[0.625s] Level 1:colcon.colcon_core.package_identification:_identify(docker) by extension 'colcon_meta'
[0.625s] Level 1:colcon.colcon_core.package_identification:_identify(docker) by extensions ['ros']
[0.625s] Level 1:colcon.colcon_core.package_identification:_identify(docker) by extension 'ros'
[0.626s] Level 1:colcon.colcon_core.package_identification:_identify(docker) by extensions ['cmake', 'python']
[0.626s] Level 1:colcon.colcon_core.package_identification:_identify(docker) by extension 'cmake'
[0.626s] Level 1:colcon.colcon_core.package_identification:_identify(docker) by extension 'python'
[0.626s] Level 1:colcon.colcon_core.package_identification:_identify(docker) by extensions ['python_setup_py']
[0.626s] Level 1:colcon.colcon_core.package_identification:_identify(docker) by extension 'python_setup_py'
[0.627s] Level 1:colcon.colcon_core.package_identification:_identify(docker/px4_sim) by extensions ['ignore', 'ignore_ament_install']
[0.627s] Level 1:colcon.colcon_core.package_identification:_identify(docker/px4_sim) by extension 'ignore'
[0.627s] Level 1:colcon.colcon_core.package_identification:_identify(docker/px4_sim) by extension 'ignore_ament_install'
[0.627s] Level 1:colcon.colcon_core.package_identification:_identify(docker/px4_sim) by extensions ['colcon_pkg']
[0.628s] Level 1:colcon.colcon_core.package_identification:_identify(docker/px4_sim) by extension 'colcon_pkg'
[0.628s] Level 1:colcon.colcon_core.package_identification:_identify(docker/px4_sim) by extensions ['colcon_meta']
[0.628s] Level 1:colcon.colcon_core.package_identification:_identify(docker/px4_sim) by extension 'colcon_meta'
[0.628s] Level 1:colcon.colcon_core.package_identification:_identify(docker/px4_sim) by extensions ['ros']
[0.628s] Level 1:colcon.colcon_core.package_identification:_identify(docker/px4_sim) by extension 'ros'
[0.628s] Level 1:colcon.colcon_core.package_identification:_identify(docker/px4_sim) by extensions ['cmake', 'python']
[0.629s] Level 1:colcon.colcon_core.package_identification:_identify(docker/px4_sim) by extension 'cmake'
[0.629s] Level 1:colcon.colcon_core.package_identification:_identify(docker/px4_sim) by extension 'python'
[0.629s] Level 1:colcon.colcon_core.package_identification:_identify(docker/px4_sim) by extensions ['python_setup_py']
[0.629s] Level 1:colcon.colcon_core.package_identification:_identify(docker/px4_sim) by extension 'python_setup_py'
[0.629s] Level 1:colcon.colcon_core.package_identification:_identify(docker/ros2) by extensions ['ignore', 'ignore_ament_install']
[0.630s] Level 1:colcon.colcon_core.package_identification:_identify(docker/ros2) by extension 'ignore'
[0.630s] Level 1:colcon.colcon_core.package_identification:_identify(docker/ros2) by extension 'ignore_ament_install'
[0.630s] Level 1:colcon.colcon_core.package_identification:_identify(docker/ros2) by extensions ['colcon_pkg']
[0.630s] Level 1:colcon.colcon_core.package_identification:_identify(docker/ros2) by extension 'colcon_pkg'
[0.630s] Level 1:colcon.colcon_core.package_identification:_identify(docker/ros2) by extensions ['colcon_meta']
[0.631s] Level 1:colcon.colcon_core.package_identification:_identify(docker/ros2) by extension 'colcon_meta'
[0.631s] Level 1:colcon.colcon_core.package_identification:_identify(docker/ros2) by extensions ['ros']
[0.631s] Level 1:colcon.colcon_core.package_identification:_identify(docker/ros2) by extension 'ros'
[0.631s] Level 1:colcon.colcon_core.package_identification:_identify(docker/ros2) by extensions ['cmake', 'python']
[0.631s] Level 1:colcon.colcon_core.package_identification:_identify(docker/ros2) by extension 'cmake'
[0.631s] Level 1:colcon.colcon_core.package_identification:_identify(docker/ros2) by extension 'python'
[0.632s] Level 1:colcon.colcon_core.package_identification:_identify(docker/ros2) by extensions ['python_setup_py']
[0.632s] Level 1:colcon.colcon_core.package_identification:_identify(docker/ros2) by extension 'python_setup_py'
[0.632s] Level 1:colcon.colcon_core.package_identification:_identify(docs) by extensions ['ignore', 'ignore_ament_install']
[0.632s] Level 1:colcon.colcon_core.package_identification:_identify(docs) by extension 'ignore'
[0.633s] Level 1:colcon.colcon_core.package_identification:_identify(docs) by extension 'ignore_ament_install'
[0.633s] Level 1:colcon.colcon_core.package_identification:_identify(docs) by extensions ['colcon_pkg']
[0.633s] Level 1:colcon.colcon_core.package_identification:_identify(docs) by extension 'colcon_pkg'
[0.633s] Level 1:colcon.colcon_core.package_identification:_identify(docs) by extensions ['colcon_meta']
[0.633s] Level 1:colcon.colcon_core.package_identification:_identify(docs) by extension 'colcon_meta'
[0.633s] Level 1:colcon.colcon_core.package_identification:_identify(docs) by extensions ['ros']
[0.633s] Level 1:colcon.colcon_core.package_identification:_identify(docs) by extension 'ros'
[0.634s] Level 1:colcon.colcon_core.package_identification:_identify(docs) by extensions ['cmake', 'python']
[0.634s] Level 1:colcon.colcon_core.package_identification:_identify(docs) by extension 'cmake'
[0.634s] Level 1:colcon.colcon_core.package_identification:_identify(docs) by extension 'python'
[0.634s] Level 1:colcon.colcon_core.package_identification:_identify(docs) by extensions ['python_setup_py']
[0.634s] Level 1:colcon.colcon_core.package_identification:_identify(docs) by extension 'python_setup_py'
[0.635s] Level 1:colcon.colcon_core.package_identification:_identify(install) by extensions ['ignore', 'ignore_ament_install']
[0.635s] Level 1:colcon.colcon_core.package_identification:_identify(install) by extension 'ignore'
[0.635s] Level 1:colcon.colcon_core.package_identification:_identify(install) ignored
[0.635s] Level 1:colcon.colcon_core.package_identification:_identify(log) by extensions ['ignore', 'ignore_ament_install']
[0.636s] Level 1:colcon.colcon_core.package_identification:_identify(log) by extension 'ignore'
[0.636s] Level 1:colcon.colcon_core.package_identification:_identify(log) ignored
[0.636s] Level 1:colcon.colcon_core.package_identification:_identify(src) by extensions ['ignore', 'ignore_ament_install']
[0.636s] Level 1:colcon.colcon_core.package_identification:_identify(src) by extension 'ignore'
[0.637s] Level 1:colcon.colcon_core.package_identification:_identify(src) by extension 'ignore_ament_install'
[0.637s] Level 1:colcon.colcon_core.package_identification:_identify(src) by extensions ['colcon_pkg']
[0.637s] Level 1:colcon.colcon_core.package_identification:_identify(src) by extension 'colcon_pkg'
[0.637s] Level 1:colcon.colcon_core.package_identification:_identify(src) by extensions ['colcon_meta']
[0.637s] Level 1:colcon.colcon_core.package_identification:_identify(src) by extension 'colcon_meta'
[0.638s] Level 1:colcon.colcon_core.package_identification:_identify(src) by extensions ['ros']
[0.638s] Level 1:colcon.colcon_core.package_identification:_identify(src) by extension 'ros'
[0.638s] Level 1:colcon.colcon_core.package_identification:_identify(src) by extensions ['cmake', 'python']
[0.638s] Level 1:colcon.colcon_core.package_identification:_identify(src) by extension 'cmake'
[0.638s] Level 1:colcon.colcon_core.package_identification:_identify(src) by extension 'python'
[0.638s] Level 1:colcon.colcon_core.package_identification:_identify(src) by extensions ['python_setup_py']
[0.639s] Level 1:colcon.colcon_core.package_identification:_identify(src) by extension 'python_setup_py'
[0.639s] Level 1:colcon.colcon_core.package_identification:_identify(src/aircraft_controller) by extensions ['ignore', 'ignore_ament_install']
[0.639s] Level 1:colcon.colcon_core.package_identification:_identify(src/aircraft_controller) by extension 'ignore'
[0.639s] Level 1:colcon.colcon_core.package_identification:_identify(src/aircraft_controller) by extension 'ignore_ament_install'
[0.640s] Level 1:colcon.colcon_core.package_identification:_identify(src/aircraft_controller) by extensions ['colcon_pkg']
[0.640s] Level 1:colcon.colcon_core.package_identification:_identify(src/aircraft_controller) by extension 'colcon_pkg'
[0.640s] Level 1:colcon.colcon_core.package_identification:_identify(src/aircraft_controller) by extensions ['colcon_meta']
[0.640s] Level 1:colcon.colcon_core.package_identification:_identify(src/aircraft_controller) by extension 'colcon_meta'
[0.640s] Level 1:colcon.colcon_core.package_identification:_identify(src/aircraft_controller) by extensions ['ros']
[0.640s] Level 1:colcon.colcon_core.package_identification:_identify(src/aircraft_controller) by extension 'ros'
[0.643s] DEBUG:colcon.colcon_core.package_identification:Package 'src/aircraft_controller' with type 'ros.ament_python' and name 'aircraft_controller'
[0.643s] Level 1:colcon.colcon_core.package_identification:_identify(src/aircraft_msgs) by extensions ['ignore', 'ignore_ament_install']
[0.644s] Level 1:colcon.colcon_core.package_identification:_identify(src/aircraft_msgs) by extension 'ignore'
[0.644s] Level 1:colcon.colcon_core.package_identification:_identify(src/aircraft_msgs) by extension 'ignore_ament_install'
[0.644s] Level 1:colcon.colcon_core.package_identification:_identify(src/aircraft_msgs) by extensions ['colcon_pkg']
[0.644s] Level 1:colcon.colcon_core.package_identification:_identify(src/aircraft_msgs) by extension 'colcon_pkg'
[0.644s] Level 1:colcon.colcon_core.package_identification:_identify(src/aircraft_msgs) by extensions ['colcon_meta']
[0.644s] Level 1:colcon.colcon_core.package_identification:_identify(src/aircraft_msgs) by extension 'colcon_meta'
[0.645s] Level 1:colcon.colcon_core.package_identification:_identify(src/aircraft_msgs) by extensions ['ros']
[0.645s] Level 1:colcon.colcon_core.package_identification:_identify(src/aircraft_msgs) by extension 'ros'
[0.647s] DEBUG:colcon.colcon_core.package_identification:Package 'src/aircraft_msgs' with type 'ros.ament_cmake' and name 'aircraft_msgs'
[0.647s] Level 1:colcon.colcon_core.package_identification:_identify(src/px4_msgs) by extensions ['ignore', 'ignore_ament_install']
[0.647s] Level 1:colcon.colcon_core.package_identification:_identify(src/px4_msgs) by extension 'ignore'
[0.648s] Level 1:colcon.colcon_core.package_identification:_identify(src/px4_msgs) by extension 'ignore_ament_install'
[0.648s] Level 1:colcon.colcon_core.package_identification:_identify(src/px4_msgs) by extensions ['colcon_pkg']
[0.648s] Level 1:colcon.colcon_core.package_identification:_identify(src/px4_msgs) by extension 'colcon_pkg'
[0.648s] Level 1:colcon.colcon_core.package_identification:_identify(src/px4_msgs) by extensions ['colcon_meta']
[0.648s] Level 1:colcon.colcon_core.package_identification:_identify(src/px4_msgs) by extension 'colcon_meta'
[0.649s] Level 1:colcon.colcon_core.package_identification:_identify(src/px4_msgs) by extensions ['ros']
[0.649s] Level 1:colcon.colcon_core.package_identification:_identify(src/px4_msgs) by extension 'ros'
[0.651s] DEBUG:colcon.colcon_core.package_identification:Package 'src/px4_msgs' with type 'ros.ament_cmake' and name 'px4_msgs'
[0.652s] Level 1:colcon.colcon_core.package_identification:_identify(src/vision_processor) by extensions ['ignore', 'ignore_ament_install']
[0.652s] Level 1:colcon.colcon_core.package_identification:_identify(src/vision_processor) by extension 'ignore'
[0.652s] Level 1:colcon.colcon_core.package_identification:_identify(src/vision_processor) by extension 'ignore_ament_install'
[0.652s] Level 1:colcon.colcon_core.package_identification:_identify(src/vision_processor) by extensions ['colcon_pkg']
[0.652s] Level 1:colcon.colcon_core.package_identification:_identify(src/vision_processor) by extension 'colcon_pkg'
[0.653s] Level 1:colcon.colcon_core.package_identification:_identify(src/vision_processor) by extensions ['colcon_meta']
[0.653s] Level 1:colcon.colcon_core.package_identification:_identify(src/vision_processor) by extension 'colcon_meta'
[0.653s] Level 1:colcon.colcon_core.package_identification:_identify(src/vision_processor) by extensions ['ros']
[0.653s] Level 1:colcon.colcon_core.package_identification:_identify(src/vision_processor) by extension 'ros'
[0.655s] DEBUG:colcon.colcon_core.package_identification:Package 'src/vision_processor' with type 'ros.ament_python' and name 'vision_processor'
[0.656s] Level 1:colcon.colcon_core.package_identification:_identify(tools) by extensions ['ignore', 'ignore_ament_install']
[0.656s] Level 1:colcon.colcon_core.package_identification:_identify(tools) by extension 'ignore'
[0.656s] Level 1:colcon.colcon_core.package_identification:_identify(tools) by extension 'ignore_ament_install'
[0.656s] Level 1:colcon.colcon_core.package_identification:_identify(tools) by extensions ['colcon_pkg']
[0.656s] Level 1:colcon.colcon_core.package_identification:_identify(tools) by extension 'colcon_pkg'
[0.657s] Level 1:colcon.colcon_core.package_identification:_identify(tools) by extensions ['colcon_meta']
[0.657s] Level 1:colcon.colcon_core.package_identification:_identify(tools) by extension 'colcon_meta'
[0.657s] Level 1:colcon.colcon_core.package_identification:_identify(tools) by extensions ['ros']
[0.657s] Level 1:colcon.colcon_core.package_identification:_identify(tools) by extension 'ros'
[0.657s] Level 1:colcon.colcon_core.package_identification:_identify(tools) by extensions ['cmake', 'python']
[0.658s] Level 1:colcon.colcon_core.package_identification:_identify(tools) by extension 'cmake'
[0.658s] Level 1:colcon.colcon_core.package_identification:_identify(tools) by extension 'python'
[0.658s] Level 1:colcon.colcon_core.package_identification:_identify(tools) by extensions ['python_setup_py']
[0.658s] Level 1:colcon.colcon_core.package_identification:_identify(tools) by extension 'python_setup_py'
[0.658s] Level 1:colcon.colcon_core.package_identification:_identify(tools/cameraStream) by extensions ['ignore', 'ignore_ament_install']
[0.659s] Level 1:colcon.colcon_core.package_identification:_identify(tools/cameraStream) by extension 'ignore'
[0.659s] Level 1:colcon.colcon_core.package_identification:_identify(tools/cameraStream) by extension 'ignore_ament_install'
[0.659s] Level 1:colcon.colcon_core.package_identification:_identify(tools/cameraStream) by extensions ['colcon_pkg']
[0.659s] Level 1:colcon.colcon_core.package_identification:_identify(tools/cameraStream) by extension 'colcon_pkg'
[0.659s] Level 1:colcon.colcon_core.package_identification:_identify(tools/cameraStream) by extensions ['colcon_meta']
[0.659s] Level 1:colcon.colcon_core.package_identification:_identify(tools/cameraStream) by extension 'colcon_meta'
[0.660s] Level 1:colcon.colcon_core.package_identification:_identify(tools/cameraStream) by extensions ['ros']
[0.660s] Level 1:colcon.colcon_core.package_identification:_identify(tools/cameraStream) by extension 'ros'
[0.660s] Level 1:colcon.colcon_core.package_identification:_identify(tools/cameraStream) by extensions ['cmake', 'python']
[0.660s] Level 1:colcon.colcon_core.package_identification:_identify(tools/cameraStream) by extension 'cmake'
[0.660s] Level 1:colcon.colcon_core.package_identification:_identify(tools/cameraStream) by extension 'python'
[0.661s] Level 1:colcon.colcon_core.package_identification:_identify(tools/cameraStream) by extensions ['python_setup_py']
[0.661s] Level 1:colcon.colcon_core.package_identification:_identify(tools/cameraStream) by extension 'python_setup_py'
[0.661s] Level 1:colcon.colcon_core.package_identification:_identify(tools/halowMonitor) by extensions ['ignore', 'ignore_ament_install']
[0.661s] Level 1:colcon.colcon_core.package_identification:_identify(tools/halowMonitor) by extension 'ignore'
[0.662s] Level 1:colcon.colcon_core.package_identification:_identify(tools/halowMonitor) by extension 'ignore_ament_install'
[0.662s] Level 1:colcon.colcon_core.package_identification:_identify(tools/halowMonitor) by extensions ['colcon_pkg']
[0.662s] Level 1:colcon.colcon_core.package_identification:_identify(tools/halowMonitor) by extension 'colcon_pkg'
[0.662s] Level 1:colcon.colcon_core.package_identification:_identify(tools/halowMonitor) by extensions ['colcon_meta']
[0.662s] Level 1:colcon.colcon_core.package_identification:_identify(tools/halowMonitor) by extension 'colcon_meta'
[0.662s] Level 1:colcon.colcon_core.package_identification:_identify(tools/halowMonitor) by extensions ['ros']
[0.662s] Level 1:colcon.colcon_core.package_identification:_identify(tools/halowMonitor) by extension 'ros'
[0.663s] Level 1:colcon.colcon_core.package_identification:_identify(tools/halowMonitor) by extensions ['cmake', 'python']
[0.663s] Level 1:colcon.colcon_core.package_identification:_identify(tools/halowMonitor) by extension 'cmake'
[0.663s] Level 1:colcon.colcon_core.package_identification:_identify(tools/halowMonitor) by extension 'python'
[0.663s] Level 1:colcon.colcon_core.package_identification:_identify(tools/halowMonitor) by extensions ['python_setup_py']
[0.663s] Level 1:colcon.colcon_core.package_identification:_identify(tools/halowMonitor) by extension 'python_setup_py'
[0.664s] Level 1:colcon.colcon_core.package_discovery:discover_packages(recursive) using defaults
[0.664s] Level 1:colcon.colcon_core.package_discovery:discover_packages(ignore) discover
[0.664s] Level 1:colcon.colcon_core.package_discovery:discover_packages(ignore) using defaults
[0.664s] Level 1:colcon.colcon_core.package_discovery:discover_packages(path) discover
[0.664s] Level 1:colcon.colcon_core.package_discovery:discover_packages(path) using defaults
[0.737s] INFO:colcon.colcon_core.package_selection:Skipping not selected package 'aircraft_msgs' in 'src/aircraft_msgs'
[0.737s] INFO:colcon.colcon_core.package_selection:Skipping not selected package 'px4' in 'PX4-Autopilot'
[0.737s] INFO:colcon.colcon_core.package_selection:Skipping not selected package 'aircraft_controller' in 'src/aircraft_controller'
[0.737s] INFO:colcon.colcon_core.package_selection:Skipping not selected package 'vision_processor' in 'src/vision_processor'
[0.738s] Level 5:colcon.colcon_core.verb:set package 'px4_msgs' build argument 'cmake_args' from command line to 'None'
[0.739s] Level 5:colcon.colcon_core.verb:set package 'px4_msgs' build argument 'cmake_target' from command line to 'None'
[0.739s] Level 5:colcon.colcon_core.verb:set package 'px4_msgs' build argument 'cmake_target_skip_unavailable' from command line to 'False'
[0.739s] Level 5:colcon.colcon_core.verb:set package 'px4_msgs' build argument 'cmake_clean_cache' from command line to 'False'
[0.739s] Level 5:colcon.colcon_core.verb:set package 'px4_msgs' build argument 'cmake_clean_first' from command line to 'False'
[0.739s] Level 5:colcon.colcon_core.verb:set package 'px4_msgs' build argument 'cmake_force_configure' from command line to 'False'
[0.739s] Level 5:colcon.colcon_core.verb:set package 'px4_msgs' build argument 'ament_cmake_args' from command line to 'None'
[0.739s] Level 5:colcon.colcon_core.verb:set package 'px4_msgs' build argument 'catkin_cmake_args' from command line to 'None'
[0.739s] Level 5:colcon.colcon_core.verb:set package 'px4_msgs' build argument 'catkin_skip_building_tests' from command line to 'False'
[0.740s] DEBUG:colcon.colcon_core.verb:Building package 'px4_msgs' with the following arguments: {'ament_cmake_args': None, 'build_base': '/app/build/px4_msgs', 'catkin_cmake_args': None, 'catkin_skip_building_tests': False, 'cmake_args': None, 'cmake_clean_cache': False, 'cmake_clean_first': False, 'cmake_force_configure': False, 'cmake_target': None, 'cmake_target_skip_unavailable': False, 'install_base': '/app/install/px4_msgs', 'merge_install': False, 'path': '/app/src/px4_msgs', 'symlink_install': True, 'test_result_base': None}
[0.740s] INFO:colcon.colcon_core.executor:Executing jobs using 'parallel' executor
[0.744s] DEBUG:colcon.colcon_parallel_executor.executor.parallel:run_until_complete
[0.745s] INFO:colcon.colcon_ros.task.ament_cmake.build:Building ROS package in '/app/src/px4_msgs' with build type 'ament_cmake'
[0.745s] INFO:colcon.colcon_cmake.task.cmake.build:Building CMake package in '/app/src/px4_msgs'
[0.752s] INFO:colcon.colcon_core.plugin_system:Skipping extension 'colcon_core.shell.bat': Not used on non-Windows systems
[0.752s] INFO:colcon.colcon_core.shell:Skip shell extension 'powershell' for command environment: Not usable outside of PowerShell
[0.752s] DEBUG:colcon.colcon_core.shell:Skip shell extension 'dsv' for command environment
[0.755s] WARNING:colcon.colcon_ros.prefix_path.ament:The path '/app/install/vision_processor' in the environment variable AMENT_PREFIX_PATH doesn't exist
[0.756s] WARNING:colcon.colcon_ros.prefix_path.ament:The path '/app/install/px4_msgs' in the environment variable AMENT_PREFIX_PATH doesn't exist
[0.756s] WARNING:colcon.colcon_ros.prefix_path.ament:The path '/app/install/aircraft_msgs' in the environment variable AMENT_PREFIX_PATH doesn't exist
[0.756s] WARNING:colcon.colcon_ros.prefix_path.catkin:The path '/app/install/px4_msgs' in the environment variable CMAKE_PREFIX_PATH doesn't exist
[0.756s] WARNING:colcon.colcon_ros.prefix_path.catkin:The path '/app/install/aircraft_msgs' in the environment variable CMAKE_PREFIX_PATH doesn't exist
[0.782s] DEBUG:colcon.colcon_core.event_handler.log_command:Invoking command in '/app/build/px4_msgs': CMAKE_PREFIX_PATH=${CMAKE_PREFIX_PATH}:/app/install/vision_processor:/app/install/aircraft_controller:/opt/ros/jazzy /usr/bin/cmake /app/src/px4_msgs -DAMENT_CMAKE_SYMLINK_INSTALL=1 -DCMAKE_INSTALL_PREFIX=/app/install/px4_msgs
[17.953s] DEBUG:colcon.colcon_core.event_handler.log_command:Invoked command in '/app/build/px4_msgs' returned '0': CMAKE_PREFIX_PATH=${CMAKE_PREFIX_PATH}:/app/install/vision_processor:/app/install/aircraft_controller:/opt/ros/jazzy /usr/bin/cmake /app/src/px4_msgs -DAMENT_CMAKE_SYMLINK_INSTALL=1 -DCMAKE_INSTALL_PREFIX=/app/install/px4_msgs
[17.957s] DEBUG:colcon.colcon_core.event_handler.log_command:Invoking command in '/app/build/px4_msgs': CMAKE_PREFIX_PATH=${CMAKE_PREFIX_PATH}:/app/install/vision_processor:/app/install/aircraft_controller:/opt/ros/jazzy /usr/bin/cmake --build /app/build/px4_msgs -- -j20 -l20
[922.589s] DEBUG:colcon.colcon_core.event_handler.log_command:Invoked command in '/app/build/px4_msgs' returned '0': CMAKE_PREFIX_PATH=${CMAKE_PREFIX_PATH}:/app/install/vision_processor:/app/install/aircraft_controller:/opt/ros/jazzy /usr/bin/cmake --build /app/build/px4_msgs -- -j20 -l20
[922.622s] DEBUG:colcon.colcon_core.event_handler.log_command:Invoking command in '/app/build/px4_msgs': CMAKE_PREFIX_PATH=${CMAKE_PREFIX_PATH}:/app/install/vision_processor:/app/install/aircraft_controller:/opt/ros/jazzy /usr/bin/cmake --install /app/build/px4_msgs
[1043.309s] Level 1:colcon.colcon_core.environment:create_environment_scripts_only(px4_msgs)
[1043.311s] DEBUG:colcon.colcon_core.event_handler.log_command:Invoked command in '/app/build/px4_msgs' returned '0': CMAKE_PREFIX_PATH=${CMAKE_PREFIX_PATH}:/app/install/vision_processor:/app/install/aircraft_controller:/opt/ros/jazzy /usr/bin/cmake --install /app/build/px4_msgs
[1043.318s] Level 1:colcon.colcon_core.environment:checking '/app/install/px4_msgs' for CMake module files
[1043.320s] Level 1:colcon.colcon_core.environment:checking '/app/install/px4_msgs' for CMake config files
[1043.329s] Level 1:colcon.colcon_core.shell:create_environment_hook('px4_msgs', 'cmake_prefix_path')
[1043.329s] INFO:colcon.colcon_core.shell:Creating environment hook '/app/install/px4_msgs/share/px4_msgs/hook/cmake_prefix_path.ps1'
[1043.331s] INFO:colcon.colcon_core.shell:Creating environment descriptor '/app/install/px4_msgs/share/px4_msgs/hook/cmake_prefix_path.dsv'
[1043.332s] INFO:colcon.colcon_core.shell:Creating environment hook '/app/install/px4_msgs/share/px4_msgs/hook/cmake_prefix_path.sh'
[1043.335s] Level 1:colcon.colcon_core.environment:checking '/app/install/px4_msgs/lib'
[1043.335s] Level 1:colcon.colcon_core.shell:create_environment_hook('px4_msgs', 'ld_library_path_lib')
[1043.336s] INFO:colcon.colcon_core.shell:Creating environment hook '/app/install/px4_msgs/share/px4_msgs/hook/ld_library_path_lib.ps1'
[1043.337s] INFO:colcon.colcon_core.shell:Creating environment descriptor '/app/install/px4_msgs/share/px4_msgs/hook/ld_library_path_lib.dsv'
[1043.338s] INFO:colcon.colcon_core.shell:Creating environment hook '/app/install/px4_msgs/share/px4_msgs/hook/ld_library_path_lib.sh'
[1043.339s] Level 1:colcon.colcon_core.environment:checking '/app/install/px4_msgs/bin'
[1043.339s] Level 1:colcon.colcon_core.environment:checking '/app/install/px4_msgs/lib/pkgconfig/px4_msgs.pc'
[1043.344s] Level 1:colcon.colcon_core.environment:checking '/app/install/px4_msgs/lib/python3.12/site-packages'
[1043.345s] Level 1:colcon.colcon_core.shell:create_environment_hook('px4_msgs', 'pythonpath')
[1043.345s] INFO:colcon.colcon_core.shell:Creating environment hook '/app/install/px4_msgs/share/px4_msgs/hook/pythonpath.ps1'
[1043.346s] INFO:colcon.colcon_core.shell:Creating environment descriptor '/app/install/px4_msgs/share/px4_msgs/hook/pythonpath.dsv'
[1043.347s] INFO:colcon.colcon_core.shell:Creating environment hook '/app/install/px4_msgs/share/px4_msgs/hook/pythonpath.sh'
[1043.349s] Level 1:colcon.colcon_core.environment:checking '/app/install/px4_msgs/bin'
[1043.350s] INFO:colcon.colcon_core.shell:Creating package script '/app/install/px4_msgs/share/px4_msgs/package.ps1'
[1043.353s] INFO:colcon.colcon_core.shell:Creating package descriptor '/app/install/px4_msgs/share/px4_msgs/package.dsv'
[1043.355s] INFO:colcon.colcon_core.shell:Creating package script '/app/install/px4_msgs/share/px4_msgs/package.sh'
[1043.357s] INFO:colcon.colcon_core.shell:Creating package script '/app/install/px4_msgs/share/px4_msgs/package.bash'
[1043.359s] INFO:colcon.colcon_core.shell:Creating package script '/app/install/px4_msgs/share/px4_msgs/package.zsh'
[1043.361s] Level 1:colcon.colcon_core.environment:create_file_with_runtime_dependencies(/app/install/px4_msgs/share/colcon-core/packages/px4_msgs)
[1043.362s] Level 1:colcon.colcon_core.environment:create_environment_scripts_only(px4_msgs)
[1043.363s] Level 1:colcon.colcon_core.environment:checking '/app/install/px4_msgs' for CMake module files
[1043.364s] Level 1:colcon.colcon_core.environment:checking '/app/install/px4_msgs' for CMake config files
[1043.372s] Level 1:colcon.colcon_core.shell:create_environment_hook('px4_msgs', 'cmake_prefix_path')
[1043.373s] INFO:colcon.colcon_core.shell:Creating environment hook '/app/install/px4_msgs/share/px4_msgs/hook/cmake_prefix_path.ps1'
[1043.374s] INFO:colcon.colcon_core.shell:Creating environment descriptor '/app/install/px4_msgs/share/px4_msgs/hook/cmake_prefix_path.dsv'
[1043.375s] INFO:colcon.colcon_core.shell:Creating environment hook '/app/install/px4_msgs/share/px4_msgs/hook/cmake_prefix_path.sh'
[1043.377s] Level 1:colcon.colcon_core.environment:checking '/app/install/px4_msgs/lib'
[1043.377s] Level 1:colcon.colcon_core.shell:create_environment_hook('px4_msgs', 'ld_library_path_lib')
[1043.377s] INFO:colcon.colcon_core.shell:Creating environment hook '/app/install/px4_msgs/share/px4_msgs/hook/ld_library_path_lib.ps1'
[1043.378s] INFO:colcon.colcon_core.shell:Creating environment descriptor '/app/install/px4_msgs/share/px4_msgs/hook/ld_library_path_lib.dsv'
[1043.379s] INFO:colcon.colcon_core.shell:Creating environment hook '/app/install/px4_msgs/share/px4_msgs/hook/ld_library_path_lib.sh'
[1043.380s] Level 1:colcon.colcon_core.environment:checking '/app/install/px4_msgs/bin'
[1043.380s] Level 1:colcon.colcon_core.environment:checking '/app/install/px4_msgs/lib/pkgconfig/px4_msgs.pc'
[1043.381s] Level 1:colcon.colcon_core.environment:checking '/app/install/px4_msgs/lib/python3.12/site-packages'
[1043.382s] Level 1:colcon.colcon_core.shell:create_environment_hook('px4_msgs', 'pythonpath')
[1043.382s] INFO:colcon.colcon_core.shell:Creating environment hook '/app/install/px4_msgs/share/px4_msgs/hook/pythonpath.ps1'
[1043.383s] INFO:colcon.colcon_core.shell:Creating environment descriptor '/app/install/px4_msgs/share/px4_msgs/hook/pythonpath.dsv'
[1043.384s] INFO:colcon.colcon_core.shell:Creating environment hook '/app/install/px4_msgs/share/px4_msgs/hook/pythonpath.sh'
[1043.386s] Level 1:colcon.colcon_core.environment:checking '/app/install/px4_msgs/bin'
[1043.386s] INFO:colcon.colcon_core.shell:Creating package script '/app/install/px4_msgs/share/px4_msgs/package.ps1'
[1043.388s] INFO:colcon.colcon_core.shell:Creating package descriptor '/app/install/px4_msgs/share/px4_msgs/package.dsv'
[1043.390s] INFO:colcon.colcon_core.shell:Creating package script '/app/install/px4_msgs/share/px4_msgs/package.sh'
[1043.391s] INFO:colcon.colcon_core.shell:Creating package script '/app/install/px4_msgs/share/px4_msgs/package.bash'
[1043.392s] INFO:colcon.colcon_core.shell:Creating package script '/app/install/px4_msgs/share/px4_msgs/package.zsh'
[1043.393s] Level 1:colcon.colcon_core.environment:create_file_with_runtime_dependencies(/app/install/px4_msgs/share/colcon-core/packages/px4_msgs)
[1043.394s] DEBUG:colcon.colcon_parallel_executor.executor.parallel:closing loop
[1043.395s] DEBUG:colcon.colcon_parallel_executor.executor.parallel:loop closed
[1043.395s] DEBUG:colcon.colcon_parallel_executor.executor.parallel:run_until_complete finished with '0'
[1043.395s] DEBUG:colcon.colcon_core.event_reactor:joining thread
[1043.413s] INFO:colcon.colcon_core.plugin_system:Skipping extension 'colcon_notification.desktop_notification.notify_send': Could not find 'notify-send'
[1043.413s] INFO:colcon.colcon_core.plugin_system:Skipping extension 'colcon_notification.desktop_notification.terminal_notifier': Not used on non-Darwin systems
[1043.414s] INFO:colcon.colcon_core.plugin_system:Skipping extension 'colcon_notification.desktop_notification.win32': Not used on non-Windows systems
[1043.414s] INFO:colcon.colcon_notification.desktop_notification:Sending desktop notification using 'notify2'
[1043.419s] DEBUG:colcon.colcon_notification.desktop_notification.notify2:Failed to initialize notify2: org.freedesktop.DBus.Error.Spawn.ExecFailed: /usr/bin/dbus-launch terminated abnormally without any error message
[1043.420s] DEBUG:colcon.colcon_core.event_reactor:joined thread
[1043.421s] INFO:colcon.colcon_core.shell:Creating prefix script '/app/install/local_setup.ps1'
[1043.425s] INFO:colcon.colcon_core.shell:Creating prefix util module '/app/install/_local_setup_util_ps1.py'
[1043.429s] INFO:colcon.colcon_core.shell:Creating prefix chain script '/app/install/setup.ps1'
[1043.433s] INFO:colcon.colcon_core.shell:Creating prefix script '/app/install/local_setup.sh'
[1043.435s] INFO:colcon.colcon_core.shell:Creating prefix util module '/app/install/_local_setup_util_sh.py'
[1043.437s] INFO:colcon.colcon_core.shell:Creating prefix chain script '/app/install/setup.sh'
[1043.441s] INFO:colcon.colcon_core.shell:Creating prefix script '/app/install/local_setup.bash'
[1043.443s] INFO:colcon.colcon_core.shell:Creating prefix chain script '/app/install/setup.bash'
[1043.446s] INFO:colcon.colcon_core.shell:Creating prefix script '/app/install/local_setup.zsh'
[1043.448s] INFO:colcon.colcon_core.shell:Creating prefix chain script '/app/install/setup.zsh'
