[0.037s] Invoking command in '/app/build/px4': CMAKE_PREFIX_PATH=${CMAKE_PREFIX_PATH}:/app/install/vision_processor:/app/install/aircraft_controller:/opt/ros/jazzy /usr/bin/cmake /app/PX4-Autopilot -DAMENT_CMAKE_SYMLINK_INSTALL=1 -DCMAKE_INSTALL_PREFIX=/app/install/px4
[0.117s] -- PX4_GIT_TAG: v1.17.0-alpha1-1417-gc72a11fe9f
[0.119s] [33mCMake Warning (dev) at CMakeLists.txt:176 (find_package):
[0.120s]   Policy CMP0148 is not set: The FindPythonInterp and FindPythonLibs modules
[0.120s]   are removed.  Run "cmake --help-policy CMP0148" for policy details.  Use
[0.120s]   the cmake_policy command to set the policy and suppress this warning.
[0.121s] 
[0.121s] This warning is for project developers.  Use -Wno-dev to suppress it.
[0.121s] [0m
[0.195s] -- PX4 config file: /app/PX4-Autopilot/boards/px4/ros2/default.px4board
[0.254s] Traceback (most recent call last):
[0.254s]   File "<string>", line 1, in <module>
[0.254s] ModuleNotFoundError: No module named 'menuconfig'
[0.263s] [31mCMake Error at cmake/kconfig.cmake:6 (message):
[0.264s]   kconfiglib is not installed or not in PATH
[0.264s] 
[0.265s]   please install using "pip3 install kconfiglib"
[0.265s] 
[0.265s] Call Stack (most recent call first):
[0.265s]   CMakeLists.txt:191 (include)
[0.266s] 
[0.266s] [0m
[0.266s] -- Configuring incomplete, errors occurred!
[0.269s] Invoked command in '/app/build/px4' returned '1': CMAKE_PREFIX_PATH=${CMAKE_PREFIX_PATH}:/app/install/vision_processor:/app/install/aircraft_controller:/opt/ros/jazzy /usr/bin/cmake /app/PX4-Autopilot -DAMENT_CMAKE_SYMLINK_INSTALL=1 -DCMAKE_INSTALL_PREFIX=/app/install/px4
