[  2%] [34m[1mGenerating type hashes for ROS interfaces[0m
[  2%] Built target ament_cmake_python_symlink_aircraft_msgs
[  2%] Built target aircraft_msgs__rosidl_generator_type_description
[  5%] [34m[1mGenerating C code for ROS interfaces[0m
[  8%] [34m[1mGenerating C++ code for ROS interfaces[0m
running egg_info
creating aircraft_msgs.egg-info
writing aircraft_msgs.egg-info/PKG-INFO
writing dependency_links to aircraft_msgs.egg-info/dependency_links.txt
writing top-level names to aircraft_msgs.egg-info/top_level.txt
writing manifest file 'aircraft_msgs.egg-info/SOURCES.txt'
reading manifest file 'aircraft_msgs.egg-info/SOURCES.txt'
writing manifest file 'aircraft_msgs.egg-info/SOURCES.txt'
[  8%] Built target ament_cmake_python_build_aircraft_msgs_egg
[  8%] Built target aircraft_msgs__cpp
[ 11%] [32mBuilding C object CMakeFiles/aircraft_msgs__rosidl_generator_c.dir/rosidl_generator_c/aircraft_msgs/msg/detail/aircraft_state__type_support.c.o[0m
[ 14%] [32mBuilding C object CMakeFiles/aircraft_msgs__rosidl_generator_c.dir/rosidl_generator_c/aircraft_msgs/msg/detail/aircraft_state__functions.c.o[0m
[ 17%] [32mBuilding C object CMakeFiles/aircraft_msgs__rosidl_generator_c.dir/rosidl_generator_c/aircraft_msgs/msg/detail/aircraft_state__description.c.o[0m
[ 20%] [32m[1mLinking C shared library libaircraft_msgs__rosidl_generator_c.so[0m
[ 20%] Built target aircraft_msgs__rosidl_generator_c
[ 23%] [34m[1mGenerating C++ type support dispatch for ROS interfaces[0m
[ 26%] [34m[1mGenerating C type support for eProsima Fast-RTPS[0m
[ 29%] [34m[1mGenerating C++ type support for eProsima Fast-RTPS[0m
[ 32%] [34m[1mGenerating C type support dispatch for ROS interfaces[0m
[ 38%] [34m[1mGenerating C introspection for ROS interfaces[0m
[ 38%] [34m[1mGenerating C++ introspection for ROS interfaces[0m
[ 41%] [32mBuilding CXX object CMakeFiles/aircraft_msgs__rosidl_typesupport_cpp.dir/rosidl_typesupport_cpp/aircraft_msgs/msg/aircraft_state__type_support.cpp.o[0m
[ 44%] [32mBuilding C object CMakeFiles/aircraft_msgs__rosidl_typesupport_introspection_c.dir/rosidl_typesupport_introspection_c/aircraft_msgs/msg/detail/aircraft_state__type_support.c.o[0m
[ 47%] [32mBuilding CXX object CMakeFiles/aircraft_msgs__rosidl_typesupport_c.dir/rosidl_typesupport_c/aircraft_msgs/msg/aircraft_state__type_support.cpp.o[0m
[ 50%] [32mBuilding CXX object CMakeFiles/aircraft_msgs__rosidl_typesupport_fastrtps_c.dir/rosidl_typesupport_fastrtps_c/aircraft_msgs/msg/detail/aircraft_state__type_support_c.cpp.o[0m
[ 52%] [32mBuilding CXX object CMakeFiles/aircraft_msgs__rosidl_typesupport_introspection_cpp.dir/rosidl_typesupport_introspection_cpp/aircraft_msgs/msg/detail/aircraft_state__type_support.cpp.o[0m
[ 55%] [32m[1mLinking C shared library libaircraft_msgs__rosidl_typesupport_introspection_c.so[0m
[ 58%] [32mBuilding CXX object CMakeFiles/aircraft_msgs__rosidl_typesupport_fastrtps_cpp.dir/rosidl_typesupport_fastrtps_cpp/aircraft_msgs/msg/detail/dds_fastrtps/aircraft_state__type_support.cpp.o[0m
[ 61%] [32m[1mLinking CXX shared library libaircraft_msgs__rosidl_typesupport_c.so[0m
[ 61%] Built target aircraft_msgs__rosidl_typesupport_introspection_c
[ 61%] Built target aircraft_msgs__rosidl_typesupport_c
[ 64%] [32m[1mLinking CXX shared library libaircraft_msgs__rosidl_typesupport_cpp.so[0m
[ 64%] Built target aircraft_msgs__rosidl_typesupport_cpp
[ 67%] [32m[1mLinking CXX shared library libaircraft_msgs__rosidl_typesupport_introspection_cpp.so[0m
[ 70%] [32m[1mLinking CXX shared library libaircraft_msgs__rosidl_typesupport_fastrtps_c.so[0m
[ 70%] Built target aircraft_msgs__rosidl_typesupport_introspection_cpp
[ 70%] Built target aircraft_msgs__rosidl_typesupport_fastrtps_c
[ 73%] [32m[1mLinking CXX shared library libaircraft_msgs__rosidl_typesupport_fastrtps_cpp.so[0m
[ 73%] Built target aircraft_msgs__rosidl_typesupport_fastrtps_cpp
[ 73%] Built target aircraft_msgs
[ 76%] [34m[1mGenerating Python code for ROS interfaces[0m
[ 76%] Built target aircraft_msgs__py
[ 79%] [32mBuilding C object CMakeFiles/aircraft_msgs__rosidl_generator_py.dir/rosidl_generator_py/aircraft_msgs/msg/_aircraft_state_s.c.o[0m
[ 82%] [32m[1mLinking C shared library libaircraft_msgs__rosidl_generator_py.so[0m
[ 82%] Built target aircraft_msgs__rosidl_generator_py
[ 85%] [32mBuilding C object CMakeFiles/aircraft_msgs_s__rosidl_typesupport_fastrtps_c.dir/rosidl_generator_py/aircraft_msgs/_aircraft_msgs_s.ep.rosidl_typesupport_fastrtps_c.c.o[0m
[ 88%] [32mBuilding C object CMakeFiles/aircraft_msgs_s__rosidl_typesupport_c.dir/rosidl_generator_py/aircraft_msgs/_aircraft_msgs_s.ep.rosidl_typesupport_c.c.o[0m
[ 91%] [32mBuilding C object CMakeFiles/aircraft_msgs_s__rosidl_typesupport_introspection_c.dir/rosidl_generator_py/aircraft_msgs/_aircraft_msgs_s.ep.rosidl_typesupport_introspection_c.c.o[0m
[ 94%] [32m[1mLinking C shared module rosidl_generator_py/aircraft_msgs/aircraft_msgs_s__rosidl_typesupport_fastrtps_c.so[0m
[ 97%] [32m[1mLinking C shared module rosidl_generator_py/aircraft_msgs/aircraft_msgs_s__rosidl_typesupport_introspection_c.so[0m
[100%] [32m[1mLinking C shared module rosidl_generator_py/aircraft_msgs/aircraft_msgs_s__rosidl_typesupport_c.so[0m
[100%] Built target aircraft_msgs_s__rosidl_typesupport_fastrtps_c
[100%] Built target aircraft_msgs_s__rosidl_typesupport_introspection_c
[100%] Built target aircraft_msgs_s__rosidl_typesupport_c
