[0.056s] Invoking command in '/app/build/aircraft_msgs': CMAKE_PREFIX_PATH=${CMAKE_PREFIX_PATH}:/app/install/vision_processor:/app/install/aircraft_controller:/opt/ros/jazzy /usr/bin/cmake --build /app/build/aircraft_msgs -- -j20 -l20
[0.220s] [  2%] [34m[1mGenerating type hashes for ROS interfaces[0m
[0.240s] [  2%] Built target ament_cmake_python_symlink_aircraft_msgs
[0.862s] [  2%] Built target aircraft_msgs__rosidl_generator_type_description
[0.897s] [  5%] [34m[1mGenerating C code for ROS interfaces[0m
[0.927s] [  8%] [34m[1mGenerating C++ code for ROS interfaces[0m
[0.937s] running egg_info
[0.941s] creating aircraft_msgs.egg-info
[1.011s] writing aircraft_msgs.egg-info/PKG-INFO
[1.011s] writing dependency_links to aircraft_msgs.egg-info/dependency_links.txt
[1.012s] writing top-level names to aircraft_msgs.egg-info/top_level.txt
[1.012s] writing manifest file 'aircraft_msgs.egg-info/SOURCES.txt'
[1.159s] reading manifest file 'aircraft_msgs.egg-info/SOURCES.txt'
[1.161s] writing manifest file 'aircraft_msgs.egg-info/SOURCES.txt'
[1.259s] [  8%] Built target ament_cmake_python_build_aircraft_msgs_egg
[1.673s] [  8%] Built target aircraft_msgs__cpp
[1.832s] [ 11%] [32mBuilding C object CMakeFiles/aircraft_msgs__rosidl_generator_c.dir/rosidl_generator_c/aircraft_msgs/msg/detail/aircraft_state__type_support.c.o[0m
[1.832s] [ 14%] [32mBuilding C object CMakeFiles/aircraft_msgs__rosidl_generator_c.dir/rosidl_generator_c/aircraft_msgs/msg/detail/aircraft_state__functions.c.o[0m
[1.837s] [ 17%] [32mBuilding C object CMakeFiles/aircraft_msgs__rosidl_generator_c.dir/rosidl_generator_c/aircraft_msgs/msg/detail/aircraft_state__description.c.o[0m
[1.979s] [ 20%] [32m[1mLinking C shared library libaircraft_msgs__rosidl_generator_c.so[0m
[2.099s] [ 20%] Built target aircraft_msgs__rosidl_generator_c
[2.130s] [ 23%] [34m[1mGenerating C++ type support dispatch for ROS interfaces[0m
[2.131s] [ 26%] [34m[1mGenerating C type support for eProsima Fast-RTPS[0m
[2.132s] [ 29%] [34m[1mGenerating C++ type support for eProsima Fast-RTPS[0m
[2.137s] [ 32%] [34m[1mGenerating C type support dispatch for ROS interfaces[0m
[2.138s] [ 38%] [34m[1mGenerating C introspection for ROS interfaces[0m
[2.139s] [ 38%] [34m[1mGenerating C++ introspection for ROS interfaces[0m
[2.882s] [ 41%] [32mBuilding CXX object CMakeFiles/aircraft_msgs__rosidl_typesupport_cpp.dir/rosidl_typesupport_cpp/aircraft_msgs/msg/aircraft_state__type_support.cpp.o[0m
[2.973s] [ 44%] [32mBuilding C object CMakeFiles/aircraft_msgs__rosidl_typesupport_introspection_c.dir/rosidl_typesupport_introspection_c/aircraft_msgs/msg/detail/aircraft_state__type_support.c.o[0m
[2.989s] [ 47%] [32mBuilding CXX object CMakeFiles/aircraft_msgs__rosidl_typesupport_c.dir/rosidl_typesupport_c/aircraft_msgs/msg/aircraft_state__type_support.cpp.o[0m
[3.013s] [ 50%] [32mBuilding CXX object CMakeFiles/aircraft_msgs__rosidl_typesupport_fastrtps_c.dir/rosidl_typesupport_fastrtps_c/aircraft_msgs/msg/detail/aircraft_state__type_support_c.cpp.o[0m
[3.050s] [ 52%] [32mBuilding CXX object CMakeFiles/aircraft_msgs__rosidl_typesupport_introspection_cpp.dir/rosidl_typesupport_introspection_cpp/aircraft_msgs/msg/detail/aircraft_state__type_support.cpp.o[0m
[3.102s] [ 55%] [32m[1mLinking C shared library libaircraft_msgs__rosidl_typesupport_introspection_c.so[0m
[3.125s] [ 58%] [32mBuilding CXX object CMakeFiles/aircraft_msgs__rosidl_typesupport_fastrtps_cpp.dir/rosidl_typesupport_fastrtps_cpp/aircraft_msgs/msg/detail/dds_fastrtps/aircraft_state__type_support.cpp.o[0m
[3.160s] [ 61%] [32m[1mLinking CXX shared library libaircraft_msgs__rosidl_typesupport_c.so[0m
[3.217s] [ 61%] Built target aircraft_msgs__rosidl_typesupport_introspection_c
[3.292s] [ 61%] Built target aircraft_msgs__rosidl_typesupport_c
[3.904s] [ 64%] [32m[1mLinking CXX shared library libaircraft_msgs__rosidl_typesupport_cpp.so[0m
[4.036s] [ 64%] Built target aircraft_msgs__rosidl_typesupport_cpp
[4.360s] [ 67%] [32m[1mLinking CXX shared library libaircraft_msgs__rosidl_typesupport_introspection_cpp.so[0m
[4.483s] [ 70%] [32m[1mLinking CXX shared library libaircraft_msgs__rosidl_typesupport_fastrtps_c.so[0m
[4.484s] [ 70%] Built target aircraft_msgs__rosidl_typesupport_introspection_cpp
[4.644s] [ 70%] Built target aircraft_msgs__rosidl_typesupport_fastrtps_c
[4.896s] [ 73%] [32m[1mLinking CXX shared library libaircraft_msgs__rosidl_typesupport_fastrtps_cpp.so[0m
[5.061s] [ 73%] Built target aircraft_msgs__rosidl_typesupport_fastrtps_cpp
[5.124s] [ 73%] Built target aircraft_msgs
[5.193s] [ 76%] [34m[1mGenerating Python code for ROS interfaces[0m
[6.015s] [ 76%] Built target aircraft_msgs__py
[6.085s] [ 79%] [32mBuilding C object CMakeFiles/aircraft_msgs__rosidl_generator_py.dir/rosidl_generator_py/aircraft_msgs/msg/_aircraft_state_s.c.o[0m
[6.456s] [ 82%] [32m[1mLinking C shared library libaircraft_msgs__rosidl_generator_py.so[0m
[6.594s] [ 82%] Built target aircraft_msgs__rosidl_generator_py
[6.653s] [ 85%] [32mBuilding C object CMakeFiles/aircraft_msgs_s__rosidl_typesupport_fastrtps_c.dir/rosidl_generator_py/aircraft_msgs/_aircraft_msgs_s.ep.rosidl_typesupport_fastrtps_c.c.o[0m
[6.654s] [ 88%] [32mBuilding C object CMakeFiles/aircraft_msgs_s__rosidl_typesupport_c.dir/rosidl_generator_py/aircraft_msgs/_aircraft_msgs_s.ep.rosidl_typesupport_c.c.o[0m
[6.659s] [ 91%] [32mBuilding C object CMakeFiles/aircraft_msgs_s__rosidl_typesupport_introspection_c.dir/rosidl_generator_py/aircraft_msgs/_aircraft_msgs_s.ep.rosidl_typesupport_introspection_c.c.o[0m
[6.983s] [ 94%] [32m[1mLinking C shared module rosidl_generator_py/aircraft_msgs/aircraft_msgs_s__rosidl_typesupport_fastrtps_c.so[0m
[6.998s] [ 97%] [32m[1mLinking C shared module rosidl_generator_py/aircraft_msgs/aircraft_msgs_s__rosidl_typesupport_introspection_c.so[0m
[7.034s] [100%] [32m[1mLinking C shared module rosidl_generator_py/aircraft_msgs/aircraft_msgs_s__rosidl_typesupport_c.so[0m
[7.085s] [100%] Built target aircraft_msgs_s__rosidl_typesupport_fastrtps_c
[7.092s] [100%] Built target aircraft_msgs_s__rosidl_typesupport_introspection_c
[7.140s] [100%] Built target aircraft_msgs_s__rosidl_typesupport_c
