[0.040s] Invoking command in '/app/build/aircraft_msgs': CMAKE_PREFIX_PATH=${CMAKE_PREFIX_PATH}:/app/install/vision_processor:/app/install/aircraft_controller:/opt/ros/jazzy /usr/bin/cmake --build /app/build/aircraft_msgs -- -j20 -l20
[0.169s] [  2%] Built target aircraft_msgs__rosidl_generator_type_description
[0.177s] [  2%] Built target ament_cmake_python_symlink_aircraft_msgs
[0.220s] [  5%] Built target aircraft_msgs__cpp
[0.238s] [ 20%] Built target aircraft_msgs__rosidl_generator_c
[0.289s] [ 29%] Built target aircraft_msgs__rosidl_typesupport_introspection_c
[0.310s] [ 38%] Built target aircraft_msgs__rosidl_typesupport_cpp
[0.316s] [ 47%] Built target aircraft_msgs__rosidl_typesupport_introspection_cpp
[0.318s] [ 55%] Built target aircraft_msgs__rosidl_typesupport_fastrtps_cpp
[0.326s] [ 64%] Built target aircraft_msgs__rosidl_typesupport_c
[0.326s] [ 73%] Built target aircraft_msgs__rosidl_typesupport_fastrtps_c
[0.361s] [ 73%] Built target aircraft_msgs
[0.400s] [ 76%] Built target aircraft_msgs__py
[0.437s] [ 82%] Built target aircraft_msgs__rosidl_generator_py
[0.482s] [ 88%] Built target aircraft_msgs_s__rosidl_typesupport_c
[0.488s] [ 94%] Built target aircraft_msgs_s__rosidl_typesupport_fastrtps_c
[0.488s] [100%] Built target aircraft_msgs_s__rosidl_typesupport_introspection_c
[0.589s] running egg_info
[0.614s] writing aircraft_msgs.egg-info/PKG-INFO
[0.614s] writing dependency_links to aircraft_msgs.egg-info/dependency_links.txt
[0.615s] writing top-level names to aircraft_msgs.egg-info/top_level.txt
[0.695s] reading manifest file 'aircraft_msgs.egg-info/SOURCES.txt'
[0.696s] writing manifest file 'aircraft_msgs.egg-info/SOURCES.txt'
[0.787s] [100%] Built target ament_cmake_python_build_aircraft_msgs_egg
[0.811s] Invoked command in '/app/build/aircraft_msgs' returned '0': CMAKE_PREFIX_PATH=${CMAKE_PREFIX_PATH}:/app/install/vision_processor:/app/install/aircraft_controller:/opt/ros/jazzy /usr/bin/cmake --build /app/build/aircraft_msgs -- -j20 -l20
[0.835s] Invoking command in '/app/build/aircraft_msgs': CMAKE_PREFIX_PATH=${CMAKE_PREFIX_PATH}:/app/install/vision_processor:/app/install/aircraft_controller:/opt/ros/jazzy /usr/bin/cmake --install /app/build/aircraft_msgs
[0.854s] -- Install configuration: ""
[0.855s] -- Execute custom install script
[0.855s] -- Up-to-date symlink: /app/install/aircraft_msgs/share/ament_index/resource_index/rosidl_interfaces/aircraft_msgs
[0.855s] -- Up-to-date symlink: /app/install/aircraft_msgs/share/aircraft_msgs/msg/AircraftState.json
[0.856s] -- Up-to-date symlink: /app/install/aircraft_msgs/include/aircraft_msgs/aircraft_msgs/msg/aircraft_state.h
[0.856s] -- Up-to-date symlink: /app/install/aircraft_msgs/include/aircraft_msgs/aircraft_msgs/msg/detail/aircraft_state__functions.h
[0.856s] -- Up-to-date symlink: /app/install/aircraft_msgs/include/aircraft_msgs/aircraft_msgs/msg/detail/aircraft_state__struct.h
[0.856s] -- Up-to-date symlink: /app/install/aircraft_msgs/include/aircraft_msgs/aircraft_msgs/msg/detail/aircraft_state__type_support.h
[0.856s] -- Up-to-date symlink: /app/install/aircraft_msgs/include/aircraft_msgs/aircraft_msgs/msg/rosidl_generator_c__visibility_control.h
[0.857s] -- Up-to-date symlink: /app/install/aircraft_msgs/share/aircraft_msgs/environment/library_path.sh
[0.857s] -- Up-to-date symlink: /app/install/aircraft_msgs/share/aircraft_msgs/environment/library_path.dsv
[0.859s] -- Up-to-date symlink: /app/install/aircraft_msgs/include/aircraft_msgs/aircraft_msgs/msg/detail/aircraft_state__rosidl_typesupport_fastrtps_c.h
[0.859s] -- Up-to-date symlink: /app/install/aircraft_msgs/include/aircraft_msgs/aircraft_msgs/msg/rosidl_typesupport_fastrtps_c__visibility_control.h
[0.860s] -- Up-to-date symlink: /app/install/aircraft_msgs/include/aircraft_msgs/aircraft_msgs/msg/detail/aircraft_state__rosidl_typesupport_introspection_c.h
[0.860s] -- Up-to-date symlink: /app/install/aircraft_msgs/include/aircraft_msgs/aircraft_msgs/msg/rosidl_typesupport_introspection_c__visibility_control.h
[0.861s] -- Up-to-date symlink: /app/install/aircraft_msgs/include/aircraft_msgs/aircraft_msgs/msg/aircraft_state.hpp
[0.861s] -- Up-to-date symlink: /app/install/aircraft_msgs/include/aircraft_msgs/aircraft_msgs/msg/detail/aircraft_state__builder.hpp
[0.861s] -- Up-to-date symlink: /app/install/aircraft_msgs/include/aircraft_msgs/aircraft_msgs/msg/detail/aircraft_state__struct.hpp
[0.861s] -- Up-to-date symlink: /app/install/aircraft_msgs/include/aircraft_msgs/aircraft_msgs/msg/detail/aircraft_state__traits.hpp
[0.862s] -- Up-to-date symlink: /app/install/aircraft_msgs/include/aircraft_msgs/aircraft_msgs/msg/detail/aircraft_state__type_support.hpp
[0.862s] -- Up-to-date symlink: /app/install/aircraft_msgs/include/aircraft_msgs/aircraft_msgs/msg/rosidl_generator_cpp__visibility_control.hpp
[0.862s] -- Up-to-date symlink: /app/install/aircraft_msgs/include/aircraft_msgs/aircraft_msgs/msg/detail/aircraft_state__rosidl_typesupport_fastrtps_cpp.hpp
[0.862s] -- Up-to-date symlink: /app/install/aircraft_msgs/include/aircraft_msgs/aircraft_msgs/msg/rosidl_typesupport_fastrtps_cpp__visibility_control.h
[0.862s] -- Up-to-date symlink: /app/install/aircraft_msgs/include/aircraft_msgs/aircraft_msgs/msg/detail/aircraft_state__rosidl_typesupport_introspection_cpp.hpp
[0.863s] -- Up-to-date symlink: /app/install/aircraft_msgs/share/aircraft_msgs/environment/pythonpath.sh
[0.863s] -- Up-to-date symlink: /app/install/aircraft_msgs/share/aircraft_msgs/environment/pythonpath.dsv
[0.863s] -- Up-to-date symlink: /app/install/aircraft_msgs/lib/python3.12/site-packages/aircraft_msgs-0.0.1-py3.12.egg-info/PKG-INFO
[0.863s] -- Up-to-date symlink: /app/install/aircraft_msgs/lib/python3.12/site-packages/aircraft_msgs-0.0.1-py3.12.egg-info/SOURCES.txt
[0.864s] -- Up-to-date symlink: /app/install/aircraft_msgs/lib/python3.12/site-packages/aircraft_msgs-0.0.1-py3.12.egg-info/dependency_links.txt
[0.864s] -- Up-to-date symlink: /app/install/aircraft_msgs/lib/python3.12/site-packages/aircraft_msgs-0.0.1-py3.12.egg-info/top_level.txt
[0.866s] -- Up-to-date symlink: /app/install/aircraft_msgs/lib/python3.12/site-packages/aircraft_msgs/__init__.py
[0.867s] -- Up-to-date symlink: /app/install/aircraft_msgs/lib/python3.12/site-packages/aircraft_msgs/_aircraft_msgs_s.ep.rosidl_typesupport_c.c
[0.867s] -- Up-to-date symlink: /app/install/aircraft_msgs/lib/python3.12/site-packages/aircraft_msgs/_aircraft_msgs_s.ep.rosidl_typesupport_fastrtps_c.c
[0.867s] -- Up-to-date symlink: /app/install/aircraft_msgs/lib/python3.12/site-packages/aircraft_msgs/_aircraft_msgs_s.ep.rosidl_typesupport_introspection_c.c
[0.867s] -- Up-to-date symlink: /app/install/aircraft_msgs/lib/python3.12/site-packages/aircraft_msgs/aircraft_msgs_s__rosidl_typesupport_c.so
[0.867s] -- Up-to-date symlink: /app/install/aircraft_msgs/lib/python3.12/site-packages/aircraft_msgs/aircraft_msgs_s__rosidl_typesupport_fastrtps_c.so
[0.867s] -- Up-to-date symlink: /app/install/aircraft_msgs/lib/python3.12/site-packages/aircraft_msgs/aircraft_msgs_s__rosidl_typesupport_introspection_c.so
[0.868s] -- Up-to-date symlink: /app/install/aircraft_msgs/lib/python3.12/site-packages/aircraft_msgs/msg/__init__.py
[0.868s] -- Up-to-date symlink: /app/install/aircraft_msgs/lib/python3.12/site-packages/aircraft_msgs/msg/_aircraft_state.py
[0.868s] -- Up-to-date symlink: /app/install/aircraft_msgs/lib/python3.12/site-packages/aircraft_msgs/msg/_aircraft_state_s.c
[0.868s] -- Up-to-date symlink: /app/install/aircraft_msgs/lib/python3.12/site-packages/aircraft_msgs/aircraft_msgs_s__rosidl_typesupport_fastrtps_c.so
[0.869s] -- Up-to-date symlink: /app/install/aircraft_msgs/lib/python3.12/site-packages/aircraft_msgs/aircraft_msgs_s__rosidl_typesupport_introspection_c.so
[0.870s] -- Up-to-date symlink: /app/install/aircraft_msgs/lib/python3.12/site-packages/aircraft_msgs/aircraft_msgs_s__rosidl_typesupport_c.so
[0.870s] -- Up-to-date symlink: /app/install/aircraft_msgs/share/aircraft_msgs/msg/AircraftState.idl
[0.870s] -- Up-to-date symlink: /app/install/aircraft_msgs/share/aircraft_msgs/msg/AircraftState.msg
[0.870s] -- Up-to-date symlink: /app/install/aircraft_msgs/share/ament_index/resource_index/package_run_dependencies/aircraft_msgs
[0.870s] -- Up-to-date symlink: /app/install/aircraft_msgs/share/ament_index/resource_index/parent_prefix_path/aircraft_msgs
[0.871s] -- Up-to-date symlink: /app/install/aircraft_msgs/share/aircraft_msgs/environment/ament_prefix_path.sh
[0.871s] -- Up-to-date symlink: /app/install/aircraft_msgs/share/aircraft_msgs/environment/ament_prefix_path.dsv
[0.873s] -- Up-to-date symlink: /app/install/aircraft_msgs/share/aircraft_msgs/environment/path.sh
[0.873s] -- Up-to-date symlink: /app/install/aircraft_msgs/share/aircraft_msgs/environment/path.dsv
[0.873s] -- Up-to-date symlink: /app/install/aircraft_msgs/share/aircraft_msgs/local_setup.bash
[0.873s] -- Up-to-date symlink: /app/install/aircraft_msgs/share/aircraft_msgs/local_setup.sh
[0.874s] -- Up-to-date symlink: /app/install/aircraft_msgs/share/aircraft_msgs/local_setup.zsh
[0.874s] -- Up-to-date symlink: /app/install/aircraft_msgs/share/aircraft_msgs/local_setup.dsv
[0.874s] -- Symlinking: /app/install/aircraft_msgs/share/aircraft_msgs/package.dsv
[0.897s] -- Up-to-date symlink: /app/install/aircraft_msgs/share/ament_index/resource_index/packages/aircraft_msgs
[0.897s] -- Up-to-date symlink: /app/install/aircraft_msgs/share/aircraft_msgs/cmake/rosidl_cmake-extras.cmake
[0.897s] -- Up-to-date symlink: /app/install/aircraft_msgs/share/aircraft_msgs/cmake/ament_cmake_export_dependencies-extras.cmake
[0.897s] -- Up-to-date symlink: /app/install/aircraft_msgs/share/aircraft_msgs/cmake/ament_cmake_export_include_directories-extras.cmake
[0.897s] -- Up-to-date symlink: /app/install/aircraft_msgs/share/aircraft_msgs/cmake/ament_cmake_export_libraries-extras.cmake
[0.898s] -- Up-to-date symlink: /app/install/aircraft_msgs/share/aircraft_msgs/cmake/ament_cmake_export_targets-extras.cmake
[0.898s] -- Up-to-date symlink: /app/install/aircraft_msgs/share/aircraft_msgs/cmake/rosidl_cmake_export_typesupport_targets-extras.cmake
[0.898s] -- Up-to-date symlink: /app/install/aircraft_msgs/share/aircraft_msgs/cmake/rosidl_cmake_export_typesupport_libraries-extras.cmake
[0.899s] -- Up-to-date symlink: /app/install/aircraft_msgs/share/aircraft_msgs/cmake/aircraft_msgsConfig.cmake
[0.899s] -- Up-to-date symlink: /app/install/aircraft_msgs/share/aircraft_msgs/cmake/aircraft_msgsConfig-version.cmake
[0.899s] -- Up-to-date symlink: /app/install/aircraft_msgs/share/aircraft_msgs/package.xml
[0.899s] -- Up-to-date: /app/install/aircraft_msgs/lib/libaircraft_msgs__rosidl_generator_c.so
[0.900s] -- Up-to-date: /app/install/aircraft_msgs/lib/libaircraft_msgs__rosidl_typesupport_fastrtps_c.so
[0.902s] -- Up-to-date: /app/install/aircraft_msgs/lib/libaircraft_msgs__rosidl_typesupport_introspection_c.so
[0.902s] -- Up-to-date: /app/install/aircraft_msgs/lib/libaircraft_msgs__rosidl_typesupport_c.so
[0.903s] -- Up-to-date: /app/install/aircraft_msgs/lib/libaircraft_msgs__rosidl_typesupport_fastrtps_cpp.so
[0.903s] -- Up-to-date: /app/install/aircraft_msgs/lib/libaircraft_msgs__rosidl_typesupport_introspection_cpp.so
[0.903s] -- Up-to-date: /app/install/aircraft_msgs/lib/libaircraft_msgs__rosidl_typesupport_cpp.so
[0.978s] Listing '/app/install/aircraft_msgs/lib/python3.12/site-packages/aircraft_msgs'...
[0.978s] Listing '/app/install/aircraft_msgs/lib/python3.12/site-packages/aircraft_msgs/msg'...
[0.991s] -- Up-to-date: /app/install/aircraft_msgs/lib/libaircraft_msgs__rosidl_generator_py.so
[0.992s] -- Up-to-date: /app/install/aircraft_msgs/share/aircraft_msgs/cmake/export_aircraft_msgs__rosidl_generator_cExport.cmake
[0.992s] -- Up-to-date: /app/install/aircraft_msgs/share/aircraft_msgs/cmake/export_aircraft_msgs__rosidl_generator_cExport-noconfig.cmake
[0.993s] -- Up-to-date: /app/install/aircraft_msgs/share/aircraft_msgs/cmake/export_aircraft_msgs__rosidl_typesupport_fastrtps_cExport.cmake
[0.993s] -- Up-to-date: /app/install/aircraft_msgs/share/aircraft_msgs/cmake/export_aircraft_msgs__rosidl_typesupport_fastrtps_cExport-noconfig.cmake
[0.994s] -- Up-to-date: /app/install/aircraft_msgs/share/aircraft_msgs/cmake/aircraft_msgs__rosidl_typesupport_introspection_cExport.cmake
[0.995s] -- Up-to-date: /app/install/aircraft_msgs/share/aircraft_msgs/cmake/aircraft_msgs__rosidl_typesupport_introspection_cExport-noconfig.cmake
[0.996s] -- Up-to-date: /app/install/aircraft_msgs/share/aircraft_msgs/cmake/aircraft_msgs__rosidl_typesupport_cExport.cmake
[0.996s] -- Up-to-date: /app/install/aircraft_msgs/share/aircraft_msgs/cmake/aircraft_msgs__rosidl_typesupport_cExport-noconfig.cmake
[0.997s] -- Up-to-date: /app/install/aircraft_msgs/share/aircraft_msgs/cmake/export_aircraft_msgs__rosidl_generator_cppExport.cmake
[0.998s] -- Up-to-date: /app/install/aircraft_msgs/share/aircraft_msgs/cmake/export_aircraft_msgs__rosidl_typesupport_fastrtps_cppExport.cmake
[0.998s] -- Up-to-date: /app/install/aircraft_msgs/share/aircraft_msgs/cmake/export_aircraft_msgs__rosidl_typesupport_fastrtps_cppExport-noconfig.cmake
[0.999s] -- Up-to-date: /app/install/aircraft_msgs/share/aircraft_msgs/cmake/aircraft_msgs__rosidl_typesupport_introspection_cppExport.cmake
[0.999s] -- Up-to-date: /app/install/aircraft_msgs/share/aircraft_msgs/cmake/aircraft_msgs__rosidl_typesupport_introspection_cppExport-noconfig.cmake
[1.000s] -- Up-to-date: /app/install/aircraft_msgs/share/aircraft_msgs/cmake/aircraft_msgs__rosidl_typesupport_cppExport.cmake
[1.000s] -- Up-to-date: /app/install/aircraft_msgs/share/aircraft_msgs/cmake/aircraft_msgs__rosidl_typesupport_cppExport-noconfig.cmake
[1.001s] -- Up-to-date: /app/install/aircraft_msgs/share/aircraft_msgs/cmake/export_aircraft_msgs__rosidl_generator_pyExport.cmake
[1.002s] -- Up-to-date: /app/install/aircraft_msgs/share/aircraft_msgs/cmake/export_aircraft_msgs__rosidl_generator_pyExport-noconfig.cmake
[1.007s] Invoked command in '/app/build/aircraft_msgs' returned '0': CMAKE_PREFIX_PATH=${CMAKE_PREFIX_PATH}:/app/install/vision_processor:/app/install/aircraft_controller:/opt/ros/jazzy /usr/bin/cmake --install /app/build/aircraft_msgs
