[0.224s] DEBUG:colcon:Command line arguments: ['/usr/bin/colcon', 'build', '--symlink-install']
[0.224s] DEBUG:colcon:Parsed command line arguments: Namespace(log_base=None, log_level=None, verb_name='build', build_base='build', install_base='install', merge_install=False, symlink_install=True, test_result_base=None, continue_on_error=False, executor='parallel', parallel_workers=20, event_handlers=None, ignore_user_meta=False, metas=['./colcon.meta'], base_paths=['.'], packages_ignore=None, packages_ignore_regex=None, paths=None, packages_up_to=None, packages_up_to_regex=None, packages_above=None, packages_above_and_dependencies=None, packages_above_depth=None, packages_select_by_dep=None, packages_skip_by_dep=None, packages_skip_up_to=None, packages_select_build_failed=False, packages_skip_build_finished=False, packages_select_test_failures=False, packages_skip_test_passed=False, packages_select=None, packages_skip=None, packages_select_regex=None, packages_skip_regex=None, packages_start=None, packages_end=None, cmake_args=None, cmake_target=None, cmake_target_skip_unavailable=False, cmake_clean_cache=False, cmake_clean_first=False, cmake_force_configure=False, ament_cmake_args=None, catkin_cmake_args=None, catkin_skip_building_tests=False, mixin_files=None, mixin=None, verb_parser=<colcon_mixin.mixin.mixin_argument.MixinArgumentDecorator object at 0x7e8eb55e4b30>, verb_extension=<colcon_core.verb.build.BuildVerb object at 0x7e8eb55bbb30>, main=<bound method BuildVerb.main of <colcon_core.verb.build.BuildVerb object at 0x7e8eb55bbb30>>, mixin_verb=('build',))
[0.317s] Level 1:colcon.colcon_core.package_discovery:discover_packages(colcon_meta) check parameters
[0.317s] Level 1:colcon.colcon_core.package_discovery:discover_packages(recursive) check parameters
[0.317s] Level 1:colcon.colcon_core.package_discovery:discover_packages(ignore) check parameters
[0.317s] Level 1:colcon.colcon_core.package_discovery:discover_packages(path) check parameters
[0.317s] Level 1:colcon.colcon_core.package_discovery:discover_packages(colcon_meta) discover
[0.317s] Level 1:colcon.colcon_core.package_discovery:discover_packages(recursive) discover
[0.318s] INFO:colcon.colcon_core.package_discovery:Crawling recursively for packages in '/app'
[0.318s] Level 1:colcon.colcon_core.package_identification:_identify(.) by extensions ['ignore', 'ignore_ament_install']
[0.318s] Level 1:colcon.colcon_core.package_identification:_identify(.) by extension 'ignore'
[0.318s] Level 1:colcon.colcon_core.package_identification:_identify(.) by extension 'ignore_ament_install'
[0.318s] Level 1:colcon.colcon_core.package_identification:_identify(.) by extensions ['colcon_pkg']
[0.318s] Level 1:colcon.colcon_core.package_identification:_identify(.) by extension 'colcon_pkg'
[0.318s] Level 1:colcon.colcon_core.package_identification:_identify(.) by extensions ['colcon_meta']
[0.318s] Level 1:colcon.colcon_core.package_identification:_identify(.) by extension 'colcon_meta'
[0.319s] Level 1:colcon.colcon_core.package_identification:_identify(.) by extensions ['ros']
[0.319s] Level 1:colcon.colcon_core.package_identification:_identify(.) by extension 'ros'
[0.382s] Level 1:colcon.colcon_core.package_identification:_identify(.) by extensions ['cmake', 'python']
[0.383s] Level 1:colcon.colcon_core.package_identification:_identify(.) by extension 'cmake'
[0.383s] Level 1:colcon.colcon_core.package_identification:_identify(.) by extension 'python'
[0.383s] Level 1:colcon.colcon_core.package_identification:_identify(.) by extensions ['python_setup_py']
[0.383s] Level 1:colcon.colcon_core.package_identification:_identify(.) by extension 'python_setup_py'
[0.383s] Level 1:colcon.colcon_core.package_identification:_identify(PX4-Autopilot) by extensions ['ignore', 'ignore_ament_install']
[0.384s] Level 1:colcon.colcon_core.package_identification:_identify(PX4-Autopilot) by extension 'ignore'
[0.384s] Level 1:colcon.colcon_core.package_identification:_identify(PX4-Autopilot) by extension 'ignore_ament_install'
[0.384s] Level 1:colcon.colcon_core.package_identification:_identify(PX4-Autopilot) by extensions ['colcon_pkg']
[0.384s] Level 1:colcon.colcon_core.package_identification:_identify(PX4-Autopilot) by extension 'colcon_pkg'
[0.384s] Level 1:colcon.colcon_core.package_identification:_identify(PX4-Autopilot) by extensions ['colcon_meta']
[0.384s] Level 1:colcon.colcon_core.package_identification:_identify(PX4-Autopilot) by extension 'colcon_meta'
[0.384s] Level 1:colcon.colcon_core.package_identification:_identify(PX4-Autopilot) by extensions ['ros']
[0.384s] Level 1:colcon.colcon_core.package_identification:_identify(PX4-Autopilot) by extension 'ros'
[0.390s] DEBUG:colcon.colcon_core.package_identification:Package 'PX4-Autopilot' with type 'ros.ament_cmake' and name 'px4'
[0.391s] Level 1:colcon.colcon_core.package_identification:_identify(build) by extensions ['ignore', 'ignore_ament_install']
[0.391s] Level 1:colcon.colcon_core.package_identification:_identify(build) by extension 'ignore'
[0.391s] Level 1:colcon.colcon_core.package_identification:_identify(build) ignored
[0.391s] Level 1:colcon.colcon_core.package_identification:_identify(docker) by extensions ['ignore', 'ignore_ament_install']
[0.392s] Level 1:colcon.colcon_core.package_identification:_identify(docker) by extension 'ignore'
[0.392s] Level 1:colcon.colcon_core.package_identification:_identify(docker) by extension 'ignore_ament_install'
[0.392s] Level 1:colcon.colcon_core.package_identification:_identify(docker) by extensions ['colcon_pkg']
[0.392s] Level 1:colcon.colcon_core.package_identification:_identify(docker) by extension 'colcon_pkg'
[0.392s] Level 1:colcon.colcon_core.package_identification:_identify(docker) by extensions ['colcon_meta']
[0.392s] Level 1:colcon.colcon_core.package_identification:_identify(docker) by extension 'colcon_meta'
[0.392s] Level 1:colcon.colcon_core.package_identification:_identify(docker) by extensions ['ros']
[0.392s] Level 1:colcon.colcon_core.package_identification:_identify(docker) by extension 'ros'
[0.392s] Level 1:colcon.colcon_core.package_identification:_identify(docker) by extensions ['cmake', 'python']
[0.393s] Level 1:colcon.colcon_core.package_identification:_identify(docker) by extension 'cmake'
[0.393s] Level 1:colcon.colcon_core.package_identification:_identify(docker) by extension 'python'
[0.393s] Level 1:colcon.colcon_core.package_identification:_identify(docker) by extensions ['python_setup_py']
[0.393s] Level 1:colcon.colcon_core.package_identification:_identify(docker) by extension 'python_setup_py'
[0.393s] Level 1:colcon.colcon_core.package_identification:_identify(docker/px4_sim) by extensions ['ignore', 'ignore_ament_install']
[0.393s] Level 1:colcon.colcon_core.package_identification:_identify(docker/px4_sim) by extension 'ignore'
[0.393s] Level 1:colcon.colcon_core.package_identification:_identify(docker/px4_sim) by extension 'ignore_ament_install'
[0.393s] Level 1:colcon.colcon_core.package_identification:_identify(docker/px4_sim) by extensions ['colcon_pkg']
[0.393s] Level 1:colcon.colcon_core.package_identification:_identify(docker/px4_sim) by extension 'colcon_pkg'
[0.393s] Level 1:colcon.colcon_core.package_identification:_identify(docker/px4_sim) by extensions ['colcon_meta']
[0.394s] Level 1:colcon.colcon_core.package_identification:_identify(docker/px4_sim) by extension 'colcon_meta'
[0.394s] Level 1:colcon.colcon_core.package_identification:_identify(docker/px4_sim) by extensions ['ros']
[0.394s] Level 1:colcon.colcon_core.package_identification:_identify(docker/px4_sim) by extension 'ros'
[0.394s] Level 1:colcon.colcon_core.package_identification:_identify(docker/px4_sim) by extensions ['cmake', 'python']
[0.394s] Level 1:colcon.colcon_core.package_identification:_identify(docker/px4_sim) by extension 'cmake'
[0.394s] Level 1:colcon.colcon_core.package_identification:_identify(docker/px4_sim) by extension 'python'
[0.394s] Level 1:colcon.colcon_core.package_identification:_identify(docker/px4_sim) by extensions ['python_setup_py']
[0.394s] Level 1:colcon.colcon_core.package_identification:_identify(docker/px4_sim) by extension 'python_setup_py'
[0.394s] Level 1:colcon.colcon_core.package_identification:_identify(docker/ros2) by extensions ['ignore', 'ignore_ament_install']
[0.395s] Level 1:colcon.colcon_core.package_identification:_identify(docker/ros2) by extension 'ignore'
[0.395s] Level 1:colcon.colcon_core.package_identification:_identify(docker/ros2) by extension 'ignore_ament_install'
[0.395s] Level 1:colcon.colcon_core.package_identification:_identify(docker/ros2) by extensions ['colcon_pkg']
[0.395s] Level 1:colcon.colcon_core.package_identification:_identify(docker/ros2) by extension 'colcon_pkg'
[0.395s] Level 1:colcon.colcon_core.package_identification:_identify(docker/ros2) by extensions ['colcon_meta']
[0.395s] Level 1:colcon.colcon_core.package_identification:_identify(docker/ros2) by extension 'colcon_meta'
[0.395s] Level 1:colcon.colcon_core.package_identification:_identify(docker/ros2) by extensions ['ros']
[0.395s] Level 1:colcon.colcon_core.package_identification:_identify(docker/ros2) by extension 'ros'
[0.395s] Level 1:colcon.colcon_core.package_identification:_identify(docker/ros2) by extensions ['cmake', 'python']
[0.395s] Level 1:colcon.colcon_core.package_identification:_identify(docker/ros2) by extension 'cmake'
[0.395s] Level 1:colcon.colcon_core.package_identification:_identify(docker/ros2) by extension 'python'
[0.396s] Level 1:colcon.colcon_core.package_identification:_identify(docker/ros2) by extensions ['python_setup_py']
[0.396s] Level 1:colcon.colcon_core.package_identification:_identify(docker/ros2) by extension 'python_setup_py'
[0.396s] Level 1:colcon.colcon_core.package_identification:_identify(docs) by extensions ['ignore', 'ignore_ament_install']
[0.396s] Level 1:colcon.colcon_core.package_identification:_identify(docs) by extension 'ignore'
[0.396s] Level 1:colcon.colcon_core.package_identification:_identify(docs) by extension 'ignore_ament_install'
[0.396s] Level 1:colcon.colcon_core.package_identification:_identify(docs) by extensions ['colcon_pkg']
[0.396s] Level 1:colcon.colcon_core.package_identification:_identify(docs) by extension 'colcon_pkg'
[0.396s] Level 1:colcon.colcon_core.package_identification:_identify(docs) by extensions ['colcon_meta']
[0.396s] Level 1:colcon.colcon_core.package_identification:_identify(docs) by extension 'colcon_meta'
[0.397s] Level 1:colcon.colcon_core.package_identification:_identify(docs) by extensions ['ros']
[0.397s] Level 1:colcon.colcon_core.package_identification:_identify(docs) by extension 'ros'
[0.397s] Level 1:colcon.colcon_core.package_identification:_identify(docs) by extensions ['cmake', 'python']
[0.397s] Level 1:colcon.colcon_core.package_identification:_identify(docs) by extension 'cmake'
[0.397s] Level 1:colcon.colcon_core.package_identification:_identify(docs) by extension 'python'
[0.397s] Level 1:colcon.colcon_core.package_identification:_identify(docs) by extensions ['python_setup_py']
[0.397s] Level 1:colcon.colcon_core.package_identification:_identify(docs) by extension 'python_setup_py'
[0.397s] Level 1:colcon.colcon_core.package_identification:_identify(install) by extensions ['ignore', 'ignore_ament_install']
[0.398s] Level 1:colcon.colcon_core.package_identification:_identify(install) by extension 'ignore'
[0.398s] Level 1:colcon.colcon_core.package_identification:_identify(install) ignored
[0.398s] Level 1:colcon.colcon_core.package_identification:_identify(log) by extensions ['ignore', 'ignore_ament_install']
[0.398s] Level 1:colcon.colcon_core.package_identification:_identify(log) by extension 'ignore'
[0.398s] Level 1:colcon.colcon_core.package_identification:_identify(log) ignored
[0.398s] Level 1:colcon.colcon_core.package_identification:_identify(src) by extensions ['ignore', 'ignore_ament_install']
[0.399s] Level 1:colcon.colcon_core.package_identification:_identify(src) by extension 'ignore'
[0.399s] Level 1:colcon.colcon_core.package_identification:_identify(src) by extension 'ignore_ament_install'
[0.399s] Level 1:colcon.colcon_core.package_identification:_identify(src) by extensions ['colcon_pkg']
[0.399s] Level 1:colcon.colcon_core.package_identification:_identify(src) by extension 'colcon_pkg'
[0.399s] Level 1:colcon.colcon_core.package_identification:_identify(src) by extensions ['colcon_meta']
[0.399s] Level 1:colcon.colcon_core.package_identification:_identify(src) by extension 'colcon_meta'
[0.399s] Level 1:colcon.colcon_core.package_identification:_identify(src) by extensions ['ros']
[0.399s] Level 1:colcon.colcon_core.package_identification:_identify(src) by extension 'ros'
[0.399s] Level 1:colcon.colcon_core.package_identification:_identify(src) by extensions ['cmake', 'python']
[0.399s] Level 1:colcon.colcon_core.package_identification:_identify(src) by extension 'cmake'
[0.400s] Level 1:colcon.colcon_core.package_identification:_identify(src) by extension 'python'
[0.400s] Level 1:colcon.colcon_core.package_identification:_identify(src) by extensions ['python_setup_py']
[0.400s] Level 1:colcon.colcon_core.package_identification:_identify(src) by extension 'python_setup_py'
[0.400s] Level 1:colcon.colcon_core.package_identification:_identify(src/aircraft_controller) by extensions ['ignore', 'ignore_ament_install']
[0.400s] Level 1:colcon.colcon_core.package_identification:_identify(src/aircraft_controller) by extension 'ignore'
[0.400s] Level 1:colcon.colcon_core.package_identification:_identify(src/aircraft_controller) by extension 'ignore_ament_install'
[0.400s] Level 1:colcon.colcon_core.package_identification:_identify(src/aircraft_controller) by extensions ['colcon_pkg']
[0.400s] Level 1:colcon.colcon_core.package_identification:_identify(src/aircraft_controller) by extension 'colcon_pkg'
[0.401s] Level 1:colcon.colcon_core.package_identification:_identify(src/aircraft_controller) by extensions ['colcon_meta']
[0.401s] Level 1:colcon.colcon_core.package_identification:_identify(src/aircraft_controller) by extension 'colcon_meta'
[0.401s] Level 1:colcon.colcon_core.package_identification:_identify(src/aircraft_controller) by extensions ['ros']
[0.401s] Level 1:colcon.colcon_core.package_identification:_identify(src/aircraft_controller) by extension 'ros'
[0.402s] DEBUG:colcon.colcon_core.package_identification:Package 'src/aircraft_controller' with type 'ros.ament_python' and name 'aircraft_controller'
[0.403s] Level 1:colcon.colcon_core.package_identification:_identify(src/aircraft_msgs) by extensions ['ignore', 'ignore_ament_install']
[0.403s] Level 1:colcon.colcon_core.package_identification:_identify(src/aircraft_msgs) by extension 'ignore'
[0.403s] Level 1:colcon.colcon_core.package_identification:_identify(src/aircraft_msgs) by extension 'ignore_ament_install'
[0.403s] Level 1:colcon.colcon_core.package_identification:_identify(src/aircraft_msgs) by extensions ['colcon_pkg']
[0.403s] Level 1:colcon.colcon_core.package_identification:_identify(src/aircraft_msgs) by extension 'colcon_pkg'
[0.403s] Level 1:colcon.colcon_core.package_identification:_identify(src/aircraft_msgs) by extensions ['colcon_meta']
[0.403s] Level 1:colcon.colcon_core.package_identification:_identify(src/aircraft_msgs) by extension 'colcon_meta'
[0.403s] Level 1:colcon.colcon_core.package_identification:_identify(src/aircraft_msgs) by extensions ['ros']
[0.403s] Level 1:colcon.colcon_core.package_identification:_identify(src/aircraft_msgs) by extension 'ros'
[0.405s] DEBUG:colcon.colcon_core.package_identification:Package 'src/aircraft_msgs' with type 'ros.ament_cmake' and name 'aircraft_msgs'
[0.405s] Level 1:colcon.colcon_core.package_identification:_identify(src/px4_msgs) by extensions ['ignore', 'ignore_ament_install']
[0.405s] Level 1:colcon.colcon_core.package_identification:_identify(src/px4_msgs) by extension 'ignore'
[0.405s] Level 1:colcon.colcon_core.package_identification:_identify(src/px4_msgs) by extension 'ignore_ament_install'
[0.405s] Level 1:colcon.colcon_core.package_identification:_identify(src/px4_msgs) by extensions ['colcon_pkg']
[0.405s] Level 1:colcon.colcon_core.package_identification:_identify(src/px4_msgs) by extension 'colcon_pkg'
[0.405s] Level 1:colcon.colcon_core.package_identification:_identify(src/px4_msgs) by extensions ['colcon_meta']
[0.406s] Level 1:colcon.colcon_core.package_identification:_identify(src/px4_msgs) by extension 'colcon_meta'
[0.406s] Level 1:colcon.colcon_core.package_identification:_identify(src/px4_msgs) by extensions ['ros']
[0.406s] Level 1:colcon.colcon_core.package_identification:_identify(src/px4_msgs) by extension 'ros'
[0.407s] DEBUG:colcon.colcon_core.package_identification:Package 'src/px4_msgs' with type 'ros.ament_cmake' and name 'px4_msgs'
[0.407s] Level 1:colcon.colcon_core.package_identification:_identify(src/vision_processor) by extensions ['ignore', 'ignore_ament_install']
[0.407s] Level 1:colcon.colcon_core.package_identification:_identify(src/vision_processor) by extension 'ignore'
[0.408s] Level 1:colcon.colcon_core.package_identification:_identify(src/vision_processor) by extension 'ignore_ament_install'
[0.408s] Level 1:colcon.colcon_core.package_identification:_identify(src/vision_processor) by extensions ['colcon_pkg']
[0.408s] Level 1:colcon.colcon_core.package_identification:_identify(src/vision_processor) by extension 'colcon_pkg'
[0.408s] Level 1:colcon.colcon_core.package_identification:_identify(src/vision_processor) by extensions ['colcon_meta']
[0.408s] Level 1:colcon.colcon_core.package_identification:_identify(src/vision_processor) by extension 'colcon_meta'
[0.408s] Level 1:colcon.colcon_core.package_identification:_identify(src/vision_processor) by extensions ['ros']
[0.408s] Level 1:colcon.colcon_core.package_identification:_identify(src/vision_processor) by extension 'ros'
[0.409s] DEBUG:colcon.colcon_core.package_identification:Package 'src/vision_processor' with type 'ros.ament_python' and name 'vision_processor'
[0.409s] Level 1:colcon.colcon_core.package_identification:_identify(tools) by extensions ['ignore', 'ignore_ament_install']
[0.409s] Level 1:colcon.colcon_core.package_identification:_identify(tools) by extension 'ignore'
[0.409s] Level 1:colcon.colcon_core.package_identification:_identify(tools) by extension 'ignore_ament_install'
[0.409s] Level 1:colcon.colcon_core.package_identification:_identify(tools) by extensions ['colcon_pkg']
[0.409s] Level 1:colcon.colcon_core.package_identification:_identify(tools) by extension 'colcon_pkg'
[0.409s] Level 1:colcon.colcon_core.package_identification:_identify(tools) by extensions ['colcon_meta']
[0.409s] Level 1:colcon.colcon_core.package_identification:_identify(tools) by extension 'colcon_meta'
[0.409s] Level 1:colcon.colcon_core.package_identification:_identify(tools) by extensions ['ros']
[0.410s] Level 1:colcon.colcon_core.package_identification:_identify(tools) by extension 'ros'
[0.410s] Level 1:colcon.colcon_core.package_identification:_identify(tools) by extensions ['cmake', 'python']
[0.410s] Level 1:colcon.colcon_core.package_identification:_identify(tools) by extension 'cmake'
[0.410s] Level 1:colcon.colcon_core.package_identification:_identify(tools) by extension 'python'
[0.410s] Level 1:colcon.colcon_core.package_identification:_identify(tools) by extensions ['python_setup_py']
[0.410s] Level 1:colcon.colcon_core.package_identification:_identify(tools) by extension 'python_setup_py'
[0.410s] Level 1:colcon.colcon_core.package_identification:_identify(tools/cameraStream) by extensions ['ignore', 'ignore_ament_install']
[0.410s] Level 1:colcon.colcon_core.package_identification:_identify(tools/cameraStream) by extension 'ignore'
[0.411s] Level 1:colcon.colcon_core.package_identification:_identify(tools/cameraStream) by extension 'ignore_ament_install'
[0.411s] Level 1:colcon.colcon_core.package_identification:_identify(tools/cameraStream) by extensions ['colcon_pkg']
[0.411s] Level 1:colcon.colcon_core.package_identification:_identify(tools/cameraStream) by extension 'colcon_pkg'
[0.411s] Level 1:colcon.colcon_core.package_identification:_identify(tools/cameraStream) by extensions ['colcon_meta']
[0.411s] Level 1:colcon.colcon_core.package_identification:_identify(tools/cameraStream) by extension 'colcon_meta'
[0.411s] Level 1:colcon.colcon_core.package_identification:_identify(tools/cameraStream) by extensions ['ros']
[0.411s] Level 1:colcon.colcon_core.package_identification:_identify(tools/cameraStream) by extension 'ros'
[0.411s] Level 1:colcon.colcon_core.package_identification:_identify(tools/cameraStream) by extensions ['cmake', 'python']
[0.411s] Level 1:colcon.colcon_core.package_identification:_identify(tools/cameraStream) by extension 'cmake'
[0.411s] Level 1:colcon.colcon_core.package_identification:_identify(tools/cameraStream) by extension 'python'
[0.411s] Level 1:colcon.colcon_core.package_identification:_identify(tools/cameraStream) by extensions ['python_setup_py']
[0.412s] Level 1:colcon.colcon_core.package_identification:_identify(tools/cameraStream) by extension 'python_setup_py'
[0.412s] Level 1:colcon.colcon_core.package_identification:_identify(tools/halowMonitor) by extensions ['ignore', 'ignore_ament_install']
[0.412s] Level 1:colcon.colcon_core.package_identification:_identify(tools/halowMonitor) by extension 'ignore'
[0.412s] Level 1:colcon.colcon_core.package_identification:_identify(tools/halowMonitor) by extension 'ignore_ament_install'
[0.412s] Level 1:colcon.colcon_core.package_identification:_identify(tools/halowMonitor) by extensions ['colcon_pkg']
[0.412s] Level 1:colcon.colcon_core.package_identification:_identify(tools/halowMonitor) by extension 'colcon_pkg'
[0.412s] Level 1:colcon.colcon_core.package_identification:_identify(tools/halowMonitor) by extensions ['colcon_meta']
[0.412s] Level 1:colcon.colcon_core.package_identification:_identify(tools/halowMonitor) by extension 'colcon_meta'
[0.412s] Level 1:colcon.colcon_core.package_identification:_identify(tools/halowMonitor) by extensions ['ros']
[0.412s] Level 1:colcon.colcon_core.package_identification:_identify(tools/halowMonitor) by extension 'ros'
[0.413s] Level 1:colcon.colcon_core.package_identification:_identify(tools/halowMonitor) by extensions ['cmake', 'python']
[0.413s] Level 1:colcon.colcon_core.package_identification:_identify(tools/halowMonitor) by extension 'cmake'
[0.413s] Level 1:colcon.colcon_core.package_identification:_identify(tools/halowMonitor) by extension 'python'
[0.413s] Level 1:colcon.colcon_core.package_identification:_identify(tools/halowMonitor) by extensions ['python_setup_py']
[0.413s] Level 1:colcon.colcon_core.package_identification:_identify(tools/halowMonitor) by extension 'python_setup_py'
[0.413s] Level 1:colcon.colcon_core.package_discovery:discover_packages(recursive) using defaults
[0.413s] Level 1:colcon.colcon_core.package_discovery:discover_packages(ignore) discover
[0.413s] Level 1:colcon.colcon_core.package_discovery:discover_packages(ignore) using defaults
[0.413s] Level 1:colcon.colcon_core.package_discovery:discover_packages(path) discover
[0.413s] Level 1:colcon.colcon_core.package_discovery:discover_packages(path) using defaults
[0.455s] Level 5:colcon.colcon_core.verb:set package 'aircraft_msgs' build argument 'cmake_args' from command line to 'None'
[0.456s] Level 5:colcon.colcon_core.verb:set package 'aircraft_msgs' build argument 'cmake_target' from command line to 'None'
[0.456s] Level 5:colcon.colcon_core.verb:set package 'aircraft_msgs' build argument 'cmake_target_skip_unavailable' from command line to 'False'
[0.456s] Level 5:colcon.colcon_core.verb:set package 'aircraft_msgs' build argument 'cmake_clean_cache' from command line to 'False'
[0.456s] Level 5:colcon.colcon_core.verb:set package 'aircraft_msgs' build argument 'cmake_clean_first' from command line to 'False'
[0.456s] Level 5:colcon.colcon_core.verb:set package 'aircraft_msgs' build argument 'cmake_force_configure' from command line to 'False'
[0.456s] Level 5:colcon.colcon_core.verb:set package 'aircraft_msgs' build argument 'ament_cmake_args' from command line to 'None'
[0.456s] Level 5:colcon.colcon_core.verb:set package 'aircraft_msgs' build argument 'catkin_cmake_args' from command line to 'None'
[0.456s] Level 5:colcon.colcon_core.verb:set package 'aircraft_msgs' build argument 'catkin_skip_building_tests' from command line to 'False'
[0.456s] DEBUG:colcon.colcon_core.verb:Building package 'aircraft_msgs' with the following arguments: {'ament_cmake_args': None, 'build_base': '/app/build/aircraft_msgs', 'catkin_cmake_args': None, 'catkin_skip_building_tests': False, 'cmake_args': None, 'cmake_clean_cache': False, 'cmake_clean_first': False, 'cmake_force_configure': False, 'cmake_target': None, 'cmake_target_skip_unavailable': False, 'install_base': '/app/install/aircraft_msgs', 'merge_install': False, 'path': '/app/src/aircraft_msgs', 'symlink_install': True, 'test_result_base': None}
[0.457s] Level 5:colcon.colcon_core.verb:set package 'px4' build argument 'cmake_args' from command line to 'None'
[0.457s] Level 5:colcon.colcon_core.verb:set package 'px4' build argument 'cmake_target' from command line to 'None'
[0.457s] Level 5:colcon.colcon_core.verb:set package 'px4' build argument 'cmake_target_skip_unavailable' from command line to 'False'
[0.457s] Level 5:colcon.colcon_core.verb:set package 'px4' build argument 'cmake_clean_cache' from command line to 'False'
[0.457s] Level 5:colcon.colcon_core.verb:set package 'px4' build argument 'cmake_clean_first' from command line to 'False'
[0.457s] Level 5:colcon.colcon_core.verb:set package 'px4' build argument 'cmake_force_configure' from command line to 'False'
[0.457s] Level 5:colcon.colcon_core.verb:set package 'px4' build argument 'ament_cmake_args' from command line to 'None'
[0.457s] Level 5:colcon.colcon_core.verb:set package 'px4' build argument 'catkin_cmake_args' from command line to 'None'
[0.457s] Level 5:colcon.colcon_core.verb:set package 'px4' build argument 'catkin_skip_building_tests' from command line to 'False'
[0.457s] DEBUG:colcon.colcon_core.verb:Building package 'px4' with the following arguments: {'ament_cmake_args': None, 'build_base': '/app/build/px4', 'catkin_cmake_args': None, 'catkin_skip_building_tests': False, 'cmake_args': None, 'cmake_clean_cache': False, 'cmake_clean_first': False, 'cmake_force_configure': False, 'cmake_target': None, 'cmake_target_skip_unavailable': False, 'install_base': '/app/install/px4', 'merge_install': False, 'path': '/app/PX4-Autopilot', 'symlink_install': True, 'test_result_base': None}
[0.458s] Level 5:colcon.colcon_core.verb:set package 'px4_msgs' build argument 'cmake_args' from command line to 'None'
[0.458s] Level 5:colcon.colcon_core.verb:set package 'px4_msgs' build argument 'cmake_target' from command line to 'None'
[0.458s] Level 5:colcon.colcon_core.verb:set package 'px4_msgs' build argument 'cmake_target_skip_unavailable' from command line to 'False'
[0.458s] Level 5:colcon.colcon_core.verb:set package 'px4_msgs' build argument 'cmake_clean_cache' from command line to 'False'
[0.458s] Level 5:colcon.colcon_core.verb:set package 'px4_msgs' build argument 'cmake_clean_first' from command line to 'False'
[0.458s] Level 5:colcon.colcon_core.verb:set package 'px4_msgs' build argument 'cmake_force_configure' from command line to 'False'
[0.458s] Level 5:colcon.colcon_core.verb:set package 'px4_msgs' build argument 'ament_cmake_args' from command line to 'None'
[0.458s] Level 5:colcon.colcon_core.verb:set package 'px4_msgs' build argument 'catkin_cmake_args' from command line to 'None'
[0.458s] Level 5:colcon.colcon_core.verb:set package 'px4_msgs' build argument 'catkin_skip_building_tests' from command line to 'False'
[0.458s] DEBUG:colcon.colcon_core.verb:Building package 'px4_msgs' with the following arguments: {'ament_cmake_args': None, 'build_base': '/app/build/px4_msgs', 'catkin_cmake_args': None, 'catkin_skip_building_tests': False, 'cmake_args': None, 'cmake_clean_cache': False, 'cmake_clean_first': False, 'cmake_force_configure': False, 'cmake_target': None, 'cmake_target_skip_unavailable': False, 'install_base': '/app/install/px4_msgs', 'merge_install': False, 'path': '/app/src/px4_msgs', 'symlink_install': True, 'test_result_base': None}
[0.459s] Level 5:colcon.colcon_core.verb:set package 'aircraft_controller' build argument 'cmake_args' from command line to 'None'
[0.459s] Level 5:colcon.colcon_core.verb:set package 'aircraft_controller' build argument 'cmake_target' from command line to 'None'
[0.459s] Level 5:colcon.colcon_core.verb:set package 'aircraft_controller' build argument 'cmake_target_skip_unavailable' from command line to 'False'
[0.459s] Level 5:colcon.colcon_core.verb:set package 'aircraft_controller' build argument 'cmake_clean_cache' from command line to 'False'
[0.459s] Level 5:colcon.colcon_core.verb:set package 'aircraft_controller' build argument 'cmake_clean_first' from command line to 'False'
[0.459s] Level 5:colcon.colcon_core.verb:set package 'aircraft_controller' build argument 'cmake_force_configure' from command line to 'False'
[0.459s] Level 5:colcon.colcon_core.verb:set package 'aircraft_controller' build argument 'ament_cmake_args' from command line to 'None'
[0.459s] Level 5:colcon.colcon_core.verb:set package 'aircraft_controller' build argument 'catkin_cmake_args' from command line to 'None'
[0.459s] Level 5:colcon.colcon_core.verb:set package 'aircraft_controller' build argument 'catkin_skip_building_tests' from command line to 'False'
[0.459s] DEBUG:colcon.colcon_core.verb:Building package 'aircraft_controller' with the following arguments: {'ament_cmake_args': None, 'build_base': '/app/build/aircraft_controller', 'catkin_cmake_args': None, 'catkin_skip_building_tests': False, 'cmake_args': None, 'cmake_clean_cache': False, 'cmake_clean_first': False, 'cmake_force_configure': False, 'cmake_target': None, 'cmake_target_skip_unavailable': False, 'install_base': '/app/install/aircraft_controller', 'merge_install': False, 'path': '/app/src/aircraft_controller', 'symlink_install': True, 'test_result_base': None}
[0.460s] Level 5:colcon.colcon_core.verb:set package 'vision_processor' build argument 'cmake_args' from command line to 'None'
[0.460s] Level 5:colcon.colcon_core.verb:set package 'vision_processor' build argument 'cmake_target' from command line to 'None'
[0.460s] Level 5:colcon.colcon_core.verb:set package 'vision_processor' build argument 'cmake_target_skip_unavailable' from command line to 'False'
[0.460s] Level 5:colcon.colcon_core.verb:set package 'vision_processor' build argument 'cmake_clean_cache' from command line to 'False'
[0.460s] Level 5:colcon.colcon_core.verb:set package 'vision_processor' build argument 'cmake_clean_first' from command line to 'False'
[0.460s] Level 5:colcon.colcon_core.verb:set package 'vision_processor' build argument 'cmake_force_configure' from command line to 'False'
[0.460s] Level 5:colcon.colcon_core.verb:set package 'vision_processor' build argument 'ament_cmake_args' from command line to 'None'
[0.460s] Level 5:colcon.colcon_core.verb:set package 'vision_processor' build argument 'catkin_cmake_args' from command line to 'None'
[0.460s] Level 5:colcon.colcon_core.verb:set package 'vision_processor' build argument 'catkin_skip_building_tests' from command line to 'False'
[0.460s] DEBUG:colcon.colcon_core.verb:Building package 'vision_processor' with the following arguments: {'ament_cmake_args': None, 'build_base': '/app/build/vision_processor', 'catkin_cmake_args': None, 'catkin_skip_building_tests': False, 'cmake_args': None, 'cmake_clean_cache': False, 'cmake_clean_first': False, 'cmake_force_configure': False, 'cmake_target': None, 'cmake_target_skip_unavailable': False, 'install_base': '/app/install/vision_processor', 'merge_install': False, 'path': '/app/src/vision_processor', 'symlink_install': True, 'test_result_base': None}
[0.460s] INFO:colcon.colcon_core.executor:Executing jobs using 'parallel' executor
[0.462s] DEBUG:colcon.colcon_parallel_executor.executor.parallel:run_until_complete
[0.463s] INFO:colcon.colcon_ros.task.ament_cmake.build:Building ROS package in '/app/src/aircraft_msgs' with build type 'ament_cmake'
[0.463s] INFO:colcon.colcon_cmake.task.cmake.build:Building CMake package in '/app/src/aircraft_msgs'
[0.468s] INFO:colcon.colcon_core.plugin_system:Skipping extension 'colcon_core.shell.bat': Not used on non-Windows systems
[0.469s] INFO:colcon.colcon_core.shell:Skip shell extension 'powershell' for command environment: Not usable outside of PowerShell
[0.469s] DEBUG:colcon.colcon_core.shell:Skip shell extension 'dsv' for command environment
[0.478s] INFO:colcon.colcon_ros.task.ament_cmake.build:Building ROS package in '/app/src/px4_msgs' with build type 'ament_cmake'
[0.479s] INFO:colcon.colcon_cmake.task.cmake.build:Building CMake package in '/app/src/px4_msgs'
[0.480s] INFO:colcon.colcon_core.shell:Skip shell extension 'powershell' for command environment: Not usable outside of PowerShell
[0.480s] DEBUG:colcon.colcon_core.shell:Skip shell extension 'dsv' for command environment
[0.487s] INFO:colcon.colcon_ros.task.ament_cmake.build:Building ROS package in '/app/PX4-Autopilot' with build type 'ament_cmake'
[0.488s] INFO:colcon.colcon_cmake.task.cmake.build:Building CMake package in '/app/PX4-Autopilot'
[0.489s] INFO:colcon.colcon_core.shell:Skip shell extension 'powershell' for command environment: Not usable outside of PowerShell
[0.489s] DEBUG:colcon.colcon_core.shell:Skip shell extension 'dsv' for command environment
[0.504s] DEBUG:colcon.colcon_core.event_handler.log_command:Invoking command in '/app/build/aircraft_msgs': CMAKE_PREFIX_PATH=${CMAKE_PREFIX_PATH}:/app/install/vision_processor:/app/install/aircraft_controller:/opt/ros/jazzy /usr/bin/cmake --build /app/build/aircraft_msgs -- -j20 -l20
[0.514s] DEBUG:colcon.colcon_core.event_handler.log_command:Invoking command in '/app/build/px4_msgs': CMAKE_PREFIX_PATH=${CMAKE_PREFIX_PATH}:/app/install/vision_processor:/app/install/aircraft_controller:/opt/ros/jazzy /usr/bin/cmake --build /app/build/px4_msgs -- -j20 -l20
[0.522s] DEBUG:colcon.colcon_core.event_handler.log_command:Invoking command in '/app/build/px4': CMAKE_PREFIX_PATH=${CMAKE_PREFIX_PATH}:/app/install/vision_processor:/app/install/aircraft_controller:/opt/ros/jazzy /usr/bin/cmake /app/PX4-Autopilot -DAMENT_CMAKE_SYMLINK_INSTALL=1 -DCMAKE_INSTALL_PREFIX=/app/install/px4
[1.275s] DEBUG:colcon.colcon_core.event_handler.log_command:Invoked command in '/app/build/aircraft_msgs' returned '0': CMAKE_PREFIX_PATH=${CMAKE_PREFIX_PATH}:/app/install/vision_processor:/app/install/aircraft_controller:/opt/ros/jazzy /usr/bin/cmake --build /app/build/aircraft_msgs -- -j20 -l20
[1.299s] DEBUG:colcon.colcon_core.event_handler.log_command:Invoking command in '/app/build/aircraft_msgs': CMAKE_PREFIX_PATH=${CMAKE_PREFIX_PATH}:/app/install/vision_processor:/app/install/aircraft_controller:/opt/ros/jazzy /usr/bin/cmake --install /app/build/aircraft_msgs
[1.471s] Level 1:colcon.colcon_core.environment:create_environment_scripts_only(aircraft_msgs)
[1.475s] Level 1:colcon.colcon_core.environment:checking '/app/install/aircraft_msgs' for CMake module files
[1.471s] DEBUG:colcon.colcon_core.event_handler.log_command:Invoked command in '/app/build/aircraft_msgs' returned '0': CMAKE_PREFIX_PATH=${CMAKE_PREFIX_PATH}:/app/install/vision_processor:/app/install/aircraft_controller:/opt/ros/jazzy /usr/bin/cmake --install /app/build/aircraft_msgs
[1.477s] Level 1:colcon.colcon_core.environment:checking '/app/install/aircraft_msgs' for CMake config files
[1.478s] Level 1:colcon.colcon_core.shell:create_environment_hook('aircraft_msgs', 'cmake_prefix_path')
[1.478s] INFO:colcon.colcon_core.shell:Creating environment hook '/app/install/aircraft_msgs/share/aircraft_msgs/hook/cmake_prefix_path.ps1'
[1.479s] INFO:colcon.colcon_core.shell:Creating environment descriptor '/app/install/aircraft_msgs/share/aircraft_msgs/hook/cmake_prefix_path.dsv'
[1.480s] INFO:colcon.colcon_core.shell:Creating environment hook '/app/install/aircraft_msgs/share/aircraft_msgs/hook/cmake_prefix_path.sh'
[1.483s] Level 1:colcon.colcon_core.environment:checking '/app/install/aircraft_msgs/lib'
[1.484s] Level 1:colcon.colcon_core.shell:create_environment_hook('aircraft_msgs', 'ld_library_path_lib')
[1.484s] INFO:colcon.colcon_core.shell:Creating environment hook '/app/install/aircraft_msgs/share/aircraft_msgs/hook/ld_library_path_lib.ps1'
[1.486s] INFO:colcon.colcon_core.shell:Creating environment descriptor '/app/install/aircraft_msgs/share/aircraft_msgs/hook/ld_library_path_lib.dsv'
[1.487s] INFO:colcon.colcon_core.shell:Creating environment hook '/app/install/aircraft_msgs/share/aircraft_msgs/hook/ld_library_path_lib.sh'
[1.488s] Level 1:colcon.colcon_core.environment:checking '/app/install/aircraft_msgs/bin'
[1.489s] Level 1:colcon.colcon_core.environment:checking '/app/install/aircraft_msgs/lib/pkgconfig/aircraft_msgs.pc'
[1.491s] Level 1:colcon.colcon_core.environment:checking '/app/install/aircraft_msgs/lib/python3.12/site-packages'
[1.492s] Level 1:colcon.colcon_core.shell:create_environment_hook('aircraft_msgs', 'pythonpath')
[1.492s] INFO:colcon.colcon_core.shell:Creating environment hook '/app/install/aircraft_msgs/share/aircraft_msgs/hook/pythonpath.ps1'
[1.493s] INFO:colcon.colcon_core.shell:Creating environment descriptor '/app/install/aircraft_msgs/share/aircraft_msgs/hook/pythonpath.dsv'
[1.495s] INFO:colcon.colcon_core.shell:Creating environment hook '/app/install/aircraft_msgs/share/aircraft_msgs/hook/pythonpath.sh'
[1.496s] Level 1:colcon.colcon_core.environment:checking '/app/install/aircraft_msgs/bin'
[1.497s] INFO:colcon.colcon_core.shell:Creating package script '/app/install/aircraft_msgs/share/aircraft_msgs/package.ps1'
[1.499s] INFO:colcon.colcon_core.shell:Creating package descriptor '/app/install/aircraft_msgs/share/aircraft_msgs/package.dsv'
[1.501s] INFO:colcon.colcon_core.shell:Creating package script '/app/install/aircraft_msgs/share/aircraft_msgs/package.sh'
[1.503s] INFO:colcon.colcon_core.shell:Creating package script '/app/install/aircraft_msgs/share/aircraft_msgs/package.bash'
[1.504s] INFO:colcon.colcon_core.shell:Creating package script '/app/install/aircraft_msgs/share/aircraft_msgs/package.zsh'
[1.505s] Level 1:colcon.colcon_core.environment:create_file_with_runtime_dependencies(/app/install/aircraft_msgs/share/colcon-core/packages/aircraft_msgs)
[1.508s] Level 1:colcon.colcon_core.environment:create_environment_scripts_only(aircraft_msgs)
[1.509s] Level 1:colcon.colcon_core.environment:checking '/app/install/aircraft_msgs' for CMake module files
[1.510s] Level 1:colcon.colcon_core.environment:checking '/app/install/aircraft_msgs' for CMake config files
[1.511s] Level 1:colcon.colcon_core.shell:create_environment_hook('aircraft_msgs', 'cmake_prefix_path')
[1.511s] INFO:colcon.colcon_core.shell:Creating environment hook '/app/install/aircraft_msgs/share/aircraft_msgs/hook/cmake_prefix_path.ps1'
[1.515s] INFO:colcon.colcon_core.shell:Creating environment descriptor '/app/install/aircraft_msgs/share/aircraft_msgs/hook/cmake_prefix_path.dsv'
[1.516s] INFO:colcon.colcon_core.shell:Creating environment hook '/app/install/aircraft_msgs/share/aircraft_msgs/hook/cmake_prefix_path.sh'
[1.517s] Level 1:colcon.colcon_core.environment:checking '/app/install/aircraft_msgs/lib'
[1.517s] Level 1:colcon.colcon_core.shell:create_environment_hook('aircraft_msgs', 'ld_library_path_lib')
[1.519s] INFO:colcon.colcon_core.shell:Creating environment hook '/app/install/aircraft_msgs/share/aircraft_msgs/hook/ld_library_path_lib.ps1'
[1.520s] INFO:colcon.colcon_core.shell:Creating environment descriptor '/app/install/aircraft_msgs/share/aircraft_msgs/hook/ld_library_path_lib.dsv'
[1.522s] INFO:colcon.colcon_core.shell:Creating environment hook '/app/install/aircraft_msgs/share/aircraft_msgs/hook/ld_library_path_lib.sh'
[1.523s] Level 1:colcon.colcon_core.environment:checking '/app/install/aircraft_msgs/bin'
[1.523s] Level 1:colcon.colcon_core.environment:checking '/app/install/aircraft_msgs/lib/pkgconfig/aircraft_msgs.pc'
[1.524s] Level 1:colcon.colcon_core.environment:checking '/app/install/aircraft_msgs/lib/python3.12/site-packages'
[1.524s] Level 1:colcon.colcon_core.shell:create_environment_hook('aircraft_msgs', 'pythonpath')
[1.525s] INFO:colcon.colcon_core.shell:Creating environment hook '/app/install/aircraft_msgs/share/aircraft_msgs/hook/pythonpath.ps1'
[1.526s] INFO:colcon.colcon_core.shell:Creating environment descriptor '/app/install/aircraft_msgs/share/aircraft_msgs/hook/pythonpath.dsv'
[1.527s] INFO:colcon.colcon_core.shell:Creating environment hook '/app/install/aircraft_msgs/share/aircraft_msgs/hook/pythonpath.sh'
[1.528s] Level 1:colcon.colcon_core.environment:checking '/app/install/aircraft_msgs/bin'
[1.529s] INFO:colcon.colcon_core.shell:Creating package script '/app/install/aircraft_msgs/share/aircraft_msgs/package.ps1'
[1.530s] INFO:colcon.colcon_core.shell:Creating package descriptor '/app/install/aircraft_msgs/share/aircraft_msgs/package.dsv'
[1.532s] INFO:colcon.colcon_core.shell:Creating package script '/app/install/aircraft_msgs/share/aircraft_msgs/package.sh'
[1.533s] INFO:colcon.colcon_core.shell:Creating package script '/app/install/aircraft_msgs/share/aircraft_msgs/package.bash'
[1.535s] INFO:colcon.colcon_core.shell:Creating package script '/app/install/aircraft_msgs/share/aircraft_msgs/package.zsh'
[1.536s] Level 1:colcon.colcon_core.environment:create_file_with_runtime_dependencies(/app/install/aircraft_msgs/share/colcon-core/packages/aircraft_msgs)
[1.538s] INFO:colcon.colcon_ros.task.ament_python.build:Building ROS package in '/app/src/vision_processor' with build type 'ament_python'
[1.538s] Level 1:colcon.colcon_core.shell:create_environment_hook('vision_processor', 'ament_prefix_path')
[1.538s] INFO:colcon.colcon_core.shell:Creating environment hook '/app/install/vision_processor/share/vision_processor/hook/ament_prefix_path.ps1'
[1.540s] INFO:colcon.colcon_core.shell:Creating environment descriptor '/app/install/vision_processor/share/vision_processor/hook/ament_prefix_path.dsv'
[1.541s] INFO:colcon.colcon_core.shell:Creating environment hook '/app/install/vision_processor/share/vision_processor/hook/ament_prefix_path.sh'
[1.543s] INFO:colcon.colcon_core.shell:Skip shell extension 'powershell' for command environment: Not usable outside of PowerShell
[1.543s] DEBUG:colcon.colcon_core.shell:Skip shell extension 'dsv' for command environment
[1.921s] INFO:colcon.colcon_core.task.python.build:Building Python package in '/app/src/vision_processor'
[1.921s] INFO:colcon.colcon_core.shell:Skip shell extension 'powershell' for command environment: Not usable outside of PowerShell
[1.921s] DEBUG:colcon.colcon_core.shell:Skip shell extension 'dsv' for command environment
[2.852s] DEBUG:colcon.colcon_core.event_handler.log_command:Invoking command in '/app/build/vision_processor': CMAKE_PREFIX_PATH=/app/install/aircraft_msgs:/app/install/px4_msgs:/opt/ros/jazzy/opt/gz_math_vendor:/opt/ros/jazzy/opt/gz_utils_vendor:/opt/ros/jazzy/opt/gz_cmake_vendor LD_LIBRARY_PATH=/app/install/aircraft_msgs/lib:/app/install/px4_msgs/lib:/opt/ros/jazzy/opt/rviz_ogre_vendor/lib:/opt/ros/jazzy/lib/x86_64-linux-gnu:/opt/ros/jazzy/opt/gz_math_vendor/lib:/opt/ros/jazzy/opt/gz_utils_vendor/lib:/opt/ros/jazzy/opt/gz_cmake_vendor/lib:/opt/ros/jazzy/lib:/usr/local/nvidia/lib:/usr/local/nvidia/lib64:/usr/local/cuda/lib64 PYTHONPATH=/app/build/vision_processor/prefix_override:/usr/lib/python3/dist-packages/colcon_core/task/python/colcon_distutils_commands:/app/install/vision_processor/lib/python3.12/site-packages:/app/install/aircraft_msgs/lib/python3.12/site-packages:/app/build/vision_processor:/app/install/vision_processor/lib/python3.12/site-packages:/app/build/aircraft_controller:/app/install/aircraft_controller/lib/python3.12/site-packages:/app/install/px4_msgs/lib/python3.12/site-packages:/opt/ros/jazzy/lib/python3.12/site-packages /usr/bin/python3 -W ignore:setup.py install is deprecated -W ignore:easy_install command is deprecated setup.py develop --editable --build-directory /app/build/vision_processor/build --no-deps symlink_data
[3.709s] DEBUG:colcon.colcon_core.event_handler.log_command:Invoked command in '/app/build/px4_msgs' returned '0': CMAKE_PREFIX_PATH=${CMAKE_PREFIX_PATH}:/app/install/vision_processor:/app/install/aircraft_controller:/opt/ros/jazzy /usr/bin/cmake --build /app/build/px4_msgs -- -j20 -l20
[3.711s] DEBUG:colcon.colcon_core.event_handler.log_command:Invoking command in '/app/build/px4_msgs': CMAKE_PREFIX_PATH=${CMAKE_PREFIX_PATH}:/app/install/vision_processor:/app/install/aircraft_controller:/opt/ros/jazzy /usr/bin/cmake --install /app/build/px4_msgs
[3.860s] Level 1:colcon.colcon_core.shell:create_environment_hook('vision_processor', 'pythonpath_develop')
[3.860s] INFO:colcon.colcon_core.shell:Creating environment hook '/app/build/vision_processor/share/vision_processor/hook/pythonpath_develop.ps1'
[3.862s] INFO:colcon.colcon_core.shell:Creating environment descriptor '/app/build/vision_processor/share/vision_processor/hook/pythonpath_develop.dsv'
[3.868s] INFO:colcon.colcon_core.shell:Creating environment hook '/app/build/vision_processor/share/vision_processor/hook/pythonpath_develop.sh'
[3.871s] Level 1:colcon.colcon_core.environment:checking '/app/install/vision_processor' for CMake module files
[3.874s] Level 1:colcon.colcon_core.environment:checking '/app/install/vision_processor' for CMake config files
[3.875s] Level 1:colcon.colcon_core.environment:checking '/app/install/vision_processor/lib'
[3.875s] Level 1:colcon.colcon_core.environment:checking '/app/install/vision_processor/bin'
[3.875s] Level 1:colcon.colcon_core.environment:checking '/app/install/vision_processor/lib/pkgconfig/vision_processor.pc'
[3.876s] Level 1:colcon.colcon_core.environment:checking '/app/install/vision_processor/lib/python3.12/site-packages'
[3.876s] Level 1:colcon.colcon_core.shell:create_environment_hook('vision_processor', 'pythonpath')
[3.876s] INFO:colcon.colcon_core.shell:Creating environment hook '/app/install/vision_processor/share/vision_processor/hook/pythonpath.ps1'
[3.877s] INFO:colcon.colcon_core.shell:Creating environment descriptor '/app/install/vision_processor/share/vision_processor/hook/pythonpath.dsv'
[3.878s] INFO:colcon.colcon_core.shell:Creating environment hook '/app/install/vision_processor/share/vision_processor/hook/pythonpath.sh'
[3.880s] Level 1:colcon.colcon_core.environment:checking '/app/install/vision_processor/bin'
[3.881s] Level 1:colcon.colcon_core.environment:create_environment_scripts_only(vision_processor)
[3.881s] INFO:colcon.colcon_core.shell:Creating package script '/app/install/vision_processor/share/vision_processor/package.ps1'
[3.884s] INFO:colcon.colcon_core.shell:Creating package descriptor '/app/install/vision_processor/share/vision_processor/package.dsv'
[3.884s] INFO:colcon.colcon_core.shell:Creating package script '/app/install/vision_processor/share/vision_processor/package.sh'
[3.886s] INFO:colcon.colcon_core.shell:Creating package script '/app/install/vision_processor/share/vision_processor/package.bash'
[3.887s] INFO:colcon.colcon_core.shell:Creating package script '/app/install/vision_processor/share/vision_processor/package.zsh'
[3.889s] Level 1:colcon.colcon_core.environment:create_file_with_runtime_dependencies(/app/install/vision_processor/share/colcon-core/packages/vision_processor)
[3.891s] DEBUG:colcon.colcon_core.event_handler.log_command:Invoked command in '/app/build/vision_processor' returned '0': CMAKE_PREFIX_PATH=/app/install/aircraft_msgs:/app/install/px4_msgs:/opt/ros/jazzy/opt/gz_math_vendor:/opt/ros/jazzy/opt/gz_utils_vendor:/opt/ros/jazzy/opt/gz_cmake_vendor LD_LIBRARY_PATH=/app/install/aircraft_msgs/lib:/app/install/px4_msgs/lib:/opt/ros/jazzy/opt/rviz_ogre_vendor/lib:/opt/ros/jazzy/lib/x86_64-linux-gnu:/opt/ros/jazzy/opt/gz_math_vendor/lib:/opt/ros/jazzy/opt/gz_utils_vendor/lib:/opt/ros/jazzy/opt/gz_cmake_vendor/lib:/opt/ros/jazzy/lib:/usr/local/nvidia/lib:/usr/local/nvidia/lib64:/usr/local/cuda/lib64 PYTHONPATH=/app/build/vision_processor/prefix_override:/usr/lib/python3/dist-packages/colcon_core/task/python/colcon_distutils_commands:/app/install/vision_processor/lib/python3.12/site-packages:/app/install/aircraft_msgs/lib/python3.12/site-packages:/app/build/vision_processor:/app/install/vision_processor/lib/python3.12/site-packages:/app/build/aircraft_controller:/app/install/aircraft_controller/lib/python3.12/site-packages:/app/install/px4_msgs/lib/python3.12/site-packages:/opt/ros/jazzy/lib/python3.12/site-packages /usr/bin/python3 -W ignore:setup.py install is deprecated -W ignore:easy_install command is deprecated setup.py develop --editable --build-directory /app/build/vision_processor/build --no-deps symlink_data
[4.537s] Level 1:colcon.colcon_core.environment:create_environment_scripts_only(px4_msgs)
[4.537s] Level 1:colcon.colcon_core.environment:checking '/app/install/px4_msgs' for CMake module files
[4.539s] Level 1:colcon.colcon_core.environment:checking '/app/install/px4_msgs' for CMake config files
[4.540s] DEBUG:colcon.colcon_core.event_handler.log_command:Invoked command in '/app/build/px4_msgs' returned '0': CMAKE_PREFIX_PATH=${CMAKE_PREFIX_PATH}:/app/install/vision_processor:/app/install/aircraft_controller:/opt/ros/jazzy /usr/bin/cmake --install /app/build/px4_msgs
[4.545s] Level 1:colcon.colcon_core.shell:create_environment_hook('px4_msgs', 'cmake_prefix_path')
[4.545s] INFO:colcon.colcon_core.shell:Creating environment hook '/app/install/px4_msgs/share/px4_msgs/hook/cmake_prefix_path.ps1'
[4.546s] INFO:colcon.colcon_core.shell:Creating environment descriptor '/app/install/px4_msgs/share/px4_msgs/hook/cmake_prefix_path.dsv'
[4.546s] INFO:colcon.colcon_core.shell:Creating environment hook '/app/install/px4_msgs/share/px4_msgs/hook/cmake_prefix_path.sh'
[4.547s] Level 1:colcon.colcon_core.environment:checking '/app/install/px4_msgs/lib'
[4.547s] Level 1:colcon.colcon_core.shell:create_environment_hook('px4_msgs', 'ld_library_path_lib')
[4.548s] INFO:colcon.colcon_core.shell:Creating environment hook '/app/install/px4_msgs/share/px4_msgs/hook/ld_library_path_lib.ps1'
[4.548s] INFO:colcon.colcon_core.shell:Creating environment descriptor '/app/install/px4_msgs/share/px4_msgs/hook/ld_library_path_lib.dsv'
[4.549s] INFO:colcon.colcon_core.shell:Creating environment hook '/app/install/px4_msgs/share/px4_msgs/hook/ld_library_path_lib.sh'
[4.549s] Level 1:colcon.colcon_core.environment:checking '/app/install/px4_msgs/bin'
[4.549s] Level 1:colcon.colcon_core.environment:checking '/app/install/px4_msgs/lib/pkgconfig/px4_msgs.pc'
[4.550s] Level 1:colcon.colcon_core.environment:checking '/app/install/px4_msgs/lib/python3.12/site-packages'
[4.550s] Level 1:colcon.colcon_core.shell:create_environment_hook('px4_msgs', 'pythonpath')
[4.550s] INFO:colcon.colcon_core.shell:Creating environment hook '/app/install/px4_msgs/share/px4_msgs/hook/pythonpath.ps1'
[4.551s] INFO:colcon.colcon_core.shell:Creating environment descriptor '/app/install/px4_msgs/share/px4_msgs/hook/pythonpath.dsv'
[4.551s] INFO:colcon.colcon_core.shell:Creating environment hook '/app/install/px4_msgs/share/px4_msgs/hook/pythonpath.sh'
[4.555s] Level 1:colcon.colcon_core.environment:checking '/app/install/px4_msgs/bin'
[4.556s] INFO:colcon.colcon_core.shell:Creating package script '/app/install/px4_msgs/share/px4_msgs/package.ps1'
[4.558s] INFO:colcon.colcon_core.shell:Creating package descriptor '/app/install/px4_msgs/share/px4_msgs/package.dsv'
[4.559s] INFO:colcon.colcon_core.shell:Creating package script '/app/install/px4_msgs/share/px4_msgs/package.sh'
[4.560s] INFO:colcon.colcon_core.shell:Creating package script '/app/install/px4_msgs/share/px4_msgs/package.bash'
[4.560s] INFO:colcon.colcon_core.shell:Creating package script '/app/install/px4_msgs/share/px4_msgs/package.zsh'
[4.560s] Level 1:colcon.colcon_core.environment:create_file_with_runtime_dependencies(/app/install/px4_msgs/share/colcon-core/packages/px4_msgs)
[4.561s] Level 1:colcon.colcon_core.environment:create_environment_scripts_only(px4_msgs)
[4.562s] Level 1:colcon.colcon_core.environment:checking '/app/install/px4_msgs' for CMake module files
[4.563s] Level 1:colcon.colcon_core.environment:checking '/app/install/px4_msgs' for CMake config files
[4.567s] Level 1:colcon.colcon_core.shell:create_environment_hook('px4_msgs', 'cmake_prefix_path')
[4.568s] INFO:colcon.colcon_core.shell:Creating environment hook '/app/install/px4_msgs/share/px4_msgs/hook/cmake_prefix_path.ps1'
[4.569s] INFO:colcon.colcon_core.shell:Creating environment descriptor '/app/install/px4_msgs/share/px4_msgs/hook/cmake_prefix_path.dsv'
[4.571s] INFO:colcon.colcon_core.shell:Creating environment hook '/app/install/px4_msgs/share/px4_msgs/hook/cmake_prefix_path.sh'
[4.572s] Level 1:colcon.colcon_core.environment:checking '/app/install/px4_msgs/lib'
[4.572s] Level 1:colcon.colcon_core.shell:create_environment_hook('px4_msgs', 'ld_library_path_lib')
[4.572s] INFO:colcon.colcon_core.shell:Creating environment hook '/app/install/px4_msgs/share/px4_msgs/hook/ld_library_path_lib.ps1'
[4.573s] INFO:colcon.colcon_core.shell:Creating environment descriptor '/app/install/px4_msgs/share/px4_msgs/hook/ld_library_path_lib.dsv'
[4.574s] INFO:colcon.colcon_core.shell:Creating environment hook '/app/install/px4_msgs/share/px4_msgs/hook/ld_library_path_lib.sh'
[4.574s] Level 1:colcon.colcon_core.environment:checking '/app/install/px4_msgs/bin'
[4.574s] Level 1:colcon.colcon_core.environment:checking '/app/install/px4_msgs/lib/pkgconfig/px4_msgs.pc'
[4.575s] Level 1:colcon.colcon_core.environment:checking '/app/install/px4_msgs/lib/python3.12/site-packages'
[4.575s] Level 1:colcon.colcon_core.shell:create_environment_hook('px4_msgs', 'pythonpath')
[4.575s] INFO:colcon.colcon_core.shell:Creating environment hook '/app/install/px4_msgs/share/px4_msgs/hook/pythonpath.ps1'
[4.576s] INFO:colcon.colcon_core.shell:Creating environment descriptor '/app/install/px4_msgs/share/px4_msgs/hook/pythonpath.dsv'
[4.577s] INFO:colcon.colcon_core.shell:Creating environment hook '/app/install/px4_msgs/share/px4_msgs/hook/pythonpath.sh'
[4.578s] Level 1:colcon.colcon_core.environment:checking '/app/install/px4_msgs/bin'
[4.578s] INFO:colcon.colcon_core.shell:Creating package script '/app/install/px4_msgs/share/px4_msgs/package.ps1'
[4.579s] INFO:colcon.colcon_core.shell:Creating package descriptor '/app/install/px4_msgs/share/px4_msgs/package.dsv'
[4.580s] INFO:colcon.colcon_core.shell:Creating package script '/app/install/px4_msgs/share/px4_msgs/package.sh'
[4.581s] INFO:colcon.colcon_core.shell:Creating package script '/app/install/px4_msgs/share/px4_msgs/package.bash'
[4.581s] INFO:colcon.colcon_core.shell:Creating package script '/app/install/px4_msgs/share/px4_msgs/package.zsh'
[4.582s] Level 1:colcon.colcon_core.environment:create_file_with_runtime_dependencies(/app/install/px4_msgs/share/colcon-core/packages/px4_msgs)
[4.584s] INFO:colcon.colcon_ros.task.ament_python.build:Building ROS package in '/app/src/aircraft_controller' with build type 'ament_python'
[4.585s] Level 1:colcon.colcon_core.shell:create_environment_hook('aircraft_controller', 'ament_prefix_path')
[4.585s] INFO:colcon.colcon_core.shell:Creating environment hook '/app/install/aircraft_controller/share/aircraft_controller/hook/ament_prefix_path.ps1'
[4.585s] INFO:colcon.colcon_core.shell:Creating environment descriptor '/app/install/aircraft_controller/share/aircraft_controller/hook/ament_prefix_path.dsv'
[4.588s] INFO:colcon.colcon_core.shell:Creating environment hook '/app/install/aircraft_controller/share/aircraft_controller/hook/ament_prefix_path.sh'
[4.590s] INFO:colcon.colcon_core.shell:Skip shell extension 'powershell' for command environment: Not usable outside of PowerShell
[4.590s] DEBUG:colcon.colcon_core.shell:Skip shell extension 'dsv' for command environment
[5.039s] INFO:colcon.colcon_core.task.python.build:Building Python package in '/app/src/aircraft_controller'
[5.040s] INFO:colcon.colcon_core.shell:Skip shell extension 'powershell' for command environment: Not usable outside of PowerShell
[5.040s] DEBUG:colcon.colcon_core.shell:Skip shell extension 'dsv' for command environment
[6.129s] DEBUG:colcon.colcon_core.event_handler.log_command:Invoking command in '/app/build/aircraft_controller': PYTHONPATH=/app/build/aircraft_controller/prefix_override:/usr/lib/python3/dist-packages/colcon_core/task/python/colcon_distutils_commands:/app/install/aircraft_controller/lib/python3.12/site-packages:/app/install/px4_msgs/lib/python3.12/site-packages:/app/install/aircraft_msgs/lib/python3.12/site-packages:/app/build/vision_processor:/app/install/vision_processor/lib/python3.12/site-packages:/app/build/aircraft_controller:/app/install/aircraft_controller/lib/python3.12/site-packages:/opt/ros/jazzy/lib/python3.12/site-packages /usr/bin/python3 -W ignore:setup.py install is deprecated -W ignore:easy_install command is deprecated setup.py develop --editable --build-directory /app/build/aircraft_controller/build --no-deps symlink_data
[7.329s] Level 1:colcon.colcon_core.shell:create_environment_hook('aircraft_controller', 'pythonpath_develop')
[7.330s] INFO:colcon.colcon_core.shell:Creating environment hook '/app/build/aircraft_controller/share/aircraft_controller/hook/pythonpath_develop.ps1'
[7.330s] DEBUG:colcon.colcon_core.event_handler.log_command:Invoked command in '/app/build/aircraft_controller' returned '0': PYTHONPATH=/app/build/aircraft_controller/prefix_override:/usr/lib/python3/dist-packages/colcon_core/task/python/colcon_distutils_commands:/app/install/aircraft_controller/lib/python3.12/site-packages:/app/install/px4_msgs/lib/python3.12/site-packages:/app/install/aircraft_msgs/lib/python3.12/site-packages:/app/build/vision_processor:/app/install/vision_processor/lib/python3.12/site-packages:/app/build/aircraft_controller:/app/install/aircraft_controller/lib/python3.12/site-packages:/opt/ros/jazzy/lib/python3.12/site-packages /usr/bin/python3 -W ignore:setup.py install is deprecated -W ignore:easy_install command is deprecated setup.py develop --editable --build-directory /app/build/aircraft_controller/build --no-deps symlink_data
[7.332s] INFO:colcon.colcon_core.shell:Creating environment descriptor '/app/build/aircraft_controller/share/aircraft_controller/hook/pythonpath_develop.dsv'
[7.333s] INFO:colcon.colcon_core.shell:Creating environment hook '/app/build/aircraft_controller/share/aircraft_controller/hook/pythonpath_develop.sh'
[7.335s] Level 1:colcon.colcon_core.environment:checking '/app/install/aircraft_controller' for CMake module files
[7.336s] Level 1:colcon.colcon_core.environment:checking '/app/install/aircraft_controller' for CMake config files
[7.337s] Level 1:colcon.colcon_core.environment:checking '/app/install/aircraft_controller/lib'
[7.338s] Level 1:colcon.colcon_core.environment:checking '/app/install/aircraft_controller/bin'
[7.338s] Level 1:colcon.colcon_core.environment:checking '/app/install/aircraft_controller/lib/pkgconfig/aircraft_controller.pc'
[7.339s] Level 1:colcon.colcon_core.environment:checking '/app/install/aircraft_controller/lib/python3.12/site-packages'
[7.339s] Level 1:colcon.colcon_core.shell:create_environment_hook('aircraft_controller', 'pythonpath')
[7.340s] INFO:colcon.colcon_core.shell:Creating environment hook '/app/install/aircraft_controller/share/aircraft_controller/hook/pythonpath.ps1'
[7.341s] INFO:colcon.colcon_core.shell:Creating environment descriptor '/app/install/aircraft_controller/share/aircraft_controller/hook/pythonpath.dsv'
[7.343s] INFO:colcon.colcon_core.shell:Creating environment hook '/app/install/aircraft_controller/share/aircraft_controller/hook/pythonpath.sh'
[7.344s] Level 1:colcon.colcon_core.environment:checking '/app/install/aircraft_controller/bin'
[7.344s] Level 1:colcon.colcon_core.environment:create_environment_scripts_only(aircraft_controller)
[7.345s] INFO:colcon.colcon_core.shell:Creating package script '/app/install/aircraft_controller/share/aircraft_controller/package.ps1'
[7.346s] INFO:colcon.colcon_core.shell:Creating package descriptor '/app/install/aircraft_controller/share/aircraft_controller/package.dsv'
[7.347s] INFO:colcon.colcon_core.shell:Creating package script '/app/install/aircraft_controller/share/aircraft_controller/package.sh'
[7.348s] INFO:colcon.colcon_core.shell:Creating package script '/app/install/aircraft_controller/share/aircraft_controller/package.bash'
[7.349s] INFO:colcon.colcon_core.shell:Creating package script '/app/install/aircraft_controller/share/aircraft_controller/package.zsh'
[7.350s] Level 1:colcon.colcon_core.environment:create_file_with_runtime_dependencies(/app/install/aircraft_controller/share/colcon-core/packages/aircraft_controller)
[9.913s] DEBUG:colcon.colcon_core.event_handler.log_command:Invoked command in '/app/build/px4' returned '1': CMAKE_PREFIX_PATH=${CMAKE_PREFIX_PATH}:/app/install/vision_processor:/app/install/aircraft_controller:/opt/ros/jazzy /usr/bin/cmake /app/PX4-Autopilot -DAMENT_CMAKE_SYMLINK_INSTALL=1 -DCMAKE_INSTALL_PREFIX=/app/install/px4
[9.934s] Level 1:colcon.colcon_core.environment:create_environment_scripts_only(px4)
[9.934s] Level 1:colcon.colcon_core.environment:checking '/app/install/px4' for CMake module files
[9.935s] Level 1:colcon.colcon_core.environment:checking '/app/install/px4' for CMake config files
[9.935s] Level 1:colcon.colcon_core.environment:checking '/app/install/px4/bin'
[9.935s] Level 1:colcon.colcon_core.environment:checking '/app/install/px4/lib/pkgconfig/px4.pc'
[9.936s] Level 1:colcon.colcon_core.environment:checking '/app/install/px4/lib/python3.12/site-packages'
[9.936s] Level 1:colcon.colcon_core.environment:checking '/app/install/px4/bin'
[9.937s] INFO:colcon.colcon_core.shell:Creating package script '/app/install/px4/share/px4/package.ps1'
[9.938s] INFO:colcon.colcon_core.shell:Creating package descriptor '/app/install/px4/share/px4/package.dsv'
[9.938s] INFO:colcon.colcon_core.shell:Creating package script '/app/install/px4/share/px4/package.sh'
[9.939s] INFO:colcon.colcon_core.shell:Creating package script '/app/install/px4/share/px4/package.bash'
[9.939s] INFO:colcon.colcon_core.shell:Creating package script '/app/install/px4/share/px4/package.zsh'
[9.940s] Level 1:colcon.colcon_core.environment:create_file_with_runtime_dependencies(/app/install/px4/share/colcon-core/packages/px4)
[9.950s] DEBUG:colcon.colcon_parallel_executor.executor.parallel:closing loop
[9.950s] DEBUG:colcon.colcon_parallel_executor.executor.parallel:loop closed
[9.951s] DEBUG:colcon.colcon_parallel_executor.executor.parallel:run_until_complete finished with '1'
[9.951s] DEBUG:colcon.colcon_core.event_reactor:joining thread
[9.967s] INFO:colcon.colcon_core.plugin_system:Skipping extension 'colcon_notification.desktop_notification.notify_send': Could not find 'notify-send'
[9.967s] INFO:colcon.colcon_core.plugin_system:Skipping extension 'colcon_notification.desktop_notification.terminal_notifier': Not used on non-Darwin systems
[9.968s] INFO:colcon.colcon_core.plugin_system:Skipping extension 'colcon_notification.desktop_notification.win32': Not used on non-Windows systems
[9.968s] INFO:colcon.colcon_notification.desktop_notification:Sending desktop notification using 'notify2'
[9.973s] DEBUG:colcon.colcon_notification.desktop_notification.notify2:Failed to initialize notify2: org.freedesktop.DBus.Error.Spawn.ExecFailed: /usr/bin/dbus-launch terminated abnormally without any error message
[9.974s] DEBUG:colcon.colcon_core.event_reactor:joined thread
[9.974s] INFO:colcon.colcon_core.shell:Creating prefix script '/app/install/local_setup.ps1'
[9.976s] INFO:colcon.colcon_core.shell:Creating prefix util module '/app/install/_local_setup_util_ps1.py'
[9.977s] INFO:colcon.colcon_core.shell:Creating prefix chain script '/app/install/setup.ps1'
[9.979s] INFO:colcon.colcon_core.shell:Creating prefix script '/app/install/local_setup.sh'
[9.980s] INFO:colcon.colcon_core.shell:Creating prefix util module '/app/install/_local_setup_util_sh.py'
[9.982s] INFO:colcon.colcon_core.shell:Creating prefix chain script '/app/install/setup.sh'
[9.983s] INFO:colcon.colcon_core.shell:Creating prefix script '/app/install/local_setup.bash'
[9.984s] INFO:colcon.colcon_core.shell:Creating prefix chain script '/app/install/setup.bash'
[9.985s] INFO:colcon.colcon_core.shell:Creating prefix script '/app/install/local_setup.zsh'
[9.986s] INFO:colcon.colcon_core.shell:Creating prefix chain script '/app/install/setup.zsh'
